[0.358s] Invoking command in '/home/etri/bt_tutorials/build/py_trees_ros_viewer': PYTHONPATH=/home/etri/bt_tutorials/build/py_trees_ros_viewer/prefix_override:/usr/lib/python3/dist-packages/colcon_core/task/python/colcon_distutils_commands:/home/etri/bt_tutorials/install/py_trees_ros_viewer/lib/python3.10/site-packages: /usr/bin/python3 -W ignore:setup.py install is deprecated -W ignore:easy_install command is deprecated setup.py develop --uninstall --editable --build-directory /home/etri/bt_tutorials/build/py_trees_ros_viewer/build
[0.371s] /home/etri/bt_tutorials/build/py_trees_ros_viewer/setup.py:5: DeprecationWarning: The distutils package is deprecated and slated for removal in Python 3.12. Use setuptools or check PEP 632 for potential alternatives
[0.371s]   from distutils import log
[0.474s] running develop
[0.540s] Removing /home/etri/bt_tutorials/install/py_trees_ros_viewer/lib/python3.10/site-packages/py-trees-ros-viewer.egg-link (link to .)
[0.554s] Invoked command in '/home/etri/bt_tutorials/build/py_trees_ros_viewer' returned '0': PYTHONPATH=/home/etri/bt_tutorials/build/py_trees_ros_viewer/prefix_override:/usr/lib/python3/dist-packages/colcon_core/task/python/colcon_distutils_commands:/home/etri/bt_tutorials/install/py_trees_ros_viewer/lib/python3.10/site-packages: /usr/bin/python3 -W ignore:setup.py install is deprecated -W ignore:easy_install command is deprecated setup.py develop --uninstall --editable --build-directory /home/etri/bt_tutorials/build/py_trees_ros_viewer/build
[0.555s] Invoking command in '/home/etri/bt_tutorials/src/py_trees_ros_viewer': PYTHONPATH=/home/etri/bt_tutorials/build/py_trees_ros_viewer/prefix_override:/usr/lib/python3/dist-packages/colcon_core/task/python/colcon_distutils_commands:/home/etri/bt_tutorials/install/py_trees_ros_viewer/lib/python3.10/site-packages: /usr/bin/python3 -W ignore:setup.py install is deprecated -W ignore:easy_install command is deprecated setup.py egg_info --egg-base ../../build/py_trees_ros_viewer build --build-base /home/etri/bt_tutorials/build/py_trees_ros_viewer/build install --record /home/etri/bt_tutorials/build/py_trees_ros_viewer/install.log --single-version-externally-managed install_data --force
[0.570s] /home/etri/bt_tutorials/src/py_trees_ros_viewer/setup.py:5: DeprecationWarning: The distutils package is deprecated and slated for removal in Python 3.12. Use setuptools or check PEP 632 for potential alternatives
[0.570s]   from distutils import log
[0.671s] running egg_info
[0.671s] writing ../../build/py_trees_ros_viewer/py_trees_ros_viewer.egg-info/PKG-INFO
[0.671s] writing dependency_links to ../../build/py_trees_ros_viewer/py_trees_ros_viewer.egg-info/dependency_links.txt
[0.672s] writing entry points to ../../build/py_trees_ros_viewer/py_trees_ros_viewer.egg-info/entry_points.txt
[0.672s] writing top-level names to ../../build/py_trees_ros_viewer/py_trees_ros_viewer.egg-info/top_level.txt
[0.673s] reading manifest file '../../build/py_trees_ros_viewer/py_trees_ros_viewer.egg-info/SOURCES.txt'
[0.681s] adding license file 'LICENSE'
[0.681s] writing manifest file '../../build/py_trees_ros_viewer/py_trees_ros_viewer.egg-info/SOURCES.txt'
[0.681s] running build
[0.681s] running build_py
[0.682s] running install
[0.682s] running install_lib
[0.682s] creating /home/etri/bt_tutorials/install/py_trees_ros_viewer/lib/python3.10/site-packages/py_trees_ros_viewer
[0.683s] copying /home/etri/bt_tutorials/build/py_trees_ros_viewer/build/lib/py_trees_ros_viewer/viewer.py -> /home/etri/bt_tutorials/install/py_trees_ros_viewer/lib/python3.10/site-packages/py_trees_ros_viewer
[0.683s] copying /home/etri/bt_tutorials/build/py_trees_ros_viewer/build/lib/py_trees_ros_viewer/exceptions.py -> /home/etri/bt_tutorials/install/py_trees_ros_viewer/lib/python3.10/site-packages/py_trees_ros_viewer
[0.683s] creating /home/etri/bt_tutorials/install/py_trees_ros_viewer/lib/python3.10/site-packages/py_trees_ros_viewer/html
[0.683s] copying /home/etri/bt_tutorials/build/py_trees_ros_viewer/build/lib/py_trees_ros_viewer/html/index.html -> /home/etri/bt_tutorials/install/py_trees_ros_viewer/lib/python3.10/site-packages/py_trees_ros_viewer/html
[0.683s] copying /home/etri/bt_tutorials/build/py_trees_ros_viewer/build/lib/py_trees_ros_viewer/__init__.py -> /home/etri/bt_tutorials/install/py_trees_ros_viewer/lib/python3.10/site-packages/py_trees_ros_viewer
[0.683s] creating /home/etri/bt_tutorials/install/py_trees_ros_viewer/lib/python3.10/site-packages/py_trees_ros_viewer/images
[0.683s] copying /home/etri/bt_tutorials/build/py_trees_ros_viewer/build/lib/py_trees_ros_viewer/images/tuxrobot.png -> /home/etri/bt_tutorials/install/py_trees_ros_viewer/lib/python3.10/site-packages/py_trees_ros_viewer/images
[0.683s] copying /home/etri/bt_tutorials/build/py_trees_ros_viewer/build/lib/py_trees_ros_viewer/web_view_ui.py -> /home/etri/bt_tutorials/install/py_trees_ros_viewer/lib/python3.10/site-packages/py_trees_ros_viewer
[0.683s] copying /home/etri/bt_tutorials/build/py_trees_ros_viewer/build/lib/py_trees_ros_viewer/web_view.py -> /home/etri/bt_tutorials/install/py_trees_ros_viewer/lib/python3.10/site-packages/py_trees_ros_viewer
[0.683s] copying /home/etri/bt_tutorials/build/py_trees_ros_viewer/build/lib/py_trees_ros_viewer/web_app_rc.py -> /home/etri/bt_tutorials/install/py_trees_ros_viewer/lib/python3.10/site-packages/py_trees_ros_viewer
[0.683s] copying /home/etri/bt_tutorials/build/py_trees_ros_viewer/build/lib/py_trees_ros_viewer/conversions.py -> /home/etri/bt_tutorials/install/py_trees_ros_viewer/lib/python3.10/site-packages/py_trees_ros_viewer
[0.683s] copying /home/etri/bt_tutorials/build/py_trees_ros_viewer/build/lib/py_trees_ros_viewer/console.py -> /home/etri/bt_tutorials/install/py_trees_ros_viewer/lib/python3.10/site-packages/py_trees_ros_viewer
[0.683s] copying /home/etri/bt_tutorials/build/py_trees_ros_viewer/build/lib/py_trees_ros_viewer/main_window.ui -> /home/etri/bt_tutorials/install/py_trees_ros_viewer/lib/python3.10/site-packages/py_trees_ros_viewer
[0.684s] copying /home/etri/bt_tutorials/build/py_trees_ros_viewer/build/lib/py_trees_ros_viewer/backend.py -> /home/etri/bt_tutorials/install/py_trees_ros_viewer/lib/python3.10/site-packages/py_trees_ros_viewer
[0.684s] copying /home/etri/bt_tutorials/build/py_trees_ros_viewer/build/lib/py_trees_ros_viewer/images_rc.py -> /home/etri/bt_tutorials/install/py_trees_ros_viewer/lib/python3.10/site-packages/py_trees_ros_viewer
[0.684s] copying /home/etri/bt_tutorials/build/py_trees_ros_viewer/build/lib/py_trees_ros_viewer/main_window_ui.py -> /home/etri/bt_tutorials/install/py_trees_ros_viewer/lib/python3.10/site-packages/py_trees_ros_viewer
[0.684s] copying /home/etri/bt_tutorials/build/py_trees_ros_viewer/build/lib/py_trees_ros_viewer/web_view.ui -> /home/etri/bt_tutorials/install/py_trees_ros_viewer/lib/python3.10/site-packages/py_trees_ros_viewer
[0.684s] copying /home/etri/bt_tutorials/build/py_trees_ros_viewer/build/lib/py_trees_ros_viewer/utilities.py -> /home/etri/bt_tutorials/install/py_trees_ros_viewer/lib/python3.10/site-packages/py_trees_ros_viewer
[0.684s] copying /home/etri/bt_tutorials/build/py_trees_ros_viewer/build/lib/py_trees_ros_viewer/main_window.py -> /home/etri/bt_tutorials/install/py_trees_ros_viewer/lib/python3.10/site-packages/py_trees_ros_viewer
[0.684s] byte-compiling /home/etri/bt_tutorials/install/py_trees_ros_viewer/lib/python3.10/site-packages/py_trees_ros_viewer/viewer.py to viewer.cpython-310.pyc
[0.685s] byte-compiling /home/etri/bt_tutorials/install/py_trees_ros_viewer/lib/python3.10/site-packages/py_trees_ros_viewer/exceptions.py to exceptions.cpython-310.pyc
[0.685s] byte-compiling /home/etri/bt_tutorials/install/py_trees_ros_viewer/lib/python3.10/site-packages/py_trees_ros_viewer/__init__.py to __init__.cpython-310.pyc
[0.685s] byte-compiling /home/etri/bt_tutorials/install/py_trees_ros_viewer/lib/python3.10/site-packages/py_trees_ros_viewer/web_view_ui.py to web_view_ui.cpython-310.pyc
[0.685s] byte-compiling /home/etri/bt_tutorials/install/py_trees_ros_viewer/lib/python3.10/site-packages/py_trees_ros_viewer/web_view.py to web_view.cpython-310.pyc
[0.686s] byte-compiling /home/etri/bt_tutorials/install/py_trees_ros_viewer/lib/python3.10/site-packages/py_trees_ros_viewer/web_app_rc.py to web_app_rc.cpython-310.pyc
[0.686s] byte-compiling /home/etri/bt_tutorials/install/py_trees_ros_viewer/lib/python3.10/site-packages/py_trees_ros_viewer/conversions.py to conversions.cpython-310.pyc
[0.686s] byte-compiling /home/etri/bt_tutorials/install/py_trees_ros_viewer/lib/python3.10/site-packages/py_trees_ros_viewer/console.py to console.cpython-310.pyc
[0.687s] byte-compiling /home/etri/bt_tutorials/install/py_trees_ros_viewer/lib/python3.10/site-packages/py_trees_ros_viewer/backend.py to backend.cpython-310.pyc
[0.688s] byte-compiling /home/etri/bt_tutorials/install/py_trees_ros_viewer/lib/python3.10/site-packages/py_trees_ros_viewer/images_rc.py to images_rc.cpython-310.pyc
[0.688s] byte-compiling /home/etri/bt_tutorials/install/py_trees_ros_viewer/lib/python3.10/site-packages/py_trees_ros_viewer/main_window_ui.py to main_window_ui.cpython-310.pyc
[0.688s] byte-compiling /home/etri/bt_tutorials/install/py_trees_ros_viewer/lib/python3.10/site-packages/py_trees_ros_viewer/utilities.py to utilities.cpython-310.pyc
[0.689s] byte-compiling /home/etri/bt_tutorials/install/py_trees_ros_viewer/lib/python3.10/site-packages/py_trees_ros_viewer/main_window.py to main_window.cpython-310.pyc
[0.689s] running install_data
[0.689s] copying package.xml -> /home/etri/bt_tutorials/install/py_trees_ros_viewer/share/py_trees_ros_viewer
[0.689s] running install_egg_info
[0.689s] Copying ../../build/py_trees_ros_viewer/py_trees_ros_viewer.egg-info to /home/etri/bt_tutorials/install/py_trees_ros_viewer/lib/python3.10/site-packages/py_trees_ros_viewer-0.2.3-py3.10.egg-info
[0.690s] running install_scripts
[0.691s] Installing py-trees-tree-viewer script to /home/etri/bt_tutorials/install/py_trees_ros_viewer/bin
[0.691s] writing list of installed files to '/home/etri/bt_tutorials/build/py_trees_ros_viewer/install.log'
[0.704s] Invoked command in '/home/etri/bt_tutorials/src/py_trees_ros_viewer' returned '0': PYTHONPATH=/home/etri/bt_tutorials/build/py_trees_ros_viewer/prefix_override:/usr/lib/python3/dist-packages/colcon_core/task/python/colcon_distutils_commands:/home/etri/bt_tutorials/install/py_trees_ros_viewer/lib/python3.10/site-packages: /usr/bin/python3 -W ignore:setup.py install is deprecated -W ignore:easy_install command is deprecated setup.py egg_info --egg-base ../../build/py_trees_ros_viewer build --build-base /home/etri/bt_tutorials/build/py_trees_ros_viewer/build install --record /home/etri/bt_tutorials/build/py_trees_ros_viewer/install.log --single-version-externally-managed install_data --force
