[0.153s] Invoking command in '/home/etri/bt_tutorials/build/my_behavior_tree_msgs': CMAKE_PREFIX_PATH=${CMAKE_PREFIX_PATH}:/home/etri/bt_tutorials/install/py_trees_ros_viewer:/home/etri/bt_tutorials/install/my_behavior_tree:/opt/ros/humble /usr/bin/cmake --build /home/etri/bt_tutorials/build/my_behavior_tree_msgs -- -j12 -l12
[0.194s] [  3%] Built target my_behavior_tree_msgs__cpp
[0.194s] [ 12%] Built target my_behavior_tree_msgs__rosidl_generator_c
[0.201s] [ 12%] Built target ament_cmake_python_symlink_my_behavior_tree_msgs
[0.210s] [ 22%] Built target my_behavior_tree_msgs__rosidl_typesupport_introspection_cpp
[0.212s] [ 32%] Built target my_behavior_tree_msgs__rosidl_typesupport_cpp
[0.214s] [ 41%] Built target my_behavior_tree_msgs__rosidl_typesupport_fastrtps_cpp
[0.219s] [ 51%] Built target my_behavior_tree_msgs__rosidl_typesupport_c
[0.220s] [ 61%] Built target my_behavior_tree_msgs__rosidl_typesupport_fastrtps_c
[0.220s] [ 70%] Built target my_behavior_tree_msgs__rosidl_typesupport_introspection_c
[0.238s] [ 70%] Built target my_behavior_tree_msgs
[0.255s] [ 74%] Built target my_behavior_tree_msgs__py
[0.276s] [ 80%] Built target my_behavior_tree_msgs__rosidl_generator_py
[0.294s] [ 93%] Built target my_behavior_tree_msgs__rosidl_typesupport_fastrtps_c__pyext
[0.294s] [ 93%] Built target my_behavior_tree_msgs__rosidl_typesupport_introspection_c__pyext
[0.294s] [100%] Built target my_behavior_tree_msgs__rosidl_typesupport_c__pyext
[0.346s] running egg_info
[0.346s] writing my_behavior_tree_msgs.egg-info/PKG-INFO
[0.346s] writing dependency_links to my_behavior_tree_msgs.egg-info/dependency_links.txt
[0.346s] writing top-level names to my_behavior_tree_msgs.egg-info/top_level.txt
[0.348s] reading manifest file 'my_behavior_tree_msgs.egg-info/SOURCES.txt'
[0.348s] writing manifest file 'my_behavior_tree_msgs.egg-info/SOURCES.txt'
[0.367s] [100%] Built target ament_cmake_python_build_my_behavior_tree_msgs_egg
[0.379s] Invoked command in '/home/etri/bt_tutorials/build/my_behavior_tree_msgs' returned '0': CMAKE_PREFIX_PATH=${CMAKE_PREFIX_PATH}:/home/etri/bt_tutorials/install/py_trees_ros_viewer:/home/etri/bt_tutorials/install/my_behavior_tree:/opt/ros/humble /usr/bin/cmake --build /home/etri/bt_tutorials/build/my_behavior_tree_msgs -- -j12 -l12
[0.386s] Invoking command in '/home/etri/bt_tutorials/build/my_behavior_tree_msgs': CMAKE_PREFIX_PATH=${CMAKE_PREFIX_PATH}:/home/etri/bt_tutorials/install/py_trees_ros_viewer:/home/etri/bt_tutorials/install/my_behavior_tree:/opt/ros/humble /usr/bin/cmake --install /home/etri/bt_tutorials/build/my_behavior_tree_msgs
[0.394s] -- Install configuration: ""
[0.394s] -- Execute custom install script
[0.394s] -- Up-to-date symlink: /home/etri/bt_tutorials/install/my_behavior_tree_msgs/share/ament_index/resource_index/rosidl_interfaces/my_behavior_tree_msgs
[0.394s] -- Up-to-date symlink: /home/etri/bt_tutorials/install/my_behavior_tree_msgs/include/my_behavior_tree_msgs/my_behavior_tree_msgs/msg/detail/pos_error__functions.h
[0.394s] -- Up-to-date symlink: /home/etri/bt_tutorials/install/my_behavior_tree_msgs/include/my_behavior_tree_msgs/my_behavior_tree_msgs/msg/detail/pos_error__struct.h
[0.394s] -- Up-to-date symlink: /home/etri/bt_tutorials/install/my_behavior_tree_msgs/include/my_behavior_tree_msgs/my_behavior_tree_msgs/msg/detail/pos_error__type_support.h
[0.395s] -- Up-to-date symlink: /home/etri/bt_tutorials/install/my_behavior_tree_msgs/include/my_behavior_tree_msgs/my_behavior_tree_msgs/msg/pos_error.h
[0.395s] -- Up-to-date symlink: /home/etri/bt_tutorials/install/my_behavior_tree_msgs/include/my_behavior_tree_msgs/my_behavior_tree_msgs/msg/rosidl_generator_c__visibility_control.h
[0.395s] -- Up-to-date symlink: /home/etri/bt_tutorials/install/my_behavior_tree_msgs/share/my_behavior_tree_msgs/environment/library_path.sh
[0.395s] -- Up-to-date symlink: /home/etri/bt_tutorials/install/my_behavior_tree_msgs/share/my_behavior_tree_msgs/environment/library_path.dsv
[0.395s] -- Up-to-date symlink: /home/etri/bt_tutorials/install/my_behavior_tree_msgs/include/my_behavior_tree_msgs/my_behavior_tree_msgs/msg/detail/pos_error__rosidl_typesupport_fastrtps_c.h
[0.395s] -- Up-to-date symlink: /home/etri/bt_tutorials/install/my_behavior_tree_msgs/include/my_behavior_tree_msgs/my_behavior_tree_msgs/msg/rosidl_typesupport_fastrtps_c__visibility_control.h
[0.395s] -- Up-to-date symlink: /home/etri/bt_tutorials/install/my_behavior_tree_msgs/include/my_behavior_tree_msgs/my_behavior_tree_msgs/msg/detail/pos_error__rosidl_typesupport_introspection_c.h
[0.395s] -- Up-to-date symlink: /home/etri/bt_tutorials/install/my_behavior_tree_msgs/include/my_behavior_tree_msgs/my_behavior_tree_msgs/msg/rosidl_typesupport_introspection_c__visibility_control.h
[0.395s] -- Up-to-date symlink: /home/etri/bt_tutorials/install/my_behavior_tree_msgs/include/my_behavior_tree_msgs/my_behavior_tree_msgs/msg/detail/pos_error__builder.hpp
[0.395s] -- Up-to-date symlink: /home/etri/bt_tutorials/install/my_behavior_tree_msgs/include/my_behavior_tree_msgs/my_behavior_tree_msgs/msg/detail/pos_error__struct.hpp
[0.396s] -- Up-to-date symlink: /home/etri/bt_tutorials/install/my_behavior_tree_msgs/include/my_behavior_tree_msgs/my_behavior_tree_msgs/msg/detail/pos_error__traits.hpp
[0.396s] -- Up-to-date symlink: /home/etri/bt_tutorials/install/my_behavior_tree_msgs/include/my_behavior_tree_msgs/my_behavior_tree_msgs/msg/detail/pos_error__type_support.hpp
[0.396s] -- Up-to-date symlink: /home/etri/bt_tutorials/install/my_behavior_tree_msgs/include/my_behavior_tree_msgs/my_behavior_tree_msgs/msg/pos_error.hpp
[0.396s] -- Up-to-date symlink: /home/etri/bt_tutorials/install/my_behavior_tree_msgs/include/my_behavior_tree_msgs/my_behavior_tree_msgs/msg/rosidl_generator_cpp__visibility_control.hpp
[0.396s] -- Up-to-date symlink: /home/etri/bt_tutorials/install/my_behavior_tree_msgs/include/my_behavior_tree_msgs/my_behavior_tree_msgs/msg/detail/pos_error__rosidl_typesupport_fastrtps_cpp.hpp
[0.396s] -- Up-to-date symlink: /home/etri/bt_tutorials/install/my_behavior_tree_msgs/include/my_behavior_tree_msgs/my_behavior_tree_msgs/msg/rosidl_typesupport_fastrtps_cpp__visibility_control.h
[0.396s] -- Up-to-date symlink: /home/etri/bt_tutorials/install/my_behavior_tree_msgs/include/my_behavior_tree_msgs/my_behavior_tree_msgs/msg/detail/pos_error__rosidl_typesupport_introspection_cpp.hpp
[0.396s] -- Up-to-date symlink: /home/etri/bt_tutorials/install/my_behavior_tree_msgs/share/my_behavior_tree_msgs/environment/pythonpath.sh
[0.396s] -- Up-to-date symlink: /home/etri/bt_tutorials/install/my_behavior_tree_msgs/share/my_behavior_tree_msgs/environment/pythonpath.dsv
[0.397s] -- Up-to-date symlink: /home/etri/bt_tutorials/install/my_behavior_tree_msgs/local/lib/python3.10/dist-packages/my_behavior_tree_msgs-0.0.0-py3.10.egg-info/PKG-INFO
[0.397s] -- Up-to-date symlink: /home/etri/bt_tutorials/install/my_behavior_tree_msgs/local/lib/python3.10/dist-packages/my_behavior_tree_msgs-0.0.0-py3.10.egg-info/SOURCES.txt
[0.397s] -- Up-to-date symlink: /home/etri/bt_tutorials/install/my_behavior_tree_msgs/local/lib/python3.10/dist-packages/my_behavior_tree_msgs-0.0.0-py3.10.egg-info/dependency_links.txt
[0.397s] -- Up-to-date symlink: /home/etri/bt_tutorials/install/my_behavior_tree_msgs/local/lib/python3.10/dist-packages/my_behavior_tree_msgs-0.0.0-py3.10.egg-info/top_level.txt
[0.397s] -- Up-to-date symlink: /home/etri/bt_tutorials/install/my_behavior_tree_msgs/local/lib/python3.10/dist-packages/my_behavior_tree_msgs/__init__.py
[0.397s] -- Up-to-date symlink: /home/etri/bt_tutorials/install/my_behavior_tree_msgs/local/lib/python3.10/dist-packages/my_behavior_tree_msgs/_my_behavior_tree_msgs_s.ep.rosidl_typesupport_c.c
[0.397s] -- Up-to-date symlink: /home/etri/bt_tutorials/install/my_behavior_tree_msgs/local/lib/python3.10/dist-packages/my_behavior_tree_msgs/_my_behavior_tree_msgs_s.ep.rosidl_typesupport_fastrtps_c.c
[0.397s] -- Up-to-date symlink: /home/etri/bt_tutorials/install/my_behavior_tree_msgs/local/lib/python3.10/dist-packages/my_behavior_tree_msgs/_my_behavior_tree_msgs_s.ep.rosidl_typesupport_introspection_c.c
[0.397s] -- Up-to-date symlink: /home/etri/bt_tutorials/install/my_behavior_tree_msgs/local/lib/python3.10/dist-packages/my_behavior_tree_msgs/libmy_behavior_tree_msgs__rosidl_generator_py.so
[0.397s] -- Up-to-date symlink: /home/etri/bt_tutorials/install/my_behavior_tree_msgs/local/lib/python3.10/dist-packages/my_behavior_tree_msgs/msg/__init__.py
[0.398s] -- Up-to-date symlink: /home/etri/bt_tutorials/install/my_behavior_tree_msgs/local/lib/python3.10/dist-packages/my_behavior_tree_msgs/msg/_pos_error.py
[0.398s] -- Up-to-date symlink: /home/etri/bt_tutorials/install/my_behavior_tree_msgs/local/lib/python3.10/dist-packages/my_behavior_tree_msgs/msg/_pos_error_s.c
[0.398s] -- Up-to-date symlink: /home/etri/bt_tutorials/install/my_behavior_tree_msgs/local/lib/python3.10/dist-packages/my_behavior_tree_msgs/my_behavior_tree_msgs_s__rosidl_typesupport_c.cpython-310-x86_64-linux-gnu.so
[0.398s] -- Up-to-date symlink: /home/etri/bt_tutorials/install/my_behavior_tree_msgs/local/lib/python3.10/dist-packages/my_behavior_tree_msgs/my_behavior_tree_msgs_s__rosidl_typesupport_fastrtps_c.cpython-310-x86_64-linux-gnu.so
[0.398s] -- Up-to-date symlink: /home/etri/bt_tutorials/install/my_behavior_tree_msgs/local/lib/python3.10/dist-packages/my_behavior_tree_msgs/my_behavior_tree_msgs_s__rosidl_typesupport_introspection_c.cpython-310-x86_64-linux-gnu.so
[0.398s] -- Up-to-date symlink: /home/etri/bt_tutorials/install/my_behavior_tree_msgs/local/lib/python3.10/dist-packages/my_behavior_tree_msgs/my_behavior_tree_msgs_s__rosidl_typesupport_fastrtps_c.cpython-310-x86_64-linux-gnu.so
[0.398s] -- Up-to-date symlink: /home/etri/bt_tutorials/install/my_behavior_tree_msgs/local/lib/python3.10/dist-packages/my_behavior_tree_msgs/my_behavior_tree_msgs_s__rosidl_typesupport_introspection_c.cpython-310-x86_64-linux-gnu.so
[0.398s] -- Up-to-date symlink: /home/etri/bt_tutorials/install/my_behavior_tree_msgs/local/lib/python3.10/dist-packages/my_behavior_tree_msgs/my_behavior_tree_msgs_s__rosidl_typesupport_c.cpython-310-x86_64-linux-gnu.so
[0.398s] -- Up-to-date symlink: /home/etri/bt_tutorials/install/my_behavior_tree_msgs/share/my_behavior_tree_msgs/msg/PosError.idl
[0.398s] -- Up-to-date symlink: /home/etri/bt_tutorials/install/my_behavior_tree_msgs/share/my_behavior_tree_msgs/msg/PosError.msg
[0.398s] -- Up-to-date symlink: /home/etri/bt_tutorials/install/my_behavior_tree_msgs/share/ament_index/resource_index/package_run_dependencies/my_behavior_tree_msgs
[0.398s] -- Up-to-date symlink: /home/etri/bt_tutorials/install/my_behavior_tree_msgs/share/ament_index/resource_index/parent_prefix_path/my_behavior_tree_msgs
[0.399s] -- Up-to-date symlink: /home/etri/bt_tutorials/install/my_behavior_tree_msgs/share/my_behavior_tree_msgs/environment/ament_prefix_path.sh
[0.399s] -- Up-to-date symlink: /home/etri/bt_tutorials/install/my_behavior_tree_msgs/share/my_behavior_tree_msgs/environment/ament_prefix_path.dsv
[0.399s] -- Up-to-date symlink: /home/etri/bt_tutorials/install/my_behavior_tree_msgs/share/my_behavior_tree_msgs/environment/path.sh
[0.399s] -- Up-to-date symlink: /home/etri/bt_tutorials/install/my_behavior_tree_msgs/share/my_behavior_tree_msgs/environment/path.dsv
[0.399s] -- Up-to-date symlink: /home/etri/bt_tutorials/install/my_behavior_tree_msgs/share/my_behavior_tree_msgs/local_setup.bash
[0.399s] -- Up-to-date symlink: /home/etri/bt_tutorials/install/my_behavior_tree_msgs/share/my_behavior_tree_msgs/local_setup.sh
[0.399s] -- Up-to-date symlink: /home/etri/bt_tutorials/install/my_behavior_tree_msgs/share/my_behavior_tree_msgs/local_setup.zsh
[0.399s] -- Up-to-date symlink: /home/etri/bt_tutorials/install/my_behavior_tree_msgs/share/my_behavior_tree_msgs/local_setup.dsv
[0.399s] -- Symlinking: /home/etri/bt_tutorials/install/my_behavior_tree_msgs/share/my_behavior_tree_msgs/package.dsv
[0.406s] -- Up-to-date symlink: /home/etri/bt_tutorials/install/my_behavior_tree_msgs/share/ament_index/resource_index/packages/my_behavior_tree_msgs
[0.406s] -- Up-to-date symlink: /home/etri/bt_tutorials/install/my_behavior_tree_msgs/share/my_behavior_tree_msgs/cmake/rosidl_cmake-extras.cmake
[0.406s] -- Up-to-date symlink: /home/etri/bt_tutorials/install/my_behavior_tree_msgs/share/my_behavior_tree_msgs/cmake/ament_cmake_export_include_directories-extras.cmake
[0.406s] -- Up-to-date symlink: /home/etri/bt_tutorials/install/my_behavior_tree_msgs/share/my_behavior_tree_msgs/cmake/ament_cmake_export_libraries-extras.cmake
[0.406s] -- Up-to-date symlink: /home/etri/bt_tutorials/install/my_behavior_tree_msgs/share/my_behavior_tree_msgs/cmake/ament_cmake_export_targets-extras.cmake
[0.407s] -- Up-to-date symlink: /home/etri/bt_tutorials/install/my_behavior_tree_msgs/share/my_behavior_tree_msgs/cmake/rosidl_cmake_export_typesupport_targets-extras.cmake
[0.407s] -- Up-to-date symlink: /home/etri/bt_tutorials/install/my_behavior_tree_msgs/share/my_behavior_tree_msgs/cmake/ament_cmake_export_dependencies-extras.cmake
[0.407s] -- Up-to-date symlink: /home/etri/bt_tutorials/install/my_behavior_tree_msgs/share/my_behavior_tree_msgs/cmake/rosidl_cmake_export_typesupport_libraries-extras.cmake
[0.407s] -- Up-to-date symlink: /home/etri/bt_tutorials/install/my_behavior_tree_msgs/share/my_behavior_tree_msgs/cmake/my_behavior_tree_msgsConfig.cmake
[0.407s] -- Up-to-date symlink: /home/etri/bt_tutorials/install/my_behavior_tree_msgs/share/my_behavior_tree_msgs/cmake/my_behavior_tree_msgsConfig-version.cmake
[0.407s] -- Up-to-date symlink: /home/etri/bt_tutorials/install/my_behavior_tree_msgs/share/my_behavior_tree_msgs/package.xml
[0.407s] -- Up-to-date: /home/etri/bt_tutorials/install/my_behavior_tree_msgs/lib/libmy_behavior_tree_msgs__rosidl_generator_c.so
[0.407s] -- Up-to-date: /home/etri/bt_tutorials/install/my_behavior_tree_msgs/lib/libmy_behavior_tree_msgs__rosidl_typesupport_fastrtps_c.so
[0.407s] -- Up-to-date: /home/etri/bt_tutorials/install/my_behavior_tree_msgs/lib/libmy_behavior_tree_msgs__rosidl_typesupport_introspection_c.so
[0.408s] -- Up-to-date: /home/etri/bt_tutorials/install/my_behavior_tree_msgs/lib/libmy_behavior_tree_msgs__rosidl_typesupport_c.so
[0.408s] -- Up-to-date: /home/etri/bt_tutorials/install/my_behavior_tree_msgs/lib/libmy_behavior_tree_msgs__rosidl_typesupport_fastrtps_cpp.so
[0.408s] -- Up-to-date: /home/etri/bt_tutorials/install/my_behavior_tree_msgs/lib/libmy_behavior_tree_msgs__rosidl_typesupport_introspection_cpp.so
[0.408s] -- Up-to-date: /home/etri/bt_tutorials/install/my_behavior_tree_msgs/lib/libmy_behavior_tree_msgs__rosidl_typesupport_cpp.so
[0.434s] Listing '/home/etri/bt_tutorials/install/my_behavior_tree_msgs/local/lib/python3.10/dist-packages/my_behavior_tree_msgs'...
[0.434s] Listing '/home/etri/bt_tutorials/install/my_behavior_tree_msgs/local/lib/python3.10/dist-packages/my_behavior_tree_msgs/msg'...
[0.437s] -- Up-to-date: /home/etri/bt_tutorials/install/my_behavior_tree_msgs/lib/libmy_behavior_tree_msgs__rosidl_generator_py.so
[0.437s] -- Up-to-date: /home/etri/bt_tutorials/install/my_behavior_tree_msgs/share/my_behavior_tree_msgs/cmake/export_my_behavior_tree_msgs__rosidl_generator_cExport.cmake
[0.438s] -- Up-to-date: /home/etri/bt_tutorials/install/my_behavior_tree_msgs/share/my_behavior_tree_msgs/cmake/export_my_behavior_tree_msgs__rosidl_generator_cExport-noconfig.cmake
[0.438s] -- Up-to-date: /home/etri/bt_tutorials/install/my_behavior_tree_msgs/share/my_behavior_tree_msgs/cmake/export_my_behavior_tree_msgs__rosidl_typesupport_fastrtps_cExport.cmake
[0.438s] -- Up-to-date: /home/etri/bt_tutorials/install/my_behavior_tree_msgs/share/my_behavior_tree_msgs/cmake/export_my_behavior_tree_msgs__rosidl_typesupport_fastrtps_cExport-noconfig.cmake
[0.438s] -- Up-to-date: /home/etri/bt_tutorials/install/my_behavior_tree_msgs/share/my_behavior_tree_msgs/cmake/my_behavior_tree_msgs__rosidl_typesupport_introspection_cExport.cmake
[0.438s] -- Up-to-date: /home/etri/bt_tutorials/install/my_behavior_tree_msgs/share/my_behavior_tree_msgs/cmake/my_behavior_tree_msgs__rosidl_typesupport_introspection_cExport-noconfig.cmake
[0.438s] -- Up-to-date: /home/etri/bt_tutorials/install/my_behavior_tree_msgs/share/my_behavior_tree_msgs/cmake/my_behavior_tree_msgs__rosidl_typesupport_cExport.cmake
[0.438s] -- Up-to-date: /home/etri/bt_tutorials/install/my_behavior_tree_msgs/share/my_behavior_tree_msgs/cmake/my_behavior_tree_msgs__rosidl_typesupport_cExport-noconfig.cmake
[0.438s] -- Up-to-date: /home/etri/bt_tutorials/install/my_behavior_tree_msgs/share/my_behavior_tree_msgs/cmake/export_my_behavior_tree_msgs__rosidl_generator_cppExport.cmake
[0.438s] -- Up-to-date: /home/etri/bt_tutorials/install/my_behavior_tree_msgs/share/my_behavior_tree_msgs/cmake/export_my_behavior_tree_msgs__rosidl_typesupport_fastrtps_cppExport.cmake
[0.438s] -- Up-to-date: /home/etri/bt_tutorials/install/my_behavior_tree_msgs/share/my_behavior_tree_msgs/cmake/export_my_behavior_tree_msgs__rosidl_typesupport_fastrtps_cppExport-noconfig.cmake
[0.438s] -- Up-to-date: /home/etri/bt_tutorials/install/my_behavior_tree_msgs/share/my_behavior_tree_msgs/cmake/my_behavior_tree_msgs__rosidl_typesupport_introspection_cppExport.cmake
[0.438s] -- Up-to-date: /home/etri/bt_tutorials/install/my_behavior_tree_msgs/share/my_behavior_tree_msgs/cmake/my_behavior_tree_msgs__rosidl_typesupport_introspection_cppExport-noconfig.cmake
[0.438s] -- Up-to-date: /home/etri/bt_tutorials/install/my_behavior_tree_msgs/share/my_behavior_tree_msgs/cmake/my_behavior_tree_msgs__rosidl_typesupport_cppExport.cmake
[0.438s] -- Up-to-date: /home/etri/bt_tutorials/install/my_behavior_tree_msgs/share/my_behavior_tree_msgs/cmake/my_behavior_tree_msgs__rosidl_typesupport_cppExport-noconfig.cmake
[0.438s] -- Up-to-date: /home/etri/bt_tutorials/install/my_behavior_tree_msgs/share/my_behavior_tree_msgs/cmake/export_my_behavior_tree_msgs__rosidl_generator_pyExport.cmake
[0.438s] -- Up-to-date: /home/etri/bt_tutorials/install/my_behavior_tree_msgs/share/my_behavior_tree_msgs/cmake/export_my_behavior_tree_msgs__rosidl_generator_pyExport-noconfig.cmake
[0.440s] Invoked command in '/home/etri/bt_tutorials/build/my_behavior_tree_msgs' returned '0': CMAKE_PREFIX_PATH=${CMAKE_PREFIX_PATH}:/home/etri/bt_tutorials/install/py_trees_ros_viewer:/home/etri/bt_tutorials/install/my_behavior_tree:/opt/ros/humble /usr/bin/cmake --install /home/etri/bt_tutorials/build/my_behavior_tree_msgs
