[0.055s] DEBUG:colcon:Command line arguments: ['/usr/bin/colcon', 'build', '--symlink-install']
[0.055s] DEBUG:colcon:Parsed command line arguments: Namespace(log_base=None, log_level=None, verb_name='build', build_base='build', install_base='install', merge_install=False, symlink_install=True, test_result_base=None, continue_on_error=False, executor='parallel', parallel_workers=12, event_handlers=None, ignore_user_meta=False, metas=['./colcon.meta'], base_paths=['.'], packages_ignore=None, packages_ignore_regex=None, paths=None, packages_up_to=None, packages_up_to_regex=None, packages_above=None, packages_above_and_dependencies=None, packages_above_depth=None, packages_select_by_dep=None, packages_skip_by_dep=None, packages_skip_up_to=None, packages_select_build_failed=False, packages_skip_build_finished=False, packages_select_test_failures=False, packages_skip_test_passed=False, packages_select=None, packages_skip=None, packages_select_regex=None, packages_skip_regex=None, packages_start=None, packages_end=None, allow_overriding=[], cmake_args=None, cmake_target=None, cmake_target_skip_unavailable=False, cmake_clean_cache=False, cmake_clean_first=False, cmake_force_configure=False, ament_cmake_args=None, catkin_cmake_args=None, catkin_skip_building_tests=False, mixin_files=None, mixin=None, verb_parser=<colcon_mixin.mixin.mixin_argument.MixinArgumentDecorator object at 0x75b9c0c4d570>, verb_extension=<colcon_core.verb.build.BuildVerb object at 0x75b9c0de6ad0>, main=<bound method BuildVerb.main of <colcon_core.verb.build.BuildVerb object at 0x75b9c0de6ad0>>, mixin_verb=('build',))
[0.148s] Level 1:colcon.colcon_core.package_discovery:discover_packages(colcon_meta) check parameters
[0.148s] Level 1:colcon.colcon_core.package_discovery:discover_packages(recursive) check parameters
[0.148s] Level 1:colcon.colcon_core.package_discovery:discover_packages(ignore) check parameters
[0.148s] Level 1:colcon.colcon_core.package_discovery:discover_packages(path) check parameters
[0.148s] Level 1:colcon.colcon_core.package_discovery:discover_packages(colcon_meta) discover
[0.148s] Level 1:colcon.colcon_core.package_discovery:discover_packages(recursive) discover
[0.148s] INFO:colcon.colcon_core.package_discovery:Crawling recursively for packages in '/home/etri/bt_tutorials'
[0.148s] Level 1:colcon.colcon_core.package_identification:_identify(.) by extensions ['ignore', 'ignore_ament_install']
[0.148s] Level 1:colcon.colcon_core.package_identification:_identify(.) by extension 'ignore'
[0.148s] Level 1:colcon.colcon_core.package_identification:_identify(.) by extension 'ignore_ament_install'
[0.148s] Level 1:colcon.colcon_core.package_identification:_identify(.) by extensions ['colcon_pkg']
[0.148s] Level 1:colcon.colcon_core.package_identification:_identify(.) by extension 'colcon_pkg'
[0.149s] Level 1:colcon.colcon_core.package_identification:_identify(.) by extensions ['colcon_meta']
[0.149s] Level 1:colcon.colcon_core.package_identification:_identify(.) by extension 'colcon_meta'
[0.149s] Level 1:colcon.colcon_core.package_identification:_identify(.) by extensions ['ros']
[0.149s] Level 1:colcon.colcon_core.package_identification:_identify(.) by extension 'ros'
[0.160s] Level 1:colcon.colcon_core.package_identification:_identify(.) by extensions ['cmake', 'python']
[0.160s] Level 1:colcon.colcon_core.package_identification:_identify(.) by extension 'cmake'
[0.160s] Level 1:colcon.colcon_core.package_identification:_identify(.) by extension 'python'
[0.160s] Level 1:colcon.colcon_core.package_identification:_identify(.) by extensions ['python_setup_py']
[0.160s] Level 1:colcon.colcon_core.package_identification:_identify(.) by extension 'python_setup_py'
[0.160s] Level 1:colcon.colcon_core.package_identification:_identify(build) by extensions ['ignore', 'ignore_ament_install']
[0.160s] Level 1:colcon.colcon_core.package_identification:_identify(build) by extension 'ignore'
[0.160s] Level 1:colcon.colcon_core.package_identification:_identify(build) ignored
[0.160s] Level 1:colcon.colcon_core.package_identification:_identify(install) by extensions ['ignore', 'ignore_ament_install']
[0.160s] Level 1:colcon.colcon_core.package_identification:_identify(install) by extension 'ignore'
[0.160s] Level 1:colcon.colcon_core.package_identification:_identify(install) ignored
[0.160s] Level 1:colcon.colcon_core.package_identification:_identify(log) by extensions ['ignore', 'ignore_ament_install']
[0.160s] Level 1:colcon.colcon_core.package_identification:_identify(log) by extension 'ignore'
[0.160s] Level 1:colcon.colcon_core.package_identification:_identify(log) ignored
[0.160s] Level 1:colcon.colcon_core.package_identification:_identify(src) by extensions ['ignore', 'ignore_ament_install']
[0.160s] Level 1:colcon.colcon_core.package_identification:_identify(src) by extension 'ignore'
[0.160s] Level 1:colcon.colcon_core.package_identification:_identify(src) by extension 'ignore_ament_install'
[0.160s] Level 1:colcon.colcon_core.package_identification:_identify(src) by extensions ['colcon_pkg']
[0.160s] Level 1:colcon.colcon_core.package_identification:_identify(src) by extension 'colcon_pkg'
[0.160s] Level 1:colcon.colcon_core.package_identification:_identify(src) by extensions ['colcon_meta']
[0.160s] Level 1:colcon.colcon_core.package_identification:_identify(src) by extension 'colcon_meta'
[0.161s] Level 1:colcon.colcon_core.package_identification:_identify(src) by extensions ['ros']
[0.161s] Level 1:colcon.colcon_core.package_identification:_identify(src) by extension 'ros'
[0.161s] Level 1:colcon.colcon_core.package_identification:_identify(src) by extensions ['cmake', 'python']
[0.161s] Level 1:colcon.colcon_core.package_identification:_identify(src) by extension 'cmake'
[0.161s] Level 1:colcon.colcon_core.package_identification:_identify(src) by extension 'python'
[0.161s] Level 1:colcon.colcon_core.package_identification:_identify(src) by extensions ['python_setup_py']
[0.161s] Level 1:colcon.colcon_core.package_identification:_identify(src) by extension 'python_setup_py'
[0.161s] Level 1:colcon.colcon_core.package_identification:_identify(src/build) by extensions ['ignore', 'ignore_ament_install']
[0.161s] Level 1:colcon.colcon_core.package_identification:_identify(src/build) by extension 'ignore'
[0.161s] Level 1:colcon.colcon_core.package_identification:_identify(src/build) ignored
[0.161s] Level 1:colcon.colcon_core.package_identification:_identify(src/install) by extensions ['ignore', 'ignore_ament_install']
[0.161s] Level 1:colcon.colcon_core.package_identification:_identify(src/install) by extension 'ignore'
[0.161s] Level 1:colcon.colcon_core.package_identification:_identify(src/install) ignored
[0.161s] Level 1:colcon.colcon_core.package_identification:_identify(src/log) by extensions ['ignore', 'ignore_ament_install']
[0.161s] Level 1:colcon.colcon_core.package_identification:_identify(src/log) by extension 'ignore'
[0.161s] Level 1:colcon.colcon_core.package_identification:_identify(src/log) ignored
[0.161s] Level 1:colcon.colcon_core.package_identification:_identify(src/my_behavior_tree) by extensions ['ignore', 'ignore_ament_install']
[0.161s] Level 1:colcon.colcon_core.package_identification:_identify(src/my_behavior_tree) by extension 'ignore'
[0.161s] Level 1:colcon.colcon_core.package_identification:_identify(src/my_behavior_tree) by extension 'ignore_ament_install'
[0.161s] Level 1:colcon.colcon_core.package_identification:_identify(src/my_behavior_tree) by extensions ['colcon_pkg']
[0.161s] Level 1:colcon.colcon_core.package_identification:_identify(src/my_behavior_tree) by extension 'colcon_pkg'
[0.161s] Level 1:colcon.colcon_core.package_identification:_identify(src/my_behavior_tree) by extensions ['colcon_meta']
[0.161s] Level 1:colcon.colcon_core.package_identification:_identify(src/my_behavior_tree) by extension 'colcon_meta'
[0.161s] Level 1:colcon.colcon_core.package_identification:_identify(src/my_behavior_tree) by extensions ['ros']
[0.161s] Level 1:colcon.colcon_core.package_identification:_identify(src/my_behavior_tree) by extension 'ros'
[0.162s] DEBUG:colcon.colcon_core.package_identification:Package 'src/my_behavior_tree' with type 'ros.ament_python' and name 'my_behavior_tree'
[0.162s] Level 1:colcon.colcon_core.package_identification:_identify(src/my_behavior_tree_msgs) by extensions ['ignore', 'ignore_ament_install']
[0.162s] Level 1:colcon.colcon_core.package_identification:_identify(src/my_behavior_tree_msgs) by extension 'ignore'
[0.162s] Level 1:colcon.colcon_core.package_identification:_identify(src/my_behavior_tree_msgs) by extension 'ignore_ament_install'
[0.162s] Level 1:colcon.colcon_core.package_identification:_identify(src/my_behavior_tree_msgs) by extensions ['colcon_pkg']
[0.162s] Level 1:colcon.colcon_core.package_identification:_identify(src/my_behavior_tree_msgs) by extension 'colcon_pkg'
[0.162s] Level 1:colcon.colcon_core.package_identification:_identify(src/my_behavior_tree_msgs) by extensions ['colcon_meta']
[0.162s] Level 1:colcon.colcon_core.package_identification:_identify(src/my_behavior_tree_msgs) by extension 'colcon_meta'
[0.163s] Level 1:colcon.colcon_core.package_identification:_identify(src/my_behavior_tree_msgs) by extensions ['ros']
[0.163s] Level 1:colcon.colcon_core.package_identification:_identify(src/my_behavior_tree_msgs) by extension 'ros'
[0.163s] DEBUG:colcon.colcon_core.package_identification:Package 'src/my_behavior_tree_msgs' with type 'ros.ament_cmake' and name 'my_behavior_tree_msgs'
[0.163s] Level 1:colcon.colcon_core.package_identification:_identify(src/py_trees_ros_viewer) by extensions ['ignore', 'ignore_ament_install']
[0.163s] Level 1:colcon.colcon_core.package_identification:_identify(src/py_trees_ros_viewer) by extension 'ignore'
[0.163s] Level 1:colcon.colcon_core.package_identification:_identify(src/py_trees_ros_viewer) by extension 'ignore_ament_install'
[0.163s] Level 1:colcon.colcon_core.package_identification:_identify(src/py_trees_ros_viewer) by extensions ['colcon_pkg']
[0.163s] Level 1:colcon.colcon_core.package_identification:_identify(src/py_trees_ros_viewer) by extension 'colcon_pkg'
[0.163s] Level 1:colcon.colcon_core.package_identification:_identify(src/py_trees_ros_viewer) by extensions ['colcon_meta']
[0.163s] Level 1:colcon.colcon_core.package_identification:_identify(src/py_trees_ros_viewer) by extension 'colcon_meta'
[0.163s] Level 1:colcon.colcon_core.package_identification:_identify(src/py_trees_ros_viewer) by extensions ['ros']
[0.163s] Level 1:colcon.colcon_core.package_identification:_identify(src/py_trees_ros_viewer) by extension 'ros'
[0.163s] DEBUG:colcon.colcon_core.package_identification:Package 'src/py_trees_ros_viewer' with type 'ros.ament_python' and name 'py_trees_ros_viewer'
[0.163s] Level 1:colcon.colcon_core.package_discovery:discover_packages(recursive) using defaults
[0.163s] Level 1:colcon.colcon_core.package_discovery:discover_packages(ignore) discover
[0.163s] Level 1:colcon.colcon_core.package_discovery:discover_packages(ignore) using defaults
[0.163s] Level 1:colcon.colcon_core.package_discovery:discover_packages(path) discover
[0.163s] Level 1:colcon.colcon_core.package_discovery:discover_packages(path) using defaults
[0.173s] Level 1:colcon.colcon_core.package_discovery:discover_packages(prefix_path) check parameters
[0.173s] Level 1:colcon.colcon_core.package_discovery:discover_packages(prefix_path) discover
[0.174s] DEBUG:colcon.colcon_installed_package_information.package_discovery:Found 3 installed packages in /home/etri/bt_tutorials/install
[0.175s] DEBUG:colcon.colcon_installed_package_information.package_discovery:Found 349 installed packages in /opt/ros/humble
[0.176s] Level 1:colcon.colcon_core.package_discovery:discover_packages(prefix_path) using defaults
[0.198s] Level 5:colcon.colcon_core.verb:set package 'my_behavior_tree' build argument 'cmake_args' from command line to 'None'
[0.198s] Level 5:colcon.colcon_core.verb:set package 'my_behavior_tree' build argument 'cmake_target' from command line to 'None'
[0.198s] Level 5:colcon.colcon_core.verb:set package 'my_behavior_tree' build argument 'cmake_target_skip_unavailable' from command line to 'False'
[0.198s] Level 5:colcon.colcon_core.verb:set package 'my_behavior_tree' build argument 'cmake_clean_cache' from command line to 'False'
[0.198s] Level 5:colcon.colcon_core.verb:set package 'my_behavior_tree' build argument 'cmake_clean_first' from command line to 'False'
[0.198s] Level 5:colcon.colcon_core.verb:set package 'my_behavior_tree' build argument 'cmake_force_configure' from command line to 'False'
[0.198s] Level 5:colcon.colcon_core.verb:set package 'my_behavior_tree' build argument 'ament_cmake_args' from command line to 'None'
[0.198s] Level 5:colcon.colcon_core.verb:set package 'my_behavior_tree' build argument 'catkin_cmake_args' from command line to 'None'
[0.198s] Level 5:colcon.colcon_core.verb:set package 'my_behavior_tree' build argument 'catkin_skip_building_tests' from command line to 'False'
[0.198s] DEBUG:colcon.colcon_core.verb:Building package 'my_behavior_tree' with the following arguments: {'ament_cmake_args': None, 'build_base': '/home/etri/bt_tutorials/build/my_behavior_tree', 'catkin_cmake_args': None, 'catkin_skip_building_tests': False, 'cmake_args': None, 'cmake_clean_cache': False, 'cmake_clean_first': False, 'cmake_force_configure': False, 'cmake_target': None, 'cmake_target_skip_unavailable': False, 'install_base': '/home/etri/bt_tutorials/install/my_behavior_tree', 'merge_install': False, 'path': '/home/etri/bt_tutorials/src/my_behavior_tree', 'symlink_install': True, 'test_result_base': None}
[0.198s] Level 5:colcon.colcon_core.verb:set package 'my_behavior_tree_msgs' build argument 'cmake_args' from command line to 'None'
[0.198s] Level 5:colcon.colcon_core.verb:set package 'my_behavior_tree_msgs' build argument 'cmake_target' from command line to 'None'
[0.198s] Level 5:colcon.colcon_core.verb:set package 'my_behavior_tree_msgs' build argument 'cmake_target_skip_unavailable' from command line to 'False'
[0.198s] Level 5:colcon.colcon_core.verb:set package 'my_behavior_tree_msgs' build argument 'cmake_clean_cache' from command line to 'False'
[0.198s] Level 5:colcon.colcon_core.verb:set package 'my_behavior_tree_msgs' build argument 'cmake_clean_first' from command line to 'False'
[0.198s] Level 5:colcon.colcon_core.verb:set package 'my_behavior_tree_msgs' build argument 'cmake_force_configure' from command line to 'False'
[0.198s] Level 5:colcon.colcon_core.verb:set package 'my_behavior_tree_msgs' build argument 'ament_cmake_args' from command line to 'None'
[0.198s] Level 5:colcon.colcon_core.verb:set package 'my_behavior_tree_msgs' build argument 'catkin_cmake_args' from command line to 'None'
[0.198s] Level 5:colcon.colcon_core.verb:set package 'my_behavior_tree_msgs' build argument 'catkin_skip_building_tests' from command line to 'False'
[0.198s] DEBUG:colcon.colcon_core.verb:Building package 'my_behavior_tree_msgs' with the following arguments: {'ament_cmake_args': None, 'build_base': '/home/etri/bt_tutorials/build/my_behavior_tree_msgs', 'catkin_cmake_args': None, 'catkin_skip_building_tests': False, 'cmake_args': None, 'cmake_clean_cache': False, 'cmake_clean_first': False, 'cmake_force_configure': False, 'cmake_target': None, 'cmake_target_skip_unavailable': False, 'install_base': '/home/etri/bt_tutorials/install/my_behavior_tree_msgs', 'merge_install': False, 'path': '/home/etri/bt_tutorials/src/my_behavior_tree_msgs', 'symlink_install': True, 'test_result_base': None}
[0.198s] Level 5:colcon.colcon_core.verb:set package 'py_trees_ros_viewer' build argument 'cmake_args' from command line to 'None'
[0.198s] Level 5:colcon.colcon_core.verb:set package 'py_trees_ros_viewer' build argument 'cmake_target' from command line to 'None'
[0.198s] Level 5:colcon.colcon_core.verb:set package 'py_trees_ros_viewer' build argument 'cmake_target_skip_unavailable' from command line to 'False'
[0.198s] Level 5:colcon.colcon_core.verb:set package 'py_trees_ros_viewer' build argument 'cmake_clean_cache' from command line to 'False'
[0.198s] Level 5:colcon.colcon_core.verb:set package 'py_trees_ros_viewer' build argument 'cmake_clean_first' from command line to 'False'
[0.198s] Level 5:colcon.colcon_core.verb:set package 'py_trees_ros_viewer' build argument 'cmake_force_configure' from command line to 'False'
[0.198s] Level 5:colcon.colcon_core.verb:set package 'py_trees_ros_viewer' build argument 'ament_cmake_args' from command line to 'None'
[0.198s] Level 5:colcon.colcon_core.verb:set package 'py_trees_ros_viewer' build argument 'catkin_cmake_args' from command line to 'None'
[0.198s] Level 5:colcon.colcon_core.verb:set package 'py_trees_ros_viewer' build argument 'catkin_skip_building_tests' from command line to 'False'
[0.198s] DEBUG:colcon.colcon_core.verb:Building package 'py_trees_ros_viewer' with the following arguments: {'ament_cmake_args': None, 'build_base': '/home/etri/bt_tutorials/build/py_trees_ros_viewer', 'catkin_cmake_args': None, 'catkin_skip_building_tests': False, 'cmake_args': None, 'cmake_clean_cache': False, 'cmake_clean_first': False, 'cmake_force_configure': False, 'cmake_target': None, 'cmake_target_skip_unavailable': False, 'install_base': '/home/etri/bt_tutorials/install/py_trees_ros_viewer', 'merge_install': False, 'path': '/home/etri/bt_tutorials/src/py_trees_ros_viewer', 'symlink_install': True, 'test_result_base': None}
[0.198s] INFO:colcon.colcon_core.executor:Executing jobs using 'parallel' executor
[0.199s] DEBUG:colcon.colcon_parallel_executor.executor.parallel:run_until_complete
[0.199s] INFO:colcon.colcon_ros.task.ament_python.build:Building ROS package in '/home/etri/bt_tutorials/src/my_behavior_tree' with build type 'ament_python'
[0.199s] Level 1:colcon.colcon_core.shell:create_environment_hook('my_behavior_tree', 'ament_prefix_path')
[0.200s] INFO:colcon.colcon_core.plugin_system:Skipping extension 'colcon_core.shell.bat': Not used on non-Windows systems
[0.200s] INFO:colcon.colcon_core.shell:Creating environment hook '/home/etri/bt_tutorials/install/my_behavior_tree/share/my_behavior_tree/hook/ament_prefix_path.ps1'
[0.201s] INFO:colcon.colcon_core.shell:Creating environment descriptor '/home/etri/bt_tutorials/install/my_behavior_tree/share/my_behavior_tree/hook/ament_prefix_path.dsv'
[0.201s] INFO:colcon.colcon_core.shell:Creating environment hook '/home/etri/bt_tutorials/install/my_behavior_tree/share/my_behavior_tree/hook/ament_prefix_path.sh'
[0.201s] INFO:colcon.colcon_core.shell:Skip shell extension 'powershell' for command environment: Not usable outside of PowerShell
[0.201s] DEBUG:colcon.colcon_core.shell:Skip shell extension 'dsv' for command environment
[0.203s] INFO:colcon.colcon_ros.task.ament_cmake.build:Building ROS package in '/home/etri/bt_tutorials/src/my_behavior_tree_msgs' with build type 'ament_cmake'
[0.203s] INFO:colcon.colcon_cmake.task.cmake.build:Building CMake package in '/home/etri/bt_tutorials/src/my_behavior_tree_msgs'
[0.204s] INFO:colcon.colcon_core.shell:Skip shell extension 'powershell' for command environment: Not usable outside of PowerShell
[0.204s] DEBUG:colcon.colcon_core.shell:Skip shell extension 'dsv' for command environment
[0.205s] INFO:colcon.colcon_ros.task.ament_python.build:Building ROS package in '/home/etri/bt_tutorials/src/py_trees_ros_viewer' with build type 'ament_python'
[0.205s] Level 1:colcon.colcon_core.shell:create_environment_hook('py_trees_ros_viewer', 'ament_prefix_path')
[0.205s] INFO:colcon.colcon_core.shell:Creating environment hook '/home/etri/bt_tutorials/install/py_trees_ros_viewer/share/py_trees_ros_viewer/hook/ament_prefix_path.ps1'
[0.206s] INFO:colcon.colcon_core.shell:Creating environment descriptor '/home/etri/bt_tutorials/install/py_trees_ros_viewer/share/py_trees_ros_viewer/hook/ament_prefix_path.dsv'
[0.206s] INFO:colcon.colcon_core.shell:Creating environment hook '/home/etri/bt_tutorials/install/py_trees_ros_viewer/share/py_trees_ros_viewer/hook/ament_prefix_path.sh'
[0.206s] INFO:colcon.colcon_core.shell:Skip shell extension 'powershell' for command environment: Not usable outside of PowerShell
[0.206s] DEBUG:colcon.colcon_core.shell:Skip shell extension 'dsv' for command environment
[0.356s] INFO:colcon.colcon_core.task.python.build:Building Python package in '/home/etri/bt_tutorials/src/my_behavior_tree'
[0.356s] INFO:colcon.colcon_core.shell:Skip shell extension 'powershell' for command environment: Not usable outside of PowerShell
[0.356s] DEBUG:colcon.colcon_core.shell:Skip shell extension 'dsv' for command environment
[0.361s] DEBUG:colcon.colcon_core.event_handler.log_command:Invoking command in '/home/etri/bt_tutorials/build/my_behavior_tree_msgs': CMAKE_PREFIX_PATH=/home/etri/bt_tutorials/install/py_trees_ros_viewer:/home/etri/bt_tutorials/install/my_behavior_tree:/opt/ros/humble /usr/bin/cmake /home/etri/bt_tutorials/src/my_behavior_tree_msgs -DAMENT_CMAKE_SYMLINK_INSTALL=1 -DCMAKE_INSTALL_PREFIX=/home/etri/bt_tutorials/install/my_behavior_tree_msgs
[0.521s] WARNING:colcon.colcon_ros.task.ament_python.build:Package 'py_trees_ros_viewer' doesn't explicitly install a marker in the package index (colcon-ros currently does it implicitly but that fallback will be removed in the future)
[0.521s] INFO:colcon.colcon_core.task.python.build:Building Python package in '/home/etri/bt_tutorials/src/py_trees_ros_viewer'
[0.521s] INFO:colcon.colcon_core.shell:Skip shell extension 'powershell' for command environment: Not usable outside of PowerShell
[0.521s] DEBUG:colcon.colcon_core.shell:Skip shell extension 'dsv' for command environment
[0.734s] DEBUG:colcon.colcon_core.event_handler.log_command:Invoking command in '/home/etri/bt_tutorials/build/my_behavior_tree': PYTHONPATH=/home/etri/bt_tutorials/build/my_behavior_tree/prefix_override:/usr/lib/python3/dist-packages/colcon_core/task/python/colcon_distutils_commands:/home/etri/bt_tutorials/install/my_behavior_tree/lib/python3.10/site-packages:${PYTHONPATH} /usr/bin/python3 -W ignore:setup.py install is deprecated -W ignore:easy_install command is deprecated setup.py develop --editable --build-directory /home/etri/bt_tutorials/build/my_behavior_tree/build --no-deps symlink_data
[0.738s] DEBUG:colcon.colcon_core.event_handler.log_command:Invoking command in '/home/etri/bt_tutorials/build/py_trees_ros_viewer': PYTHONPATH=/home/etri/bt_tutorials/build/py_trees_ros_viewer/prefix_override:/usr/lib/python3/dist-packages/colcon_core/task/python/colcon_distutils_commands:/home/etri/bt_tutorials/install/py_trees_ros_viewer/lib/python3.10/site-packages:${PYTHONPATH} /usr/bin/python3 -W ignore:setup.py install is deprecated -W ignore:easy_install command is deprecated setup.py develop --editable --build-directory /home/etri/bt_tutorials/build/py_trees_ros_viewer/build --no-deps symlink_data
[1.004s] Level 1:colcon.colcon_core.shell:create_environment_hook('py_trees_ros_viewer', 'pythonpath_develop')
[1.004s] INFO:colcon.colcon_core.shell:Creating environment hook '/home/etri/bt_tutorials/build/py_trees_ros_viewer/share/py_trees_ros_viewer/hook/pythonpath_develop.ps1'
[1.004s] DEBUG:colcon.colcon_core.event_handler.log_command:Invoked command in '/home/etri/bt_tutorials/build/py_trees_ros_viewer' returned '0': PYTHONPATH=/home/etri/bt_tutorials/build/py_trees_ros_viewer/prefix_override:/usr/lib/python3/dist-packages/colcon_core/task/python/colcon_distutils_commands:/home/etri/bt_tutorials/install/py_trees_ros_viewer/lib/python3.10/site-packages:${PYTHONPATH} /usr/bin/python3 -W ignore:setup.py install is deprecated -W ignore:easy_install command is deprecated setup.py develop --editable --build-directory /home/etri/bt_tutorials/build/py_trees_ros_viewer/build --no-deps symlink_data
[1.005s] INFO:colcon.colcon_core.shell:Creating environment descriptor '/home/etri/bt_tutorials/build/py_trees_ros_viewer/share/py_trees_ros_viewer/hook/pythonpath_develop.dsv'
[1.005s] INFO:colcon.colcon_core.shell:Creating environment hook '/home/etri/bt_tutorials/build/py_trees_ros_viewer/share/py_trees_ros_viewer/hook/pythonpath_develop.sh'
[1.007s] Level 1:colcon.colcon_core.environment:checking '/home/etri/bt_tutorials/install/py_trees_ros_viewer' for CMake module files
[1.007s] Level 1:colcon.colcon_core.environment:checking '/home/etri/bt_tutorials/install/py_trees_ros_viewer' for CMake config files
[1.008s] Level 1:colcon.colcon_core.environment:checking '/home/etri/bt_tutorials/install/py_trees_ros_viewer/lib'
[1.008s] Level 1:colcon.colcon_core.environment:checking '/home/etri/bt_tutorials/install/py_trees_ros_viewer/bin'
[1.008s] Level 1:colcon.colcon_core.shell:create_environment_hook('py_trees_ros_viewer', 'path')
[1.009s] INFO:colcon.colcon_core.shell:Creating environment hook '/home/etri/bt_tutorials/install/py_trees_ros_viewer/share/py_trees_ros_viewer/hook/path.ps1'
[1.009s] INFO:colcon.colcon_core.shell:Creating environment descriptor '/home/etri/bt_tutorials/install/py_trees_ros_viewer/share/py_trees_ros_viewer/hook/path.dsv'
[1.009s] INFO:colcon.colcon_core.shell:Creating environment hook '/home/etri/bt_tutorials/install/py_trees_ros_viewer/share/py_trees_ros_viewer/hook/path.sh'
[1.010s] Level 1:colcon.colcon_core.environment:checking '/home/etri/bt_tutorials/install/py_trees_ros_viewer/lib/pkgconfig/py_trees_ros_viewer.pc'
[1.010s] Level 1:colcon.colcon_core.environment:checking '/home/etri/bt_tutorials/install/py_trees_ros_viewer/lib/python3.10/site-packages'
[1.010s] Level 1:colcon.colcon_core.shell:create_environment_hook('py_trees_ros_viewer', 'pythonpath')
[1.010s] INFO:colcon.colcon_core.shell:Creating environment hook '/home/etri/bt_tutorials/install/py_trees_ros_viewer/share/py_trees_ros_viewer/hook/pythonpath.ps1'
[1.010s] INFO:colcon.colcon_core.shell:Creating environment descriptor '/home/etri/bt_tutorials/install/py_trees_ros_viewer/share/py_trees_ros_viewer/hook/pythonpath.dsv'
[1.011s] INFO:colcon.colcon_core.shell:Creating environment hook '/home/etri/bt_tutorials/install/py_trees_ros_viewer/share/py_trees_ros_viewer/hook/pythonpath.sh'
[1.011s] Level 1:colcon.colcon_core.environment:checking '/home/etri/bt_tutorials/install/py_trees_ros_viewer/bin'
[1.011s] Level 1:colcon.colcon_core.shell:create_environment_hook('py_trees_ros_viewer', 'pythonscriptspath')
[1.011s] INFO:colcon.colcon_core.shell:Creating environment hook '/home/etri/bt_tutorials/install/py_trees_ros_viewer/share/py_trees_ros_viewer/hook/pythonscriptspath.ps1'
[1.011s] INFO:colcon.colcon_core.shell:Creating environment descriptor '/home/etri/bt_tutorials/install/py_trees_ros_viewer/share/py_trees_ros_viewer/hook/pythonscriptspath.dsv'
[1.012s] INFO:colcon.colcon_core.shell:Creating environment hook '/home/etri/bt_tutorials/install/py_trees_ros_viewer/share/py_trees_ros_viewer/hook/pythonscriptspath.sh'
[1.012s] Level 1:colcon.colcon_core.environment:create_environment_scripts_only(py_trees_ros_viewer)
[1.012s] INFO:colcon.colcon_core.shell:Creating package script '/home/etri/bt_tutorials/install/py_trees_ros_viewer/share/py_trees_ros_viewer/package.ps1'
[1.013s] INFO:colcon.colcon_core.shell:Creating package descriptor '/home/etri/bt_tutorials/install/py_trees_ros_viewer/share/py_trees_ros_viewer/package.dsv'
[1.013s] INFO:colcon.colcon_core.shell:Creating package script '/home/etri/bt_tutorials/install/py_trees_ros_viewer/share/py_trees_ros_viewer/package.sh'
[1.014s] INFO:colcon.colcon_core.shell:Creating package script '/home/etri/bt_tutorials/install/py_trees_ros_viewer/share/py_trees_ros_viewer/package.bash'
[1.014s] INFO:colcon.colcon_core.shell:Creating package script '/home/etri/bt_tutorials/install/py_trees_ros_viewer/share/py_trees_ros_viewer/package.zsh'
[1.015s] Level 1:colcon.colcon_core.environment:create_file_with_runtime_dependencies(/home/etri/bt_tutorials/install/py_trees_ros_viewer/share/colcon-core/packages/py_trees_ros_viewer)
[1.088s] Level 1:colcon.colcon_core.shell:create_environment_hook('my_behavior_tree', 'pythonpath_develop')
[1.088s] INFO:colcon.colcon_core.shell:Creating environment hook '/home/etri/bt_tutorials/build/my_behavior_tree/share/my_behavior_tree/hook/pythonpath_develop.ps1'
[1.088s] DEBUG:colcon.colcon_core.event_handler.log_command:Invoked command in '/home/etri/bt_tutorials/build/my_behavior_tree' returned '0': PYTHONPATH=/home/etri/bt_tutorials/build/my_behavior_tree/prefix_override:/usr/lib/python3/dist-packages/colcon_core/task/python/colcon_distutils_commands:/home/etri/bt_tutorials/install/my_behavior_tree/lib/python3.10/site-packages:${PYTHONPATH} /usr/bin/python3 -W ignore:setup.py install is deprecated -W ignore:easy_install command is deprecated setup.py develop --editable --build-directory /home/etri/bt_tutorials/build/my_behavior_tree/build --no-deps symlink_data
[1.089s] INFO:colcon.colcon_core.shell:Creating environment descriptor '/home/etri/bt_tutorials/build/my_behavior_tree/share/my_behavior_tree/hook/pythonpath_develop.dsv'
[1.089s] INFO:colcon.colcon_core.shell:Creating environment hook '/home/etri/bt_tutorials/build/my_behavior_tree/share/my_behavior_tree/hook/pythonpath_develop.sh'
[1.089s] Level 1:colcon.colcon_core.environment:checking '/home/etri/bt_tutorials/install/my_behavior_tree' for CMake module files
[1.090s] Level 1:colcon.colcon_core.environment:checking '/home/etri/bt_tutorials/install/my_behavior_tree' for CMake config files
[1.090s] Level 1:colcon.colcon_core.environment:checking '/home/etri/bt_tutorials/install/my_behavior_tree/lib'
[1.090s] Level 1:colcon.colcon_core.environment:checking '/home/etri/bt_tutorials/install/my_behavior_tree/bin'
[1.090s] Level 1:colcon.colcon_core.environment:checking '/home/etri/bt_tutorials/install/my_behavior_tree/lib/pkgconfig/my_behavior_tree.pc'
[1.090s] Level 1:colcon.colcon_core.environment:checking '/home/etri/bt_tutorials/install/my_behavior_tree/lib/python3.10/site-packages'
[1.090s] Level 1:colcon.colcon_core.shell:create_environment_hook('my_behavior_tree', 'pythonpath')
[1.090s] INFO:colcon.colcon_core.shell:Creating environment hook '/home/etri/bt_tutorials/install/my_behavior_tree/share/my_behavior_tree/hook/pythonpath.ps1'
[1.091s] INFO:colcon.colcon_core.shell:Creating environment descriptor '/home/etri/bt_tutorials/install/my_behavior_tree/share/my_behavior_tree/hook/pythonpath.dsv'
[1.091s] INFO:colcon.colcon_core.shell:Creating environment hook '/home/etri/bt_tutorials/install/my_behavior_tree/share/my_behavior_tree/hook/pythonpath.sh'
[1.091s] Level 1:colcon.colcon_core.environment:checking '/home/etri/bt_tutorials/install/my_behavior_tree/bin'
[1.091s] Level 1:colcon.colcon_core.environment:create_environment_scripts_only(my_behavior_tree)
[1.092s] INFO:colcon.colcon_core.shell:Creating package script '/home/etri/bt_tutorials/install/my_behavior_tree/share/my_behavior_tree/package.ps1'
[1.092s] INFO:colcon.colcon_core.shell:Creating package descriptor '/home/etri/bt_tutorials/install/my_behavior_tree/share/my_behavior_tree/package.dsv'
[1.092s] INFO:colcon.colcon_core.shell:Creating package script '/home/etri/bt_tutorials/install/my_behavior_tree/share/my_behavior_tree/package.sh'
[1.093s] INFO:colcon.colcon_core.shell:Creating package script '/home/etri/bt_tutorials/install/my_behavior_tree/share/my_behavior_tree/package.bash'
[1.093s] INFO:colcon.colcon_core.shell:Creating package script '/home/etri/bt_tutorials/install/my_behavior_tree/share/my_behavior_tree/package.zsh'
[1.093s] Level 1:colcon.colcon_core.environment:create_file_with_runtime_dependencies(/home/etri/bt_tutorials/install/my_behavior_tree/share/colcon-core/packages/my_behavior_tree)
[1.110s] DEBUG:colcon.colcon_core.event_handler.log_command:Invoked command in '/home/etri/bt_tutorials/build/my_behavior_tree_msgs' returned '0': CMAKE_PREFIX_PATH=/home/etri/bt_tutorials/install/py_trees_ros_viewer:/home/etri/bt_tutorials/install/my_behavior_tree:/opt/ros/humble /usr/bin/cmake /home/etri/bt_tutorials/src/my_behavior_tree_msgs -DAMENT_CMAKE_SYMLINK_INSTALL=1 -DCMAKE_INSTALL_PREFIX=/home/etri/bt_tutorials/install/my_behavior_tree_msgs
[1.111s] DEBUG:colcon.colcon_core.event_handler.log_command:Invoking command in '/home/etri/bt_tutorials/build/my_behavior_tree_msgs': CMAKE_PREFIX_PATH=/home/etri/bt_tutorials/install/py_trees_ros_viewer:/home/etri/bt_tutorials/install/my_behavior_tree:/opt/ros/humble /usr/bin/cmake --build /home/etri/bt_tutorials/build/my_behavior_tree_msgs -- -j12 -l12
[2.201s] DEBUG:colcon.colcon_core.event_handler.log_command:Invoked command in '/home/etri/bt_tutorials/build/my_behavior_tree_msgs' returned '0': CMAKE_PREFIX_PATH=/home/etri/bt_tutorials/install/py_trees_ros_viewer:/home/etri/bt_tutorials/install/my_behavior_tree:/opt/ros/humble /usr/bin/cmake --build /home/etri/bt_tutorials/build/my_behavior_tree_msgs -- -j12 -l12
[2.209s] DEBUG:colcon.colcon_core.event_handler.log_command:Invoking command in '/home/etri/bt_tutorials/build/my_behavior_tree_msgs': CMAKE_PREFIX_PATH=/home/etri/bt_tutorials/install/py_trees_ros_viewer:/home/etri/bt_tutorials/install/my_behavior_tree:/opt/ros/humble /usr/bin/cmake --install /home/etri/bt_tutorials/build/my_behavior_tree_msgs
[2.687s] Level 1:colcon.colcon_core.environment:create_environment_scripts_only(my_behavior_tree_msgs)
[2.687s] Level 1:colcon.colcon_core.environment:checking '/home/etri/bt_tutorials/install/my_behavior_tree_msgs' for CMake module files
[2.688s] DEBUG:colcon.colcon_core.event_handler.log_command:Invoked command in '/home/etri/bt_tutorials/build/my_behavior_tree_msgs' returned '0': CMAKE_PREFIX_PATH=/home/etri/bt_tutorials/install/py_trees_ros_viewer:/home/etri/bt_tutorials/install/my_behavior_tree:/opt/ros/humble /usr/bin/cmake --install /home/etri/bt_tutorials/build/my_behavior_tree_msgs
[2.688s] Level 1:colcon.colcon_core.environment:checking '/home/etri/bt_tutorials/install/my_behavior_tree_msgs' for CMake config files
[2.688s] Level 1:colcon.colcon_core.shell:create_environment_hook('my_behavior_tree_msgs', 'cmake_prefix_path')
[2.688s] INFO:colcon.colcon_core.shell:Creating environment hook '/home/etri/bt_tutorials/install/my_behavior_tree_msgs/share/my_behavior_tree_msgs/hook/cmake_prefix_path.ps1'
[2.689s] INFO:colcon.colcon_core.shell:Creating environment descriptor '/home/etri/bt_tutorials/install/my_behavior_tree_msgs/share/my_behavior_tree_msgs/hook/cmake_prefix_path.dsv'
[2.689s] INFO:colcon.colcon_core.shell:Creating environment hook '/home/etri/bt_tutorials/install/my_behavior_tree_msgs/share/my_behavior_tree_msgs/hook/cmake_prefix_path.sh'
[2.689s] Level 1:colcon.colcon_core.environment:checking '/home/etri/bt_tutorials/install/my_behavior_tree_msgs/lib'
[2.689s] Level 1:colcon.colcon_core.shell:create_environment_hook('my_behavior_tree_msgs', 'ld_library_path_lib')
[2.689s] INFO:colcon.colcon_core.shell:Creating environment hook '/home/etri/bt_tutorials/install/my_behavior_tree_msgs/share/my_behavior_tree_msgs/hook/ld_library_path_lib.ps1'
[2.689s] INFO:colcon.colcon_core.shell:Creating environment descriptor '/home/etri/bt_tutorials/install/my_behavior_tree_msgs/share/my_behavior_tree_msgs/hook/ld_library_path_lib.dsv'
[2.690s] INFO:colcon.colcon_core.shell:Creating environment hook '/home/etri/bt_tutorials/install/my_behavior_tree_msgs/share/my_behavior_tree_msgs/hook/ld_library_path_lib.sh'
[2.690s] Level 1:colcon.colcon_core.environment:checking '/home/etri/bt_tutorials/install/my_behavior_tree_msgs/bin'
[2.690s] Level 1:colcon.colcon_core.environment:checking '/home/etri/bt_tutorials/install/my_behavior_tree_msgs/lib/pkgconfig/my_behavior_tree_msgs.pc'
[2.690s] Level 1:colcon.colcon_core.environment:checking '/home/etri/bt_tutorials/install/my_behavior_tree_msgs/lib/python3.10/site-packages'
[2.690s] Level 1:colcon.colcon_core.environment:checking '/home/etri/bt_tutorials/install/my_behavior_tree_msgs/bin'
[2.690s] INFO:colcon.colcon_core.shell:Creating package script '/home/etri/bt_tutorials/install/my_behavior_tree_msgs/share/my_behavior_tree_msgs/package.ps1'
[2.690s] INFO:colcon.colcon_core.shell:Creating package descriptor '/home/etri/bt_tutorials/install/my_behavior_tree_msgs/share/my_behavior_tree_msgs/package.dsv'
[2.691s] INFO:colcon.colcon_core.shell:Creating package script '/home/etri/bt_tutorials/install/my_behavior_tree_msgs/share/my_behavior_tree_msgs/package.sh'
[2.691s] INFO:colcon.colcon_core.shell:Creating package script '/home/etri/bt_tutorials/install/my_behavior_tree_msgs/share/my_behavior_tree_msgs/package.bash'
[2.691s] INFO:colcon.colcon_core.shell:Creating package script '/home/etri/bt_tutorials/install/my_behavior_tree_msgs/share/my_behavior_tree_msgs/package.zsh'
[2.691s] Level 1:colcon.colcon_core.environment:create_file_with_runtime_dependencies(/home/etri/bt_tutorials/install/my_behavior_tree_msgs/share/colcon-core/packages/my_behavior_tree_msgs)
[2.691s] Level 1:colcon.colcon_core.environment:create_environment_scripts_only(my_behavior_tree_msgs)
[2.692s] Level 1:colcon.colcon_core.environment:checking '/home/etri/bt_tutorials/install/my_behavior_tree_msgs' for CMake module files
[2.692s] Level 1:colcon.colcon_core.environment:checking '/home/etri/bt_tutorials/install/my_behavior_tree_msgs' for CMake config files
[2.692s] Level 1:colcon.colcon_core.shell:create_environment_hook('my_behavior_tree_msgs', 'cmake_prefix_path')
[2.692s] INFO:colcon.colcon_core.shell:Creating environment hook '/home/etri/bt_tutorials/install/my_behavior_tree_msgs/share/my_behavior_tree_msgs/hook/cmake_prefix_path.ps1'
[2.692s] INFO:colcon.colcon_core.shell:Creating environment descriptor '/home/etri/bt_tutorials/install/my_behavior_tree_msgs/share/my_behavior_tree_msgs/hook/cmake_prefix_path.dsv'
[2.693s] INFO:colcon.colcon_core.shell:Creating environment hook '/home/etri/bt_tutorials/install/my_behavior_tree_msgs/share/my_behavior_tree_msgs/hook/cmake_prefix_path.sh'
[2.693s] Level 1:colcon.colcon_core.environment:checking '/home/etri/bt_tutorials/install/my_behavior_tree_msgs/lib'
[2.693s] Level 1:colcon.colcon_core.shell:create_environment_hook('my_behavior_tree_msgs', 'ld_library_path_lib')
[2.693s] INFO:colcon.colcon_core.shell:Creating environment hook '/home/etri/bt_tutorials/install/my_behavior_tree_msgs/share/my_behavior_tree_msgs/hook/ld_library_path_lib.ps1'
[2.693s] INFO:colcon.colcon_core.shell:Creating environment descriptor '/home/etri/bt_tutorials/install/my_behavior_tree_msgs/share/my_behavior_tree_msgs/hook/ld_library_path_lib.dsv'
[2.693s] INFO:colcon.colcon_core.shell:Creating environment hook '/home/etri/bt_tutorials/install/my_behavior_tree_msgs/share/my_behavior_tree_msgs/hook/ld_library_path_lib.sh'
[2.694s] Level 1:colcon.colcon_core.environment:checking '/home/etri/bt_tutorials/install/my_behavior_tree_msgs/bin'
[2.694s] Level 1:colcon.colcon_core.environment:checking '/home/etri/bt_tutorials/install/my_behavior_tree_msgs/lib/pkgconfig/my_behavior_tree_msgs.pc'
[2.694s] Level 1:colcon.colcon_core.environment:checking '/home/etri/bt_tutorials/install/my_behavior_tree_msgs/lib/python3.10/site-packages'
[2.694s] Level 1:colcon.colcon_core.environment:checking '/home/etri/bt_tutorials/install/my_behavior_tree_msgs/bin'
[2.694s] INFO:colcon.colcon_core.shell:Creating package script '/home/etri/bt_tutorials/install/my_behavior_tree_msgs/share/my_behavior_tree_msgs/package.ps1'
[2.694s] INFO:colcon.colcon_core.shell:Creating package descriptor '/home/etri/bt_tutorials/install/my_behavior_tree_msgs/share/my_behavior_tree_msgs/package.dsv'
[2.694s] INFO:colcon.colcon_core.shell:Creating package script '/home/etri/bt_tutorials/install/my_behavior_tree_msgs/share/my_behavior_tree_msgs/package.sh'
[2.695s] INFO:colcon.colcon_core.shell:Creating package script '/home/etri/bt_tutorials/install/my_behavior_tree_msgs/share/my_behavior_tree_msgs/package.bash'
[2.695s] INFO:colcon.colcon_core.shell:Creating package script '/home/etri/bt_tutorials/install/my_behavior_tree_msgs/share/my_behavior_tree_msgs/package.zsh'
[2.695s] Level 1:colcon.colcon_core.environment:create_file_with_runtime_dependencies(/home/etri/bt_tutorials/install/my_behavior_tree_msgs/share/colcon-core/packages/my_behavior_tree_msgs)
[2.695s] DEBUG:colcon.colcon_parallel_executor.executor.parallel:closing loop
[2.695s] DEBUG:colcon.colcon_parallel_executor.executor.parallel:loop closed
[2.695s] DEBUG:colcon.colcon_parallel_executor.executor.parallel:run_until_complete finished with '0'
[2.695s] DEBUG:colcon.colcon_core.event_reactor:joining thread
[2.700s] INFO:colcon.colcon_core.plugin_system:Skipping extension 'colcon_notification.desktop_notification.terminal_notifier': Not used on non-Darwin systems
[2.700s] INFO:colcon.colcon_core.plugin_system:Skipping extension 'colcon_notification.desktop_notification.win32': Not used on non-Windows systems
[2.700s] INFO:colcon.colcon_notification.desktop_notification:Sending desktop notification using 'notify2'
[2.708s] DEBUG:colcon.colcon_core.event_reactor:joined thread
[2.708s] INFO:colcon.colcon_core.shell:Creating prefix script '/home/etri/bt_tutorials/install/local_setup.ps1'
[2.709s] INFO:colcon.colcon_core.shell:Creating prefix util module '/home/etri/bt_tutorials/install/_local_setup_util_ps1.py'
[2.709s] INFO:colcon.colcon_core.shell:Creating prefix chain script '/home/etri/bt_tutorials/install/setup.ps1'
[2.710s] INFO:colcon.colcon_core.shell:Creating prefix script '/home/etri/bt_tutorials/install/local_setup.sh'
[2.710s] INFO:colcon.colcon_core.shell:Creating prefix util module '/home/etri/bt_tutorials/install/_local_setup_util_sh.py'
[2.711s] INFO:colcon.colcon_core.shell:Creating prefix chain script '/home/etri/bt_tutorials/install/setup.sh'
[2.711s] INFO:colcon.colcon_core.shell:Creating prefix script '/home/etri/bt_tutorials/install/local_setup.bash'
[2.712s] INFO:colcon.colcon_core.shell:Creating prefix chain script '/home/etri/bt_tutorials/install/setup.bash'
[2.713s] INFO:colcon.colcon_core.shell:Creating prefix script '/home/etri/bt_tutorials/install/local_setup.zsh'
[2.713s] INFO:colcon.colcon_core.shell:Creating prefix chain script '/home/etri/bt_tutorials/install/setup.zsh'
