[0.155s] Invoking command in '/home/etri/bt_tutorials/build/my_behavior_tree_msgs': CMAKE_PREFIX_PATH=/home/etri/bt_tutorials/install/py_trees_ros_viewer:/home/etri/bt_tutorials/install/my_behavior_tree:/opt/ros/humble /usr/bin/cmake /home/etri/bt_tutorials/src/my_behavior_tree_msgs -DAMENT_CMAKE_SYMLINK_INSTALL=1 -DCMAKE_INSTALL_PREFIX=/home/etri/bt_tutorials/install/my_behavior_tree_msgs
[0.165s] -- Found ament_cmake: 1.3.11 (/opt/ros/humble/share/ament_cmake/cmake)
[0.241s] -- Override CMake install command with custom implementation using symlinks instead of copying resources
[0.244s] -- Found std_msgs: 4.2.4 (/opt/ros/humble/share/std_msgs/cmake)
[0.258s] -- Found rosidl_generator_c: 3.1.6 (/opt/ros/humble/share/rosidl_generator_c/cmake)
[0.259s] -- Found rosidl_adapter: 3.1.6 (/opt/ros/humble/share/rosidl_adapter/cmake)
[0.262s] -- Found rosidl_generator_cpp: 3.1.6 (/opt/ros/humble/share/rosidl_generator_cpp/cmake)
[0.267s] -- Using all available rosidl_typesupport_c: rosidl_typesupport_fastrtps_c;rosidl_typesupport_introspection_c
[0.273s] -- Using all available rosidl_typesupport_cpp: rosidl_typesupport_fastrtps_cpp;rosidl_typesupport_introspection_cpp
[0.284s] -- Found rosidl_default_generators: 1.2.0 (/opt/ros/humble/share/rosidl_default_generators/cmake)
[0.402s] [31mCMake Error at /opt/ros/humble/share/rosidl_cmake/cmake/rosidl_generate_interfaces.cmake:229 (message):
[0.402s]   Packages installing interfaces must include
[0.402s]   '<member_of_group>rosidl_interface_packages</member_of_group>' in their
[0.403s]   package.xml
[0.403s] Call Stack (most recent call first):
[0.403s]   CMakeLists.txt:14 (rosidl_generate_interfaces)
[0.403s] 
[0.403s] [0m
[0.403s] -- Configuring incomplete, errors occurred!
[0.403s] See also "/home/etri/bt_tutorials/build/my_behavior_tree_msgs/CMakeFiles/CMakeOutput.log".
[0.408s] Invoked command in '/home/etri/bt_tutorials/build/my_behavior_tree_msgs' returned '1': CMAKE_PREFIX_PATH=/home/etri/bt_tutorials/install/py_trees_ros_viewer:/home/etri/bt_tutorials/install/my_behavior_tree:/opt/ros/humble /usr/bin/cmake /home/etri/bt_tutorials/src/my_behavior_tree_msgs -DAMENT_CMAKE_SYMLINK_INSTALL=1 -DCMAKE_INSTALL_PREFIX=/home/etri/bt_tutorials/install/my_behavior_tree_msgs
