[0.155s] Invoking command in '/home/etri/bt_tutorials/build/my_behavior_tree_msgs': CMAKE_PREFIX_PATH=${CMAKE_PREFIX_PATH}:/home/etri/bt_tutorials/install/py_trees_ros_viewer:/home/etri/bt_tutorials/install/my_behavior_tree:/opt/ros/humble /usr/bin/cmake --build /home/etri/bt_tutorials/build/my_behavior_tree_msgs -- -j12 -l12
[0.200s] [  9%] Built target my_behavior_tree_msgs__rosidl_generator_c
[0.201s] [ 12%] Built target my_behavior_tree_msgs__cpp
[0.208s] [ 12%] Built target ament_cmake_python_symlink_my_behavior_tree_msgs
[0.218s] [ 22%] Built target my_behavior_tree_msgs__rosidl_typesupport_fastrtps_c
[0.219s] [ 32%] Built target my_behavior_tree_msgs__rosidl_typesupport_c
[0.221s] [ 41%] Built target my_behavior_tree_msgs__rosidl_typesupport_introspection_cpp
[0.221s] [ 51%] Built target my_behavior_tree_msgs__rosidl_typesupport_introspection_c
[0.222s] [ 67%] Built target my_behavior_tree_msgs__rosidl_typesupport_fastrtps_cpp
[0.222s] [ 70%] Built target my_behavior_tree_msgs__rosidl_typesupport_cpp
[0.241s] [ 70%] Built target my_behavior_tree_msgs
[0.261s] [ 74%] Built target my_behavior_tree_msgs__py
[0.283s] [ 80%] Built target my_behavior_tree_msgs__rosidl_generator_py
[0.303s] [100%] Built target my_behavior_tree_msgs__rosidl_typesupport_fastrtps_c__pyext
[0.303s] [100%] Built target my_behavior_tree_msgs__rosidl_typesupport_introspection_c__pyext
[0.304s] [100%] Built target my_behavior_tree_msgs__rosidl_typesupport_c__pyext
[0.355s] running egg_info
[0.356s] writing my_behavior_tree_msgs.egg-info/PKG-INFO
[0.356s] writing dependency_links to my_behavior_tree_msgs.egg-info/dependency_links.txt
[0.356s] writing top-level names to my_behavior_tree_msgs.egg-info/top_level.txt
[0.357s] reading manifest file 'my_behavior_tree_msgs.egg-info/SOURCES.txt'
[0.357s] writing manifest file 'my_behavior_tree_msgs.egg-info/SOURCES.txt'
[0.375s] [100%] Built target ament_cmake_python_build_my_behavior_tree_msgs_egg
[0.387s] Invoked command in '/home/etri/bt_tutorials/build/my_behavior_tree_msgs' returned '0': CMAKE_PREFIX_PATH=${CMAKE_PREFIX_PATH}:/home/etri/bt_tutorials/install/py_trees_ros_viewer:/home/etri/bt_tutorials/install/my_behavior_tree:/opt/ros/humble /usr/bin/cmake --build /home/etri/bt_tutorials/build/my_behavior_tree_msgs -- -j12 -l12
[0.397s] Invoking command in '/home/etri/bt_tutorials/build/my_behavior_tree_msgs': CMAKE_PREFIX_PATH=${CMAKE_PREFIX_PATH}:/home/etri/bt_tutorials/install/py_trees_ros_viewer:/home/etri/bt_tutorials/install/my_behavior_tree:/opt/ros/humble /usr/bin/cmake --install /home/etri/bt_tutorials/build/my_behavior_tree_msgs
[0.405s] -- Install configuration: ""
[0.405s] -- Execute custom install script
[0.405s] -- Up-to-date symlink: /home/etri/bt_tutorials/install/my_behavior_tree_msgs/share/ament_index/resource_index/rosidl_interfaces/my_behavior_tree_msgs
[0.406s] -- Up-to-date symlink: /home/etri/bt_tutorials/install/my_behavior_tree_msgs/include/my_behavior_tree_msgs/my_behavior_tree_msgs/msg/detail/pos_error__functions.h
[0.406s] -- Up-to-date symlink: /home/etri/bt_tutorials/install/my_behavior_tree_msgs/include/my_behavior_tree_msgs/my_behavior_tree_msgs/msg/detail/pos_error__struct.h
[0.406s] -- Up-to-date symlink: /home/etri/bt_tutorials/install/my_behavior_tree_msgs/include/my_behavior_tree_msgs/my_behavior_tree_msgs/msg/detail/pos_error__type_support.h
[0.406s] -- Up-to-date symlink: /home/etri/bt_tutorials/install/my_behavior_tree_msgs/include/my_behavior_tree_msgs/my_behavior_tree_msgs/msg/pos_error.h
[0.406s] -- Up-to-date symlink: /home/etri/bt_tutorials/install/my_behavior_tree_msgs/include/my_behavior_tree_msgs/my_behavior_tree_msgs/msg/rosidl_generator_c__visibility_control.h
[0.406s] -- Up-to-date symlink: /home/etri/bt_tutorials/install/my_behavior_tree_msgs/share/my_behavior_tree_msgs/environment/library_path.sh
[0.406s] -- Up-to-date symlink: /home/etri/bt_tutorials/install/my_behavior_tree_msgs/share/my_behavior_tree_msgs/environment/library_path.dsv
[0.407s] -- Up-to-date symlink: /home/etri/bt_tutorials/install/my_behavior_tree_msgs/include/my_behavior_tree_msgs/my_behavior_tree_msgs/msg/detail/pos_error__rosidl_typesupport_fastrtps_c.h
[0.407s] -- Up-to-date symlink: /home/etri/bt_tutorials/install/my_behavior_tree_msgs/include/my_behavior_tree_msgs/my_behavior_tree_msgs/msg/rosidl_typesupport_fastrtps_c__visibility_control.h
[0.407s] -- Up-to-date symlink: /home/etri/bt_tutorials/install/my_behavior_tree_msgs/include/my_behavior_tree_msgs/my_behavior_tree_msgs/msg/detail/pos_error__rosidl_typesupport_introspection_c.h
[0.407s] -- Up-to-date symlink: /home/etri/bt_tutorials/install/my_behavior_tree_msgs/include/my_behavior_tree_msgs/my_behavior_tree_msgs/msg/rosidl_typesupport_introspection_c__visibility_control.h
[0.407s] -- Up-to-date symlink: /home/etri/bt_tutorials/install/my_behavior_tree_msgs/include/my_behavior_tree_msgs/my_behavior_tree_msgs/msg/detail/pos_error__builder.hpp
[0.407s] -- Up-to-date symlink: /home/etri/bt_tutorials/install/my_behavior_tree_msgs/include/my_behavior_tree_msgs/my_behavior_tree_msgs/msg/detail/pos_error__struct.hpp
[0.407s] -- Up-to-date symlink: /home/etri/bt_tutorials/install/my_behavior_tree_msgs/include/my_behavior_tree_msgs/my_behavior_tree_msgs/msg/detail/pos_error__traits.hpp
[0.408s] -- Up-to-date symlink: /home/etri/bt_tutorials/install/my_behavior_tree_msgs/include/my_behavior_tree_msgs/my_behavior_tree_msgs/msg/detail/pos_error__type_support.hpp
[0.408s] -- Up-to-date symlink: /home/etri/bt_tutorials/install/my_behavior_tree_msgs/include/my_behavior_tree_msgs/my_behavior_tree_msgs/msg/pos_error.hpp
[0.408s] -- Up-to-date symlink: /home/etri/bt_tutorials/install/my_behavior_tree_msgs/include/my_behavior_tree_msgs/my_behavior_tree_msgs/msg/rosidl_generator_cpp__visibility_control.hpp
[0.408s] -- Up-to-date symlink: /home/etri/bt_tutorials/install/my_behavior_tree_msgs/include/my_behavior_tree_msgs/my_behavior_tree_msgs/msg/detail/pos_error__rosidl_typesupport_fastrtps_cpp.hpp
[0.408s] -- Up-to-date symlink: /home/etri/bt_tutorials/install/my_behavior_tree_msgs/include/my_behavior_tree_msgs/my_behavior_tree_msgs/msg/rosidl_typesupport_fastrtps_cpp__visibility_control.h
[0.409s] -- Up-to-date symlink: /home/etri/bt_tutorials/install/my_behavior_tree_msgs/include/my_behavior_tree_msgs/my_behavior_tree_msgs/msg/detail/pos_error__rosidl_typesupport_introspection_cpp.hpp
[0.409s] -- Up-to-date symlink: /home/etri/bt_tutorials/install/my_behavior_tree_msgs/share/my_behavior_tree_msgs/environment/pythonpath.sh
[0.409s] -- Up-to-date symlink: /home/etri/bt_tutorials/install/my_behavior_tree_msgs/share/my_behavior_tree_msgs/environment/pythonpath.dsv
[0.409s] -- Up-to-date symlink: /home/etri/bt_tutorials/install/my_behavior_tree_msgs/local/lib/python3.10/dist-packages/my_behavior_tree_msgs-0.0.0-py3.10.egg-info/PKG-INFO
[0.409s] -- Up-to-date symlink: /home/etri/bt_tutorials/install/my_behavior_tree_msgs/local/lib/python3.10/dist-packages/my_behavior_tree_msgs-0.0.0-py3.10.egg-info/SOURCES.txt
[0.409s] -- Up-to-date symlink: /home/etri/bt_tutorials/install/my_behavior_tree_msgs/local/lib/python3.10/dist-packages/my_behavior_tree_msgs-0.0.0-py3.10.egg-info/dependency_links.txt
[0.409s] -- Up-to-date symlink: /home/etri/bt_tutorials/install/my_behavior_tree_msgs/local/lib/python3.10/dist-packages/my_behavior_tree_msgs-0.0.0-py3.10.egg-info/top_level.txt
[0.410s] -- Up-to-date symlink: /home/etri/bt_tutorials/install/my_behavior_tree_msgs/local/lib/python3.10/dist-packages/my_behavior_tree_msgs/__init__.py
[0.410s] -- Up-to-date symlink: /home/etri/bt_tutorials/install/my_behavior_tree_msgs/local/lib/python3.10/dist-packages/my_behavior_tree_msgs/_my_behavior_tree_msgs_s.ep.rosidl_typesupport_c.c
[0.410s] -- Up-to-date symlink: /home/etri/bt_tutorials/install/my_behavior_tree_msgs/local/lib/python3.10/dist-packages/my_behavior_tree_msgs/_my_behavior_tree_msgs_s.ep.rosidl_typesupport_fastrtps_c.c
[0.410s] -- Up-to-date symlink: /home/etri/bt_tutorials/install/my_behavior_tree_msgs/local/lib/python3.10/dist-packages/my_behavior_tree_msgs/_my_behavior_tree_msgs_s.ep.rosidl_typesupport_introspection_c.c
[0.410s] -- Up-to-date symlink: /home/etri/bt_tutorials/install/my_behavior_tree_msgs/local/lib/python3.10/dist-packages/my_behavior_tree_msgs/libmy_behavior_tree_msgs__rosidl_generator_py.so
[0.410s] -- Up-to-date symlink: /home/etri/bt_tutorials/install/my_behavior_tree_msgs/local/lib/python3.10/dist-packages/my_behavior_tree_msgs/msg/__init__.py
[0.410s] -- Up-to-date symlink: /home/etri/bt_tutorials/install/my_behavior_tree_msgs/local/lib/python3.10/dist-packages/my_behavior_tree_msgs/msg/_pos_error.py
[0.410s] -- Up-to-date symlink: /home/etri/bt_tutorials/install/my_behavior_tree_msgs/local/lib/python3.10/dist-packages/my_behavior_tree_msgs/msg/_pos_error_s.c
[0.411s] -- Up-to-date symlink: /home/etri/bt_tutorials/install/my_behavior_tree_msgs/local/lib/python3.10/dist-packages/my_behavior_tree_msgs/my_behavior_tree_msgs_s__rosidl_typesupport_c.cpython-310-x86_64-linux-gnu.so
[0.411s] -- Up-to-date symlink: /home/etri/bt_tutorials/install/my_behavior_tree_msgs/local/lib/python3.10/dist-packages/my_behavior_tree_msgs/my_behavior_tree_msgs_s__rosidl_typesupport_fastrtps_c.cpython-310-x86_64-linux-gnu.so
[0.411s] -- Up-to-date symlink: /home/etri/bt_tutorials/install/my_behavior_tree_msgs/local/lib/python3.10/dist-packages/my_behavior_tree_msgs/my_behavior_tree_msgs_s__rosidl_typesupport_introspection_c.cpython-310-x86_64-linux-gnu.so
[0.411s] -- Up-to-date symlink: /home/etri/bt_tutorials/install/my_behavior_tree_msgs/local/lib/python3.10/dist-packages/my_behavior_tree_msgs/my_behavior_tree_msgs_s__rosidl_typesupport_fastrtps_c.cpython-310-x86_64-linux-gnu.so
[0.411s] -- Up-to-date symlink: /home/etri/bt_tutorials/install/my_behavior_tree_msgs/local/lib/python3.10/dist-packages/my_behavior_tree_msgs/my_behavior_tree_msgs_s__rosidl_typesupport_introspection_c.cpython-310-x86_64-linux-gnu.so
[0.411s] -- Up-to-date symlink: /home/etri/bt_tutorials/install/my_behavior_tree_msgs/local/lib/python3.10/dist-packages/my_behavior_tree_msgs/my_behavior_tree_msgs_s__rosidl_typesupport_c.cpython-310-x86_64-linux-gnu.so
[0.411s] -- Up-to-date symlink: /home/etri/bt_tutorials/install/my_behavior_tree_msgs/share/my_behavior_tree_msgs/msg/PosError.idl
[0.412s] -- Up-to-date symlink: /home/etri/bt_tutorials/install/my_behavior_tree_msgs/share/my_behavior_tree_msgs/msg/PosError.msg
[0.412s] -- Up-to-date symlink: /home/etri/bt_tutorials/install/my_behavior_tree_msgs/share/ament_index/resource_index/package_run_dependencies/my_behavior_tree_msgs
[0.412s] -- Up-to-date symlink: /home/etri/bt_tutorials/install/my_behavior_tree_msgs/share/ament_index/resource_index/parent_prefix_path/my_behavior_tree_msgs
[0.412s] -- Up-to-date symlink: /home/etri/bt_tutorials/install/my_behavior_tree_msgs/share/my_behavior_tree_msgs/environment/ament_prefix_path.sh
[0.412s] -- Up-to-date symlink: /home/etri/bt_tutorials/install/my_behavior_tree_msgs/share/my_behavior_tree_msgs/environment/ament_prefix_path.dsv
[0.412s] -- Up-to-date symlink: /home/etri/bt_tutorials/install/my_behavior_tree_msgs/share/my_behavior_tree_msgs/environment/path.sh
[0.412s] -- Up-to-date symlink: /home/etri/bt_tutorials/install/my_behavior_tree_msgs/share/my_behavior_tree_msgs/environment/path.dsv
[0.412s] -- Up-to-date symlink: /home/etri/bt_tutorials/install/my_behavior_tree_msgs/share/my_behavior_tree_msgs/local_setup.bash
[0.412s] -- Up-to-date symlink: /home/etri/bt_tutorials/install/my_behavior_tree_msgs/share/my_behavior_tree_msgs/local_setup.sh
[0.413s] -- Up-to-date symlink: /home/etri/bt_tutorials/install/my_behavior_tree_msgs/share/my_behavior_tree_msgs/local_setup.zsh
[0.413s] -- Up-to-date symlink: /home/etri/bt_tutorials/install/my_behavior_tree_msgs/share/my_behavior_tree_msgs/local_setup.dsv
[0.413s] -- Symlinking: /home/etri/bt_tutorials/install/my_behavior_tree_msgs/share/my_behavior_tree_msgs/package.dsv
[0.422s] -- Up-to-date symlink: /home/etri/bt_tutorials/install/my_behavior_tree_msgs/share/ament_index/resource_index/packages/my_behavior_tree_msgs
[0.422s] -- Up-to-date symlink: /home/etri/bt_tutorials/install/my_behavior_tree_msgs/share/my_behavior_tree_msgs/cmake/rosidl_cmake-extras.cmake
[0.422s] -- Up-to-date symlink: /home/etri/bt_tutorials/install/my_behavior_tree_msgs/share/my_behavior_tree_msgs/cmake/ament_cmake_export_include_directories-extras.cmake
[0.422s] -- Up-to-date symlink: /home/etri/bt_tutorials/install/my_behavior_tree_msgs/share/my_behavior_tree_msgs/cmake/ament_cmake_export_libraries-extras.cmake
[0.422s] -- Up-to-date symlink: /home/etri/bt_tutorials/install/my_behavior_tree_msgs/share/my_behavior_tree_msgs/cmake/ament_cmake_export_targets-extras.cmake
[0.422s] -- Up-to-date symlink: /home/etri/bt_tutorials/install/my_behavior_tree_msgs/share/my_behavior_tree_msgs/cmake/rosidl_cmake_export_typesupport_targets-extras.cmake
[0.423s] -- Up-to-date symlink: /home/etri/bt_tutorials/install/my_behavior_tree_msgs/share/my_behavior_tree_msgs/cmake/ament_cmake_export_dependencies-extras.cmake
[0.423s] -- Up-to-date symlink: /home/etri/bt_tutorials/install/my_behavior_tree_msgs/share/my_behavior_tree_msgs/cmake/rosidl_cmake_export_typesupport_libraries-extras.cmake
[0.423s] -- Up-to-date symlink: /home/etri/bt_tutorials/install/my_behavior_tree_msgs/share/my_behavior_tree_msgs/cmake/my_behavior_tree_msgsConfig.cmake
[0.423s] -- Up-to-date symlink: /home/etri/bt_tutorials/install/my_behavior_tree_msgs/share/my_behavior_tree_msgs/cmake/my_behavior_tree_msgsConfig-version.cmake
[0.423s] -- Up-to-date symlink: /home/etri/bt_tutorials/install/my_behavior_tree_msgs/share/my_behavior_tree_msgs/package.xml
[0.423s] -- Up-to-date: /home/etri/bt_tutorials/install/my_behavior_tree_msgs/lib/libmy_behavior_tree_msgs__rosidl_generator_c.so
[0.423s] -- Up-to-date: /home/etri/bt_tutorials/install/my_behavior_tree_msgs/lib/libmy_behavior_tree_msgs__rosidl_typesupport_fastrtps_c.so
[0.424s] -- Up-to-date: /home/etri/bt_tutorials/install/my_behavior_tree_msgs/lib/libmy_behavior_tree_msgs__rosidl_typesupport_introspection_c.so
[0.424s] -- Up-to-date: /home/etri/bt_tutorials/install/my_behavior_tree_msgs/lib/libmy_behavior_tree_msgs__rosidl_typesupport_c.so
[0.424s] -- Up-to-date: /home/etri/bt_tutorials/install/my_behavior_tree_msgs/lib/libmy_behavior_tree_msgs__rosidl_typesupport_fastrtps_cpp.so
[0.424s] -- Up-to-date: /home/etri/bt_tutorials/install/my_behavior_tree_msgs/lib/libmy_behavior_tree_msgs__rosidl_typesupport_introspection_cpp.so
[0.425s] -- Up-to-date: /home/etri/bt_tutorials/install/my_behavior_tree_msgs/lib/libmy_behavior_tree_msgs__rosidl_typesupport_cpp.so
[0.451s] Listing '/home/etri/bt_tutorials/install/my_behavior_tree_msgs/local/lib/python3.10/dist-packages/my_behavior_tree_msgs'...
[0.451s] Listing '/home/etri/bt_tutorials/install/my_behavior_tree_msgs/local/lib/python3.10/dist-packages/my_behavior_tree_msgs/msg'...
[0.455s] -- Up-to-date: /home/etri/bt_tutorials/install/my_behavior_tree_msgs/lib/libmy_behavior_tree_msgs__rosidl_generator_py.so
[0.455s] -- Up-to-date: /home/etri/bt_tutorials/install/my_behavior_tree_msgs/share/my_behavior_tree_msgs/cmake/export_my_behavior_tree_msgs__rosidl_generator_cExport.cmake
[0.455s] -- Up-to-date: /home/etri/bt_tutorials/install/my_behavior_tree_msgs/share/my_behavior_tree_msgs/cmake/export_my_behavior_tree_msgs__rosidl_generator_cExport-noconfig.cmake
[0.455s] -- Up-to-date: /home/etri/bt_tutorials/install/my_behavior_tree_msgs/share/my_behavior_tree_msgs/cmake/export_my_behavior_tree_msgs__rosidl_typesupport_fastrtps_cExport.cmake
[0.455s] -- Up-to-date: /home/etri/bt_tutorials/install/my_behavior_tree_msgs/share/my_behavior_tree_msgs/cmake/export_my_behavior_tree_msgs__rosidl_typesupport_fastrtps_cExport-noconfig.cmake
[0.455s] -- Up-to-date: /home/etri/bt_tutorials/install/my_behavior_tree_msgs/share/my_behavior_tree_msgs/cmake/my_behavior_tree_msgs__rosidl_typesupport_introspection_cExport.cmake
[0.455s] -- Up-to-date: /home/etri/bt_tutorials/install/my_behavior_tree_msgs/share/my_behavior_tree_msgs/cmake/my_behavior_tree_msgs__rosidl_typesupport_introspection_cExport-noconfig.cmake
[0.455s] -- Up-to-date: /home/etri/bt_tutorials/install/my_behavior_tree_msgs/share/my_behavior_tree_msgs/cmake/my_behavior_tree_msgs__rosidl_typesupport_cExport.cmake
[0.455s] -- Up-to-date: /home/etri/bt_tutorials/install/my_behavior_tree_msgs/share/my_behavior_tree_msgs/cmake/my_behavior_tree_msgs__rosidl_typesupport_cExport-noconfig.cmake
[0.455s] -- Up-to-date: /home/etri/bt_tutorials/install/my_behavior_tree_msgs/share/my_behavior_tree_msgs/cmake/export_my_behavior_tree_msgs__rosidl_generator_cppExport.cmake
[0.455s] -- Up-to-date: /home/etri/bt_tutorials/install/my_behavior_tree_msgs/share/my_behavior_tree_msgs/cmake/export_my_behavior_tree_msgs__rosidl_typesupport_fastrtps_cppExport.cmake
[0.456s] -- Up-to-date: /home/etri/bt_tutorials/install/my_behavior_tree_msgs/share/my_behavior_tree_msgs/cmake/export_my_behavior_tree_msgs__rosidl_typesupport_fastrtps_cppExport-noconfig.cmake
[0.456s] -- Up-to-date: /home/etri/bt_tutorials/install/my_behavior_tree_msgs/share/my_behavior_tree_msgs/cmake/my_behavior_tree_msgs__rosidl_typesupport_introspection_cppExport.cmake
[0.456s] -- Up-to-date: /home/etri/bt_tutorials/install/my_behavior_tree_msgs/share/my_behavior_tree_msgs/cmake/my_behavior_tree_msgs__rosidl_typesupport_introspection_cppExport-noconfig.cmake
[0.456s] -- Up-to-date: /home/etri/bt_tutorials/install/my_behavior_tree_msgs/share/my_behavior_tree_msgs/cmake/my_behavior_tree_msgs__rosidl_typesupport_cppExport.cmake
[0.456s] -- Up-to-date: /home/etri/bt_tutorials/install/my_behavior_tree_msgs/share/my_behavior_tree_msgs/cmake/my_behavior_tree_msgs__rosidl_typesupport_cppExport-noconfig.cmake
[0.456s] -- Up-to-date: /home/etri/bt_tutorials/install/my_behavior_tree_msgs/share/my_behavior_tree_msgs/cmake/export_my_behavior_tree_msgs__rosidl_generator_pyExport.cmake
[0.456s] -- Up-to-date: /home/etri/bt_tutorials/install/my_behavior_tree_msgs/share/my_behavior_tree_msgs/cmake/export_my_behavior_tree_msgs__rosidl_generator_pyExport-noconfig.cmake
[0.458s] Invoked command in '/home/etri/bt_tutorials/build/my_behavior_tree_msgs' returned '0': CMAKE_PREFIX_PATH=${CMAKE_PREFIX_PATH}:/home/etri/bt_tutorials/install/py_trees_ros_viewer:/home/etri/bt_tutorials/install/my_behavior_tree:/opt/ros/humble /usr/bin/cmake --install /home/etri/bt_tutorials/build/my_behavior_tree_msgs
