[0.158s] Invoking command in '/home/etri/bt_tutorials/build/my_behavior_tree_msgs': CMAKE_PREFIX_PATH=${CMAKE_PREFIX_PATH}:/home/etri/bt_tutorials/install/py_trees_ros_viewer:/home/etri/bt_tutorials/install/my_behavior_tree:/opt/ros/humble /usr/bin/cmake --build /home/etri/bt_tutorials/build/my_behavior_tree_msgs -- -j12 -l12
[0.192s] [35m[1mConsolidate compiler generated dependencies of target my_behavior_tree_msgs__rosidl_generator_c[0m
[0.200s] [  3%] Built target my_behavior_tree_msgs__cpp
[0.202s] [ 12%] Built target my_behavior_tree_msgs__rosidl_generator_c
[0.207s] [ 12%] Built target ament_cmake_python_symlink_my_behavior_tree_msgs
[0.209s] [35m[1mConsolidate compiler generated dependencies of target my_behavior_tree_msgs__rosidl_typesupport_cpp[0m
[0.209s] [35m[1mConsolidate compiler generated dependencies of target my_behavior_tree_msgs__rosidl_typesupport_fastrtps_cpp[0m
[0.210s] [35m[1mConsolidate compiler generated dependencies of target my_behavior_tree_msgs__rosidl_typesupport_introspection_cpp[0m
[0.211s] [35m[1mConsolidate compiler generated dependencies of target my_behavior_tree_msgs__rosidl_typesupport_fastrtps_c[0m
[0.212s] [35m[1mConsolidate compiler generated dependencies of target my_behavior_tree_msgs__rosidl_typesupport_c[0m
[0.213s] [35m[1mConsolidate compiler generated dependencies of target my_behavior_tree_msgs__rosidl_typesupport_introspection_c[0m
[0.223s] [ 22%] Built target my_behavior_tree_msgs__rosidl_typesupport_cpp
[0.223s] [ 32%] Built target my_behavior_tree_msgs__rosidl_typesupport_introspection_cpp
[0.223s] [ 41%] Built target my_behavior_tree_msgs__rosidl_typesupport_c
[0.223s] [ 58%] Built target my_behavior_tree_msgs__rosidl_typesupport_fastrtps_c
[0.223s] [ 61%] Built target my_behavior_tree_msgs__rosidl_typesupport_fastrtps_cpp
[0.224s] [ 70%] Built target my_behavior_tree_msgs__rosidl_typesupport_introspection_c
[0.244s] [ 70%] Built target my_behavior_tree_msgs
[0.264s] [ 74%] Built target my_behavior_tree_msgs__py
[0.274s] [35m[1mConsolidate compiler generated dependencies of target my_behavior_tree_msgs__rosidl_generator_py[0m
[0.287s] [ 80%] Built target my_behavior_tree_msgs__rosidl_generator_py
[0.297s] [35m[1mConsolidate compiler generated dependencies of target my_behavior_tree_msgs__rosidl_typesupport_introspection_c__pyext[0m
[0.297s] [35m[1mConsolidate compiler generated dependencies of target my_behavior_tree_msgs__rosidl_typesupport_c__pyext[0m
[0.297s] [35m[1mConsolidate compiler generated dependencies of target my_behavior_tree_msgs__rosidl_typesupport_fastrtps_c__pyext[0m
[0.309s] [100%] Built target my_behavior_tree_msgs__rosidl_typesupport_fastrtps_c__pyext
[0.309s] [100%] Built target my_behavior_tree_msgs__rosidl_typesupport_introspection_c__pyext
[0.309s] [100%] Built target my_behavior_tree_msgs__rosidl_typesupport_c__pyext
[0.400s] running egg_info
[0.400s] writing my_behavior_tree_msgs.egg-info/PKG-INFO
[0.400s] writing dependency_links to my_behavior_tree_msgs.egg-info/dependency_links.txt
[0.400s] writing top-level names to my_behavior_tree_msgs.egg-info/top_level.txt
[0.402s] reading manifest file 'my_behavior_tree_msgs.egg-info/SOURCES.txt'
[0.403s] writing manifest file 'my_behavior_tree_msgs.egg-info/SOURCES.txt'
[0.425s] [100%] Built target ament_cmake_python_build_my_behavior_tree_msgs_egg
[0.437s] Invoked command in '/home/etri/bt_tutorials/build/my_behavior_tree_msgs' returned '0': CMAKE_PREFIX_PATH=${CMAKE_PREFIX_PATH}:/home/etri/bt_tutorials/install/py_trees_ros_viewer:/home/etri/bt_tutorials/install/my_behavior_tree:/opt/ros/humble /usr/bin/cmake --build /home/etri/bt_tutorials/build/my_behavior_tree_msgs -- -j12 -l12
[0.448s] Invoking command in '/home/etri/bt_tutorials/build/my_behavior_tree_msgs': CMAKE_PREFIX_PATH=${CMAKE_PREFIX_PATH}:/home/etri/bt_tutorials/install/py_trees_ros_viewer:/home/etri/bt_tutorials/install/my_behavior_tree:/opt/ros/humble /usr/bin/cmake --install /home/etri/bt_tutorials/build/my_behavior_tree_msgs
[0.455s] -- Install configuration: ""
[0.456s] -- Execute custom install script
[0.456s] -- Up-to-date symlink: /home/etri/bt_tutorials/install/my_behavior_tree_msgs/share/ament_index/resource_index/rosidl_interfaces/my_behavior_tree_msgs
[0.456s] -- Up-to-date symlink: /home/etri/bt_tutorials/install/my_behavior_tree_msgs/include/my_behavior_tree_msgs/my_behavior_tree_msgs/msg/detail/pos_error__functions.h
[0.456s] -- Up-to-date symlink: /home/etri/bt_tutorials/install/my_behavior_tree_msgs/include/my_behavior_tree_msgs/my_behavior_tree_msgs/msg/detail/pos_error__struct.h
[0.456s] -- Up-to-date symlink: /home/etri/bt_tutorials/install/my_behavior_tree_msgs/include/my_behavior_tree_msgs/my_behavior_tree_msgs/msg/detail/pos_error__type_support.h
[0.457s] -- Up-to-date symlink: /home/etri/bt_tutorials/install/my_behavior_tree_msgs/include/my_behavior_tree_msgs/my_behavior_tree_msgs/msg/pos_error.h
[0.457s] -- Up-to-date symlink: /home/etri/bt_tutorials/install/my_behavior_tree_msgs/include/my_behavior_tree_msgs/my_behavior_tree_msgs/msg/rosidl_generator_c__visibility_control.h
[0.457s] -- Up-to-date symlink: /home/etri/bt_tutorials/install/my_behavior_tree_msgs/share/my_behavior_tree_msgs/environment/library_path.sh
[0.457s] -- Up-to-date symlink: /home/etri/bt_tutorials/install/my_behavior_tree_msgs/share/my_behavior_tree_msgs/environment/library_path.dsv
[0.457s] -- Up-to-date symlink: /home/etri/bt_tutorials/install/my_behavior_tree_msgs/include/my_behavior_tree_msgs/my_behavior_tree_msgs/msg/detail/pos_error__rosidl_typesupport_fastrtps_c.h
[0.457s] -- Up-to-date symlink: /home/etri/bt_tutorials/install/my_behavior_tree_msgs/include/my_behavior_tree_msgs/my_behavior_tree_msgs/msg/rosidl_typesupport_fastrtps_c__visibility_control.h
[0.458s] -- Up-to-date symlink: /home/etri/bt_tutorials/install/my_behavior_tree_msgs/include/my_behavior_tree_msgs/my_behavior_tree_msgs/msg/detail/pos_error__rosidl_typesupport_introspection_c.h
[0.458s] -- Up-to-date symlink: /home/etri/bt_tutorials/install/my_behavior_tree_msgs/include/my_behavior_tree_msgs/my_behavior_tree_msgs/msg/rosidl_typesupport_introspection_c__visibility_control.h
[0.458s] -- Up-to-date symlink: /home/etri/bt_tutorials/install/my_behavior_tree_msgs/include/my_behavior_tree_msgs/my_behavior_tree_msgs/msg/detail/pos_error__builder.hpp
[0.458s] -- Up-to-date symlink: /home/etri/bt_tutorials/install/my_behavior_tree_msgs/include/my_behavior_tree_msgs/my_behavior_tree_msgs/msg/detail/pos_error__struct.hpp
[0.458s] -- Up-to-date symlink: /home/etri/bt_tutorials/install/my_behavior_tree_msgs/include/my_behavior_tree_msgs/my_behavior_tree_msgs/msg/detail/pos_error__traits.hpp
[0.458s] -- Up-to-date symlink: /home/etri/bt_tutorials/install/my_behavior_tree_msgs/include/my_behavior_tree_msgs/my_behavior_tree_msgs/msg/detail/pos_error__type_support.hpp
[0.458s] -- Up-to-date symlink: /home/etri/bt_tutorials/install/my_behavior_tree_msgs/include/my_behavior_tree_msgs/my_behavior_tree_msgs/msg/pos_error.hpp
[0.458s] -- Up-to-date symlink: /home/etri/bt_tutorials/install/my_behavior_tree_msgs/include/my_behavior_tree_msgs/my_behavior_tree_msgs/msg/rosidl_generator_cpp__visibility_control.hpp
[0.459s] -- Up-to-date symlink: /home/etri/bt_tutorials/install/my_behavior_tree_msgs/include/my_behavior_tree_msgs/my_behavior_tree_msgs/msg/detail/pos_error__rosidl_typesupport_fastrtps_cpp.hpp
[0.459s] -- Up-to-date symlink: /home/etri/bt_tutorials/install/my_behavior_tree_msgs/include/my_behavior_tree_msgs/my_behavior_tree_msgs/msg/rosidl_typesupport_fastrtps_cpp__visibility_control.h
[0.459s] -- Up-to-date symlink: /home/etri/bt_tutorials/install/my_behavior_tree_msgs/include/my_behavior_tree_msgs/my_behavior_tree_msgs/msg/detail/pos_error__rosidl_typesupport_introspection_cpp.hpp
[0.459s] -- Up-to-date symlink: /home/etri/bt_tutorials/install/my_behavior_tree_msgs/share/my_behavior_tree_msgs/environment/pythonpath.sh
[0.459s] -- Up-to-date symlink: /home/etri/bt_tutorials/install/my_behavior_tree_msgs/share/my_behavior_tree_msgs/environment/pythonpath.dsv
[0.460s] -- Up-to-date symlink: /home/etri/bt_tutorials/install/my_behavior_tree_msgs/local/lib/python3.10/dist-packages/my_behavior_tree_msgs-0.0.0-py3.10.egg-info/PKG-INFO
[0.460s] -- Up-to-date symlink: /home/etri/bt_tutorials/install/my_behavior_tree_msgs/local/lib/python3.10/dist-packages/my_behavior_tree_msgs-0.0.0-py3.10.egg-info/SOURCES.txt
[0.460s] -- Up-to-date symlink: /home/etri/bt_tutorials/install/my_behavior_tree_msgs/local/lib/python3.10/dist-packages/my_behavior_tree_msgs-0.0.0-py3.10.egg-info/dependency_links.txt
[0.460s] -- Up-to-date symlink: /home/etri/bt_tutorials/install/my_behavior_tree_msgs/local/lib/python3.10/dist-packages/my_behavior_tree_msgs-0.0.0-py3.10.egg-info/top_level.txt
[0.460s] -- Up-to-date symlink: /home/etri/bt_tutorials/install/my_behavior_tree_msgs/local/lib/python3.10/dist-packages/my_behavior_tree_msgs/__init__.py
[0.460s] -- Up-to-date symlink: /home/etri/bt_tutorials/install/my_behavior_tree_msgs/local/lib/python3.10/dist-packages/my_behavior_tree_msgs/_my_behavior_tree_msgs_s.ep.rosidl_typesupport_c.c
[0.460s] -- Up-to-date symlink: /home/etri/bt_tutorials/install/my_behavior_tree_msgs/local/lib/python3.10/dist-packages/my_behavior_tree_msgs/_my_behavior_tree_msgs_s.ep.rosidl_typesupport_fastrtps_c.c
[0.461s] -- Up-to-date symlink: /home/etri/bt_tutorials/install/my_behavior_tree_msgs/local/lib/python3.10/dist-packages/my_behavior_tree_msgs/_my_behavior_tree_msgs_s.ep.rosidl_typesupport_introspection_c.c
[0.461s] -- Up-to-date symlink: /home/etri/bt_tutorials/install/my_behavior_tree_msgs/local/lib/python3.10/dist-packages/my_behavior_tree_msgs/libmy_behavior_tree_msgs__rosidl_generator_py.so
[0.461s] -- Up-to-date symlink: /home/etri/bt_tutorials/install/my_behavior_tree_msgs/local/lib/python3.10/dist-packages/my_behavior_tree_msgs/msg/__init__.py
[0.461s] -- Up-to-date symlink: /home/etri/bt_tutorials/install/my_behavior_tree_msgs/local/lib/python3.10/dist-packages/my_behavior_tree_msgs/msg/_pos_error.py
[0.461s] -- Up-to-date symlink: /home/etri/bt_tutorials/install/my_behavior_tree_msgs/local/lib/python3.10/dist-packages/my_behavior_tree_msgs/msg/_pos_error_s.c
[0.461s] -- Up-to-date symlink: /home/etri/bt_tutorials/install/my_behavior_tree_msgs/local/lib/python3.10/dist-packages/my_behavior_tree_msgs/my_behavior_tree_msgs_s__rosidl_typesupport_c.cpython-310-x86_64-linux-gnu.so
[0.461s] -- Up-to-date symlink: /home/etri/bt_tutorials/install/my_behavior_tree_msgs/local/lib/python3.10/dist-packages/my_behavior_tree_msgs/my_behavior_tree_msgs_s__rosidl_typesupport_fastrtps_c.cpython-310-x86_64-linux-gnu.so
[0.461s] -- Up-to-date symlink: /home/etri/bt_tutorials/install/my_behavior_tree_msgs/local/lib/python3.10/dist-packages/my_behavior_tree_msgs/my_behavior_tree_msgs_s__rosidl_typesupport_introspection_c.cpython-310-x86_64-linux-gnu.so
[0.461s] -- Up-to-date symlink: /home/etri/bt_tutorials/install/my_behavior_tree_msgs/local/lib/python3.10/dist-packages/my_behavior_tree_msgs/my_behavior_tree_msgs_s__rosidl_typesupport_fastrtps_c.cpython-310-x86_64-linux-gnu.so
[0.462s] -- Up-to-date symlink: /home/etri/bt_tutorials/install/my_behavior_tree_msgs/local/lib/python3.10/dist-packages/my_behavior_tree_msgs/my_behavior_tree_msgs_s__rosidl_typesupport_introspection_c.cpython-310-x86_64-linux-gnu.so
[0.462s] -- Up-to-date symlink: /home/etri/bt_tutorials/install/my_behavior_tree_msgs/local/lib/python3.10/dist-packages/my_behavior_tree_msgs/my_behavior_tree_msgs_s__rosidl_typesupport_c.cpython-310-x86_64-linux-gnu.so
[0.462s] -- Up-to-date symlink: /home/etri/bt_tutorials/install/my_behavior_tree_msgs/share/my_behavior_tree_msgs/msg/PosError.idl
[0.462s] -- Up-to-date symlink: /home/etri/bt_tutorials/install/my_behavior_tree_msgs/share/my_behavior_tree_msgs/msg/PosError.msg
[0.462s] -- Up-to-date symlink: /home/etri/bt_tutorials/install/my_behavior_tree_msgs/share/ament_index/resource_index/package_run_dependencies/my_behavior_tree_msgs
[0.462s] -- Up-to-date symlink: /home/etri/bt_tutorials/install/my_behavior_tree_msgs/share/ament_index/resource_index/parent_prefix_path/my_behavior_tree_msgs
[0.462s] -- Up-to-date symlink: /home/etri/bt_tutorials/install/my_behavior_tree_msgs/share/my_behavior_tree_msgs/environment/ament_prefix_path.sh
[0.462s] -- Up-to-date symlink: /home/etri/bt_tutorials/install/my_behavior_tree_msgs/share/my_behavior_tree_msgs/environment/ament_prefix_path.dsv
[0.462s] -- Up-to-date symlink: /home/etri/bt_tutorials/install/my_behavior_tree_msgs/share/my_behavior_tree_msgs/environment/path.sh
[0.463s] -- Up-to-date symlink: /home/etri/bt_tutorials/install/my_behavior_tree_msgs/share/my_behavior_tree_msgs/environment/path.dsv
[0.463s] -- Up-to-date symlink: /home/etri/bt_tutorials/install/my_behavior_tree_msgs/share/my_behavior_tree_msgs/local_setup.bash
[0.463s] -- Up-to-date symlink: /home/etri/bt_tutorials/install/my_behavior_tree_msgs/share/my_behavior_tree_msgs/local_setup.sh
[0.463s] -- Up-to-date symlink: /home/etri/bt_tutorials/install/my_behavior_tree_msgs/share/my_behavior_tree_msgs/local_setup.zsh
[0.463s] -- Up-to-date symlink: /home/etri/bt_tutorials/install/my_behavior_tree_msgs/share/my_behavior_tree_msgs/local_setup.dsv
[0.463s] -- Symlinking: /home/etri/bt_tutorials/install/my_behavior_tree_msgs/share/my_behavior_tree_msgs/package.dsv
[0.472s] -- Up-to-date symlink: /home/etri/bt_tutorials/install/my_behavior_tree_msgs/share/ament_index/resource_index/packages/my_behavior_tree_msgs
[0.472s] -- Up-to-date symlink: /home/etri/bt_tutorials/install/my_behavior_tree_msgs/share/my_behavior_tree_msgs/cmake/rosidl_cmake-extras.cmake
[0.472s] -- Up-to-date symlink: /home/etri/bt_tutorials/install/my_behavior_tree_msgs/share/my_behavior_tree_msgs/cmake/ament_cmake_export_include_directories-extras.cmake
[0.472s] -- Up-to-date symlink: /home/etri/bt_tutorials/install/my_behavior_tree_msgs/share/my_behavior_tree_msgs/cmake/ament_cmake_export_libraries-extras.cmake
[0.472s] -- Up-to-date symlink: /home/etri/bt_tutorials/install/my_behavior_tree_msgs/share/my_behavior_tree_msgs/cmake/ament_cmake_export_targets-extras.cmake
[0.473s] -- Up-to-date symlink: /home/etri/bt_tutorials/install/my_behavior_tree_msgs/share/my_behavior_tree_msgs/cmake/rosidl_cmake_export_typesupport_targets-extras.cmake
[0.473s] -- Up-to-date symlink: /home/etri/bt_tutorials/install/my_behavior_tree_msgs/share/my_behavior_tree_msgs/cmake/ament_cmake_export_dependencies-extras.cmake
[0.473s] -- Up-to-date symlink: /home/etri/bt_tutorials/install/my_behavior_tree_msgs/share/my_behavior_tree_msgs/cmake/rosidl_cmake_export_typesupport_libraries-extras.cmake
[0.473s] -- Up-to-date symlink: /home/etri/bt_tutorials/install/my_behavior_tree_msgs/share/my_behavior_tree_msgs/cmake/my_behavior_tree_msgsConfig.cmake
[0.473s] -- Up-to-date symlink: /home/etri/bt_tutorials/install/my_behavior_tree_msgs/share/my_behavior_tree_msgs/cmake/my_behavior_tree_msgsConfig-version.cmake
[0.473s] -- Up-to-date symlink: /home/etri/bt_tutorials/install/my_behavior_tree_msgs/share/my_behavior_tree_msgs/package.xml
[0.473s] -- Up-to-date: /home/etri/bt_tutorials/install/my_behavior_tree_msgs/lib/libmy_behavior_tree_msgs__rosidl_generator_c.so
[0.474s] -- Up-to-date: /home/etri/bt_tutorials/install/my_behavior_tree_msgs/lib/libmy_behavior_tree_msgs__rosidl_typesupport_fastrtps_c.so
[0.474s] -- Up-to-date: /home/etri/bt_tutorials/install/my_behavior_tree_msgs/lib/libmy_behavior_tree_msgs__rosidl_typesupport_introspection_c.so
[0.474s] -- Up-to-date: /home/etri/bt_tutorials/install/my_behavior_tree_msgs/lib/libmy_behavior_tree_msgs__rosidl_typesupport_c.so
[0.474s] -- Up-to-date: /home/etri/bt_tutorials/install/my_behavior_tree_msgs/lib/libmy_behavior_tree_msgs__rosidl_typesupport_fastrtps_cpp.so
[0.475s] -- Up-to-date: /home/etri/bt_tutorials/install/my_behavior_tree_msgs/lib/libmy_behavior_tree_msgs__rosidl_typesupport_introspection_cpp.so
[0.475s] -- Up-to-date: /home/etri/bt_tutorials/install/my_behavior_tree_msgs/lib/libmy_behavior_tree_msgs__rosidl_typesupport_cpp.so
[0.501s] Listing '/home/etri/bt_tutorials/install/my_behavior_tree_msgs/local/lib/python3.10/dist-packages/my_behavior_tree_msgs'...
[0.502s] Listing '/home/etri/bt_tutorials/install/my_behavior_tree_msgs/local/lib/python3.10/dist-packages/my_behavior_tree_msgs/msg'...
[0.505s] -- Up-to-date: /home/etri/bt_tutorials/install/my_behavior_tree_msgs/lib/libmy_behavior_tree_msgs__rosidl_generator_py.so
[0.505s] -- Up-to-date: /home/etri/bt_tutorials/install/my_behavior_tree_msgs/share/my_behavior_tree_msgs/cmake/export_my_behavior_tree_msgs__rosidl_generator_cExport.cmake
[0.505s] -- Up-to-date: /home/etri/bt_tutorials/install/my_behavior_tree_msgs/share/my_behavior_tree_msgs/cmake/export_my_behavior_tree_msgs__rosidl_generator_cExport-noconfig.cmake
[0.505s] -- Up-to-date: /home/etri/bt_tutorials/install/my_behavior_tree_msgs/share/my_behavior_tree_msgs/cmake/export_my_behavior_tree_msgs__rosidl_typesupport_fastrtps_cExport.cmake
[0.506s] -- Up-to-date: /home/etri/bt_tutorials/install/my_behavior_tree_msgs/share/my_behavior_tree_msgs/cmake/export_my_behavior_tree_msgs__rosidl_typesupport_fastrtps_cExport-noconfig.cmake
[0.506s] -- Up-to-date: /home/etri/bt_tutorials/install/my_behavior_tree_msgs/share/my_behavior_tree_msgs/cmake/my_behavior_tree_msgs__rosidl_typesupport_introspection_cExport.cmake
[0.506s] -- Up-to-date: /home/etri/bt_tutorials/install/my_behavior_tree_msgs/share/my_behavior_tree_msgs/cmake/my_behavior_tree_msgs__rosidl_typesupport_introspection_cExport-noconfig.cmake
[0.506s] -- Up-to-date: /home/etri/bt_tutorials/install/my_behavior_tree_msgs/share/my_behavior_tree_msgs/cmake/my_behavior_tree_msgs__rosidl_typesupport_cExport.cmake
[0.506s] -- Up-to-date: /home/etri/bt_tutorials/install/my_behavior_tree_msgs/share/my_behavior_tree_msgs/cmake/my_behavior_tree_msgs__rosidl_typesupport_cExport-noconfig.cmake
[0.506s] -- Up-to-date: /home/etri/bt_tutorials/install/my_behavior_tree_msgs/share/my_behavior_tree_msgs/cmake/export_my_behavior_tree_msgs__rosidl_generator_cppExport.cmake
[0.506s] -- Up-to-date: /home/etri/bt_tutorials/install/my_behavior_tree_msgs/share/my_behavior_tree_msgs/cmake/export_my_behavior_tree_msgs__rosidl_typesupport_fastrtps_cppExport.cmake
[0.506s] -- Up-to-date: /home/etri/bt_tutorials/install/my_behavior_tree_msgs/share/my_behavior_tree_msgs/cmake/export_my_behavior_tree_msgs__rosidl_typesupport_fastrtps_cppExport-noconfig.cmake
[0.506s] -- Up-to-date: /home/etri/bt_tutorials/install/my_behavior_tree_msgs/share/my_behavior_tree_msgs/cmake/my_behavior_tree_msgs__rosidl_typesupport_introspection_cppExport.cmake
[0.506s] -- Up-to-date: /home/etri/bt_tutorials/install/my_behavior_tree_msgs/share/my_behavior_tree_msgs/cmake/my_behavior_tree_msgs__rosidl_typesupport_introspection_cppExport-noconfig.cmake
[0.506s] -- Up-to-date: /home/etri/bt_tutorials/install/my_behavior_tree_msgs/share/my_behavior_tree_msgs/cmake/my_behavior_tree_msgs__rosidl_typesupport_cppExport.cmake
[0.506s] -- Up-to-date: /home/etri/bt_tutorials/install/my_behavior_tree_msgs/share/my_behavior_tree_msgs/cmake/my_behavior_tree_msgs__rosidl_typesupport_cppExport-noconfig.cmake
[0.506s] -- Up-to-date: /home/etri/bt_tutorials/install/my_behavior_tree_msgs/share/my_behavior_tree_msgs/cmake/export_my_behavior_tree_msgs__rosidl_generator_pyExport.cmake
[0.506s] -- Up-to-date: /home/etri/bt_tutorials/install/my_behavior_tree_msgs/share/my_behavior_tree_msgs/cmake/export_my_behavior_tree_msgs__rosidl_generator_pyExport-noconfig.cmake
[0.509s] Invoked command in '/home/etri/bt_tutorials/build/my_behavior_tree_msgs' returned '0': CMAKE_PREFIX_PATH=${CMAKE_PREFIX_PATH}:/home/etri/bt_tutorials/install/py_trees_ros_viewer:/home/etri/bt_tutorials/install/my_behavior_tree:/opt/ros/humble /usr/bin/cmake --install /home/etri/bt_tutorials/build/my_behavior_tree_msgs
