[0.057s] DEBUG:colcon:Command line arguments: ['/usr/bin/colcon', 'build', '--symlink-install']
[0.057s] DEBUG:colcon:Parsed command line arguments: Namespace(log_base=None, log_level=None, verb_name='build', build_base='build', install_base='install', merge_install=False, symlink_install=True, test_result_base=None, continue_on_error=False, executor='parallel', parallel_workers=12, event_handlers=None, ignore_user_meta=False, metas=['./colcon.meta'], base_paths=['.'], packages_ignore=None, packages_ignore_regex=None, paths=None, packages_up_to=None, packages_up_to_regex=None, packages_above=None, packages_above_and_dependencies=None, packages_above_depth=None, packages_select_by_dep=None, packages_skip_by_dep=None, packages_skip_up_to=None, packages_select_build_failed=False, packages_skip_build_finished=False, packages_select_test_failures=False, packages_skip_test_passed=False, packages_select=None, packages_skip=None, packages_select_regex=None, packages_skip_regex=None, packages_start=None, packages_end=None, allow_overriding=[], cmake_args=None, cmake_target=None, cmake_target_skip_unavailable=False, cmake_clean_cache=False, cmake_clean_first=False, cmake_force_configure=False, ament_cmake_args=None, catkin_cmake_args=None, catkin_skip_building_tests=False, mixin_files=None, mixin=None, verb_parser=<colcon_mixin.mixin.mixin_argument.MixinArgumentDecorator object at 0x7fbe8ae29540>, verb_extension=<colcon_core.verb.build.BuildVerb object at 0x7fbe8afe6aa0>, main=<bound method BuildVerb.main of <colcon_core.verb.build.BuildVerb object at 0x7fbe8afe6aa0>>, mixin_verb=('build',))
[0.151s] Level 1:colcon.colcon_core.package_discovery:discover_packages(colcon_meta) check parameters
[0.151s] Level 1:colcon.colcon_core.package_discovery:discover_packages(recursive) check parameters
[0.151s] Level 1:colcon.colcon_core.package_discovery:discover_packages(ignore) check parameters
[0.151s] Level 1:colcon.colcon_core.package_discovery:discover_packages(path) check parameters
[0.151s] Level 1:colcon.colcon_core.package_discovery:discover_packages(colcon_meta) discover
[0.151s] Level 1:colcon.colcon_core.package_discovery:discover_packages(recursive) discover
[0.151s] INFO:colcon.colcon_core.package_discovery:Crawling recursively for packages in '/home/etri/bt_tutorials'
[0.151s] Level 1:colcon.colcon_core.package_identification:_identify(.) by extensions ['ignore', 'ignore_ament_install']
[0.152s] Level 1:colcon.colcon_core.package_identification:_identify(.) by extension 'ignore'
[0.152s] Level 1:colcon.colcon_core.package_identification:_identify(.) by extension 'ignore_ament_install'
[0.152s] Level 1:colcon.colcon_core.package_identification:_identify(.) by extensions ['colcon_pkg']
[0.152s] Level 1:colcon.colcon_core.package_identification:_identify(.) by extension 'colcon_pkg'
[0.152s] Level 1:colcon.colcon_core.package_identification:_identify(.) by extensions ['colcon_meta']
[0.152s] Level 1:colcon.colcon_core.package_identification:_identify(.) by extension 'colcon_meta'
[0.152s] Level 1:colcon.colcon_core.package_identification:_identify(.) by extensions ['ros']
[0.152s] Level 1:colcon.colcon_core.package_identification:_identify(.) by extension 'ros'
[0.164s] Level 1:colcon.colcon_core.package_identification:_identify(.) by extensions ['cmake', 'python']
[0.164s] Level 1:colcon.colcon_core.package_identification:_identify(.) by extension 'cmake'
[0.164s] Level 1:colcon.colcon_core.package_identification:_identify(.) by extension 'python'
[0.164s] Level 1:colcon.colcon_core.package_identification:_identify(.) by extensions ['python_setup_py']
[0.164s] Level 1:colcon.colcon_core.package_identification:_identify(.) by extension 'python_setup_py'
[0.164s] Level 1:colcon.colcon_core.package_identification:_identify(build) by extensions ['ignore', 'ignore_ament_install']
[0.164s] Level 1:colcon.colcon_core.package_identification:_identify(build) by extension 'ignore'
[0.164s] Level 1:colcon.colcon_core.package_identification:_identify(build) ignored
[0.164s] Level 1:colcon.colcon_core.package_identification:_identify(install) by extensions ['ignore', 'ignore_ament_install']
[0.164s] Level 1:colcon.colcon_core.package_identification:_identify(install) by extension 'ignore'
[0.164s] Level 1:colcon.colcon_core.package_identification:_identify(install) ignored
[0.164s] Level 1:colcon.colcon_core.package_identification:_identify(log) by extensions ['ignore', 'ignore_ament_install']
[0.164s] Level 1:colcon.colcon_core.package_identification:_identify(log) by extension 'ignore'
[0.164s] Level 1:colcon.colcon_core.package_identification:_identify(log) ignored
[0.164s] Level 1:colcon.colcon_core.package_identification:_identify(src) by extensions ['ignore', 'ignore_ament_install']
[0.164s] Level 1:colcon.colcon_core.package_identification:_identify(src) by extension 'ignore'
[0.164s] Level 1:colcon.colcon_core.package_identification:_identify(src) by extension 'ignore_ament_install'
[0.164s] Level 1:colcon.colcon_core.package_identification:_identify(src) by extensions ['colcon_pkg']
[0.164s] Level 1:colcon.colcon_core.package_identification:_identify(src) by extension 'colcon_pkg'
[0.164s] Level 1:colcon.colcon_core.package_identification:_identify(src) by extensions ['colcon_meta']
[0.164s] Level 1:colcon.colcon_core.package_identification:_identify(src) by extension 'colcon_meta'
[0.164s] Level 1:colcon.colcon_core.package_identification:_identify(src) by extensions ['ros']
[0.164s] Level 1:colcon.colcon_core.package_identification:_identify(src) by extension 'ros'
[0.164s] Level 1:colcon.colcon_core.package_identification:_identify(src) by extensions ['cmake', 'python']
[0.164s] Level 1:colcon.colcon_core.package_identification:_identify(src) by extension 'cmake'
[0.164s] Level 1:colcon.colcon_core.package_identification:_identify(src) by extension 'python'
[0.164s] Level 1:colcon.colcon_core.package_identification:_identify(src) by extensions ['python_setup_py']
[0.164s] Level 1:colcon.colcon_core.package_identification:_identify(src) by extension 'python_setup_py'
[0.165s] Level 1:colcon.colcon_core.package_identification:_identify(src/build) by extensions ['ignore', 'ignore_ament_install']
[0.165s] Level 1:colcon.colcon_core.package_identification:_identify(src/build) by extension 'ignore'
[0.165s] Level 1:colcon.colcon_core.package_identification:_identify(src/build) ignored
[0.165s] Level 1:colcon.colcon_core.package_identification:_identify(src/install) by extensions ['ignore', 'ignore_ament_install']
[0.165s] Level 1:colcon.colcon_core.package_identification:_identify(src/install) by extension 'ignore'
[0.165s] Level 1:colcon.colcon_core.package_identification:_identify(src/install) ignored
[0.165s] Level 1:colcon.colcon_core.package_identification:_identify(src/log) by extensions ['ignore', 'ignore_ament_install']
[0.165s] Level 1:colcon.colcon_core.package_identification:_identify(src/log) by extension 'ignore'
[0.165s] Level 1:colcon.colcon_core.package_identification:_identify(src/log) ignored
[0.165s] Level 1:colcon.colcon_core.package_identification:_identify(src/my_behavior_tree) by extensions ['ignore', 'ignore_ament_install']
[0.165s] Level 1:colcon.colcon_core.package_identification:_identify(src/my_behavior_tree) by extension 'ignore'
[0.165s] Level 1:colcon.colcon_core.package_identification:_identify(src/my_behavior_tree) by extension 'ignore_ament_install'
[0.165s] Level 1:colcon.colcon_core.package_identification:_identify(src/my_behavior_tree) by extensions ['colcon_pkg']
[0.165s] Level 1:colcon.colcon_core.package_identification:_identify(src/my_behavior_tree) by extension 'colcon_pkg'
[0.165s] Level 1:colcon.colcon_core.package_identification:_identify(src/my_behavior_tree) by extensions ['colcon_meta']
[0.165s] Level 1:colcon.colcon_core.package_identification:_identify(src/my_behavior_tree) by extension 'colcon_meta'
[0.165s] Level 1:colcon.colcon_core.package_identification:_identify(src/my_behavior_tree) by extensions ['ros']
[0.165s] Level 1:colcon.colcon_core.package_identification:_identify(src/my_behavior_tree) by extension 'ros'
[0.166s] DEBUG:colcon.colcon_core.package_identification:Package 'src/my_behavior_tree' with type 'ros.ament_python' and name 'my_behavior_tree'
[0.166s] Level 1:colcon.colcon_core.package_identification:_identify(src/my_behavior_tree_msgs) by extensions ['ignore', 'ignore_ament_install']
[0.166s] Level 1:colcon.colcon_core.package_identification:_identify(src/my_behavior_tree_msgs) by extension 'ignore'
[0.166s] Level 1:colcon.colcon_core.package_identification:_identify(src/my_behavior_tree_msgs) by extension 'ignore_ament_install'
[0.166s] Level 1:colcon.colcon_core.package_identification:_identify(src/my_behavior_tree_msgs) by extensions ['colcon_pkg']
[0.166s] Level 1:colcon.colcon_core.package_identification:_identify(src/my_behavior_tree_msgs) by extension 'colcon_pkg'
[0.166s] Level 1:colcon.colcon_core.package_identification:_identify(src/my_behavior_tree_msgs) by extensions ['colcon_meta']
[0.166s] Level 1:colcon.colcon_core.package_identification:_identify(src/my_behavior_tree_msgs) by extension 'colcon_meta'
[0.166s] Level 1:colcon.colcon_core.package_identification:_identify(src/my_behavior_tree_msgs) by extensions ['ros']
[0.166s] Level 1:colcon.colcon_core.package_identification:_identify(src/my_behavior_tree_msgs) by extension 'ros'
[0.167s] DEBUG:colcon.colcon_core.package_identification:Package 'src/my_behavior_tree_msgs' with type 'ros.ament_cmake' and name 'my_behavior_tree_msgs'
[0.167s] Level 1:colcon.colcon_core.package_identification:_identify(src/py_trees_ros_viewer) by extensions ['ignore', 'ignore_ament_install']
[0.167s] Level 1:colcon.colcon_core.package_identification:_identify(src/py_trees_ros_viewer) by extension 'ignore'
[0.167s] Level 1:colcon.colcon_core.package_identification:_identify(src/py_trees_ros_viewer) by extension 'ignore_ament_install'
[0.167s] Level 1:colcon.colcon_core.package_identification:_identify(src/py_trees_ros_viewer) by extensions ['colcon_pkg']
[0.167s] Level 1:colcon.colcon_core.package_identification:_identify(src/py_trees_ros_viewer) by extension 'colcon_pkg'
[0.167s] Level 1:colcon.colcon_core.package_identification:_identify(src/py_trees_ros_viewer) by extensions ['colcon_meta']
[0.167s] Level 1:colcon.colcon_core.package_identification:_identify(src/py_trees_ros_viewer) by extension 'colcon_meta'
[0.167s] Level 1:colcon.colcon_core.package_identification:_identify(src/py_trees_ros_viewer) by extensions ['ros']
[0.167s] Level 1:colcon.colcon_core.package_identification:_identify(src/py_trees_ros_viewer) by extension 'ros'
[0.167s] DEBUG:colcon.colcon_core.package_identification:Package 'src/py_trees_ros_viewer' with type 'ros.ament_python' and name 'py_trees_ros_viewer'
[0.167s] Level 1:colcon.colcon_core.package_discovery:discover_packages(recursive) using defaults
[0.167s] Level 1:colcon.colcon_core.package_discovery:discover_packages(ignore) discover
[0.167s] Level 1:colcon.colcon_core.package_discovery:discover_packages(ignore) using defaults
[0.167s] Level 1:colcon.colcon_core.package_discovery:discover_packages(path) discover
[0.167s] Level 1:colcon.colcon_core.package_discovery:discover_packages(path) using defaults
[0.178s] Level 1:colcon.colcon_core.package_discovery:discover_packages(prefix_path) check parameters
[0.178s] Level 1:colcon.colcon_core.package_discovery:discover_packages(prefix_path) discover
[0.178s] DEBUG:colcon.colcon_installed_package_information.package_discovery:Found 3 installed packages in /home/etri/bt_tutorials/install
[0.179s] DEBUG:colcon.colcon_installed_package_information.package_discovery:Found 349 installed packages in /opt/ros/humble
[0.181s] Level 1:colcon.colcon_core.package_discovery:discover_packages(prefix_path) using defaults
[0.203s] Level 5:colcon.colcon_core.verb:set package 'my_behavior_tree' build argument 'cmake_args' from command line to 'None'
[0.203s] Level 5:colcon.colcon_core.verb:set package 'my_behavior_tree' build argument 'cmake_target' from command line to 'None'
[0.203s] Level 5:colcon.colcon_core.verb:set package 'my_behavior_tree' build argument 'cmake_target_skip_unavailable' from command line to 'False'
[0.203s] Level 5:colcon.colcon_core.verb:set package 'my_behavior_tree' build argument 'cmake_clean_cache' from command line to 'False'
[0.203s] Level 5:colcon.colcon_core.verb:set package 'my_behavior_tree' build argument 'cmake_clean_first' from command line to 'False'
[0.203s] Level 5:colcon.colcon_core.verb:set package 'my_behavior_tree' build argument 'cmake_force_configure' from command line to 'False'
[0.203s] Level 5:colcon.colcon_core.verb:set package 'my_behavior_tree' build argument 'ament_cmake_args' from command line to 'None'
[0.203s] Level 5:colcon.colcon_core.verb:set package 'my_behavior_tree' build argument 'catkin_cmake_args' from command line to 'None'
[0.203s] Level 5:colcon.colcon_core.verb:set package 'my_behavior_tree' build argument 'catkin_skip_building_tests' from command line to 'False'
[0.203s] DEBUG:colcon.colcon_core.verb:Building package 'my_behavior_tree' with the following arguments: {'ament_cmake_args': None, 'build_base': '/home/etri/bt_tutorials/build/my_behavior_tree', 'catkin_cmake_args': None, 'catkin_skip_building_tests': False, 'cmake_args': None, 'cmake_clean_cache': False, 'cmake_clean_first': False, 'cmake_force_configure': False, 'cmake_target': None, 'cmake_target_skip_unavailable': False, 'install_base': '/home/etri/bt_tutorials/install/my_behavior_tree', 'merge_install': False, 'path': '/home/etri/bt_tutorials/src/my_behavior_tree', 'symlink_install': True, 'test_result_base': None}
[0.203s] Level 5:colcon.colcon_core.verb:set package 'my_behavior_tree_msgs' build argument 'cmake_args' from command line to 'None'
[0.203s] Level 5:colcon.colcon_core.verb:set package 'my_behavior_tree_msgs' build argument 'cmake_target' from command line to 'None'
[0.203s] Level 5:colcon.colcon_core.verb:set package 'my_behavior_tree_msgs' build argument 'cmake_target_skip_unavailable' from command line to 'False'
[0.203s] Level 5:colcon.colcon_core.verb:set package 'my_behavior_tree_msgs' build argument 'cmake_clean_cache' from command line to 'False'
[0.203s] Level 5:colcon.colcon_core.verb:set package 'my_behavior_tree_msgs' build argument 'cmake_clean_first' from command line to 'False'
[0.203s] Level 5:colcon.colcon_core.verb:set package 'my_behavior_tree_msgs' build argument 'cmake_force_configure' from command line to 'False'
[0.203s] Level 5:colcon.colcon_core.verb:set package 'my_behavior_tree_msgs' build argument 'ament_cmake_args' from command line to 'None'
[0.203s] Level 5:colcon.colcon_core.verb:set package 'my_behavior_tree_msgs' build argument 'catkin_cmake_args' from command line to 'None'
[0.203s] Level 5:colcon.colcon_core.verb:set package 'my_behavior_tree_msgs' build argument 'catkin_skip_building_tests' from command line to 'False'
[0.203s] DEBUG:colcon.colcon_core.verb:Building package 'my_behavior_tree_msgs' with the following arguments: {'ament_cmake_args': None, 'build_base': '/home/etri/bt_tutorials/build/my_behavior_tree_msgs', 'catkin_cmake_args': None, 'catkin_skip_building_tests': False, 'cmake_args': None, 'cmake_clean_cache': False, 'cmake_clean_first': False, 'cmake_force_configure': False, 'cmake_target': None, 'cmake_target_skip_unavailable': False, 'install_base': '/home/etri/bt_tutorials/install/my_behavior_tree_msgs', 'merge_install': False, 'path': '/home/etri/bt_tutorials/src/my_behavior_tree_msgs', 'symlink_install': True, 'test_result_base': None}
[0.203s] Level 5:colcon.colcon_core.verb:set package 'py_trees_ros_viewer' build argument 'cmake_args' from command line to 'None'
[0.203s] Level 5:colcon.colcon_core.verb:set package 'py_trees_ros_viewer' build argument 'cmake_target' from command line to 'None'
[0.203s] Level 5:colcon.colcon_core.verb:set package 'py_trees_ros_viewer' build argument 'cmake_target_skip_unavailable' from command line to 'False'
[0.203s] Level 5:colcon.colcon_core.verb:set package 'py_trees_ros_viewer' build argument 'cmake_clean_cache' from command line to 'False'
[0.203s] Level 5:colcon.colcon_core.verb:set package 'py_trees_ros_viewer' build argument 'cmake_clean_first' from command line to 'False'
[0.203s] Level 5:colcon.colcon_core.verb:set package 'py_trees_ros_viewer' build argument 'cmake_force_configure' from command line to 'False'
[0.204s] Level 5:colcon.colcon_core.verb:set package 'py_trees_ros_viewer' build argument 'ament_cmake_args' from command line to 'None'
[0.204s] Level 5:colcon.colcon_core.verb:set package 'py_trees_ros_viewer' build argument 'catkin_cmake_args' from command line to 'None'
[0.204s] Level 5:colcon.colcon_core.verb:set package 'py_trees_ros_viewer' build argument 'catkin_skip_building_tests' from command line to 'False'
[0.204s] DEBUG:colcon.colcon_core.verb:Building package 'py_trees_ros_viewer' with the following arguments: {'ament_cmake_args': None, 'build_base': '/home/etri/bt_tutorials/build/py_trees_ros_viewer', 'catkin_cmake_args': None, 'catkin_skip_building_tests': False, 'cmake_args': None, 'cmake_clean_cache': False, 'cmake_clean_first': False, 'cmake_force_configure': False, 'cmake_target': None, 'cmake_target_skip_unavailable': False, 'install_base': '/home/etri/bt_tutorials/install/py_trees_ros_viewer', 'merge_install': False, 'path': '/home/etri/bt_tutorials/src/py_trees_ros_viewer', 'symlink_install': True, 'test_result_base': None}
[0.204s] INFO:colcon.colcon_core.executor:Executing jobs using 'parallel' executor
[0.204s] DEBUG:colcon.colcon_parallel_executor.executor.parallel:run_until_complete
[0.204s] INFO:colcon.colcon_ros.task.ament_python.build:Building ROS package in '/home/etri/bt_tutorials/src/my_behavior_tree' with build type 'ament_python'
[0.204s] Level 1:colcon.colcon_core.shell:create_environment_hook('my_behavior_tree', 'ament_prefix_path')
[0.206s] INFO:colcon.colcon_core.plugin_system:Skipping extension 'colcon_core.shell.bat': Not used on non-Windows systems
[0.206s] INFO:colcon.colcon_core.shell:Creating environment hook '/home/etri/bt_tutorials/install/my_behavior_tree/share/my_behavior_tree/hook/ament_prefix_path.ps1'
[0.206s] INFO:colcon.colcon_core.shell:Creating environment descriptor '/home/etri/bt_tutorials/install/my_behavior_tree/share/my_behavior_tree/hook/ament_prefix_path.dsv'
[0.206s] INFO:colcon.colcon_core.shell:Creating environment hook '/home/etri/bt_tutorials/install/my_behavior_tree/share/my_behavior_tree/hook/ament_prefix_path.sh'
[0.207s] INFO:colcon.colcon_core.shell:Skip shell extension 'powershell' for command environment: Not usable outside of PowerShell
[0.207s] DEBUG:colcon.colcon_core.shell:Skip shell extension 'dsv' for command environment
[0.209s] INFO:colcon.colcon_ros.task.ament_cmake.build:Building ROS package in '/home/etri/bt_tutorials/src/my_behavior_tree_msgs' with build type 'ament_cmake'
[0.209s] INFO:colcon.colcon_cmake.task.cmake.build:Building CMake package in '/home/etri/bt_tutorials/src/my_behavior_tree_msgs'
[0.209s] INFO:colcon.colcon_core.shell:Skip shell extension 'powershell' for command environment: Not usable outside of PowerShell
[0.209s] DEBUG:colcon.colcon_core.shell:Skip shell extension 'dsv' for command environment
[0.211s] INFO:colcon.colcon_ros.task.ament_python.build:Building ROS package in '/home/etri/bt_tutorials/src/py_trees_ros_viewer' with build type 'ament_python'
[0.211s] Level 1:colcon.colcon_core.shell:create_environment_hook('py_trees_ros_viewer', 'ament_prefix_path')
[0.211s] INFO:colcon.colcon_core.shell:Creating environment hook '/home/etri/bt_tutorials/install/py_trees_ros_viewer/share/py_trees_ros_viewer/hook/ament_prefix_path.ps1'
[0.211s] INFO:colcon.colcon_core.shell:Creating environment descriptor '/home/etri/bt_tutorials/install/py_trees_ros_viewer/share/py_trees_ros_viewer/hook/ament_prefix_path.dsv'
[0.211s] INFO:colcon.colcon_core.shell:Creating environment hook '/home/etri/bt_tutorials/install/py_trees_ros_viewer/share/py_trees_ros_viewer/hook/ament_prefix_path.sh'
[0.212s] INFO:colcon.colcon_core.shell:Skip shell extension 'powershell' for command environment: Not usable outside of PowerShell
[0.212s] DEBUG:colcon.colcon_core.shell:Skip shell extension 'dsv' for command environment
[0.357s] INFO:colcon.colcon_core.task.python.build:Building Python package in '/home/etri/bt_tutorials/src/my_behavior_tree'
[0.357s] INFO:colcon.colcon_core.shell:Skip shell extension 'powershell' for command environment: Not usable outside of PowerShell
[0.357s] DEBUG:colcon.colcon_core.shell:Skip shell extension 'dsv' for command environment
[0.362s] DEBUG:colcon.colcon_core.event_handler.log_command:Invoking command in '/home/etri/bt_tutorials/build/my_behavior_tree_msgs': CMAKE_PREFIX_PATH=/home/etri/bt_tutorials/install/py_trees_ros_viewer:/home/etri/bt_tutorials/install/my_behavior_tree:/opt/ros/humble /usr/bin/cmake /home/etri/bt_tutorials/src/my_behavior_tree_msgs -DAMENT_CMAKE_SYMLINK_INSTALL=1 -DCMAKE_INSTALL_PREFIX=/home/etri/bt_tutorials/install/my_behavior_tree_msgs
[0.528s] WARNING:colcon.colcon_ros.task.ament_python.build:Package 'py_trees_ros_viewer' doesn't explicitly install a marker in the package index (colcon-ros currently does it implicitly but that fallback will be removed in the future)
[0.529s] INFO:colcon.colcon_core.task.python.build:Building Python package in '/home/etri/bt_tutorials/src/py_trees_ros_viewer'
[0.529s] INFO:colcon.colcon_core.shell:Skip shell extension 'powershell' for command environment: Not usable outside of PowerShell
[0.529s] DEBUG:colcon.colcon_core.shell:Skip shell extension 'dsv' for command environment
[0.641s] DEBUG:colcon.colcon_core.event_handler.log_command:Invoked command in '/home/etri/bt_tutorials/build/my_behavior_tree_msgs' returned '1': CMAKE_PREFIX_PATH=/home/etri/bt_tutorials/install/py_trees_ros_viewer:/home/etri/bt_tutorials/install/my_behavior_tree:/opt/ros/humble /usr/bin/cmake /home/etri/bt_tutorials/src/my_behavior_tree_msgs -DAMENT_CMAKE_SYMLINK_INSTALL=1 -DCMAKE_INSTALL_PREFIX=/home/etri/bt_tutorials/install/my_behavior_tree_msgs
[0.653s] Level 1:colcon.colcon_core.environment:create_environment_scripts_only(my_behavior_tree_msgs)
[0.655s] Level 1:colcon.colcon_core.environment:checking '/home/etri/bt_tutorials/install/my_behavior_tree_msgs' for CMake module files
[0.655s] Level 1:colcon.colcon_core.environment:checking '/home/etri/bt_tutorials/install/my_behavior_tree_msgs' for CMake config files
[0.655s] Level 1:colcon.colcon_core.environment:checking '/home/etri/bt_tutorials/install/my_behavior_tree_msgs/bin'
[0.655s] Level 1:colcon.colcon_core.environment:checking '/home/etri/bt_tutorials/install/my_behavior_tree_msgs/lib/pkgconfig/my_behavior_tree_msgs.pc'
[0.656s] Level 1:colcon.colcon_core.environment:checking '/home/etri/bt_tutorials/install/my_behavior_tree_msgs/lib/python3.10/site-packages'
[0.656s] Level 1:colcon.colcon_core.environment:checking '/home/etri/bt_tutorials/install/my_behavior_tree_msgs/bin'
[0.656s] INFO:colcon.colcon_core.shell:Creating package script '/home/etri/bt_tutorials/install/my_behavior_tree_msgs/share/my_behavior_tree_msgs/package.ps1'
[0.656s] INFO:colcon.colcon_core.shell:Creating package descriptor '/home/etri/bt_tutorials/install/my_behavior_tree_msgs/share/my_behavior_tree_msgs/package.dsv'
[0.657s] INFO:colcon.colcon_core.shell:Creating package script '/home/etri/bt_tutorials/install/my_behavior_tree_msgs/share/my_behavior_tree_msgs/package.sh'
[0.657s] INFO:colcon.colcon_core.shell:Creating package script '/home/etri/bt_tutorials/install/my_behavior_tree_msgs/share/my_behavior_tree_msgs/package.bash'
[0.658s] INFO:colcon.colcon_core.shell:Creating package script '/home/etri/bt_tutorials/install/my_behavior_tree_msgs/share/my_behavior_tree_msgs/package.zsh'
[0.658s] Level 1:colcon.colcon_core.environment:create_file_with_runtime_dependencies(/home/etri/bt_tutorials/install/my_behavior_tree_msgs/share/colcon-core/packages/my_behavior_tree_msgs)
[0.749s] DEBUG:colcon.colcon_parallel_executor.executor.parallel:closing loop
[0.749s] DEBUG:colcon.colcon_parallel_executor.executor.parallel:loop closed
[0.749s] DEBUG:colcon.colcon_parallel_executor.executor.parallel:run_until_complete finished with '1'
[0.749s] DEBUG:colcon.colcon_core.event_reactor:joining thread
[0.753s] INFO:colcon.colcon_core.plugin_system:Skipping extension 'colcon_notification.desktop_notification.terminal_notifier': Not used on non-Darwin systems
[0.753s] INFO:colcon.colcon_core.plugin_system:Skipping extension 'colcon_notification.desktop_notification.win32': Not used on non-Windows systems
[0.753s] INFO:colcon.colcon_notification.desktop_notification:Sending desktop notification using 'notify2'
[0.760s] DEBUG:colcon.colcon_core.event_reactor:joined thread
[0.760s] INFO:colcon.colcon_core.shell:Creating prefix script '/home/etri/bt_tutorials/install/local_setup.ps1'
[0.761s] INFO:colcon.colcon_core.shell:Creating prefix util module '/home/etri/bt_tutorials/install/_local_setup_util_ps1.py'
[0.762s] INFO:colcon.colcon_core.shell:Creating prefix chain script '/home/etri/bt_tutorials/install/setup.ps1'
[0.763s] INFO:colcon.colcon_core.shell:Creating prefix script '/home/etri/bt_tutorials/install/local_setup.sh'
[0.763s] INFO:colcon.colcon_core.shell:Creating prefix util module '/home/etri/bt_tutorials/install/_local_setup_util_sh.py'
[0.763s] INFO:colcon.colcon_core.shell:Creating prefix chain script '/home/etri/bt_tutorials/install/setup.sh'
[0.764s] INFO:colcon.colcon_core.shell:Creating prefix script '/home/etri/bt_tutorials/install/local_setup.bash'
[0.764s] INFO:colcon.colcon_core.shell:Creating prefix chain script '/home/etri/bt_tutorials/install/setup.bash'
[0.765s] INFO:colcon.colcon_core.shell:Creating prefix script '/home/etri/bt_tutorials/install/local_setup.zsh'
[0.765s] INFO:colcon.colcon_core.shell:Creating prefix chain script '/home/etri/bt_tutorials/install/setup.zsh'
