[0.065s] DEBUG:colcon:Command line arguments: ['/usr/bin/colcon', 'build', '--symlink-install']
[0.065s] DEBUG:colcon:Parsed command line arguments: Namespace(log_base=None, log_level=None, verb_name='build', build_base='build', install_base='install', merge_install=False, symlink_install=True, test_result_base=None, continue_on_error=False, executor='parallel', parallel_workers=12, event_handlers=None, ignore_user_meta=False, metas=['./colcon.meta'], base_paths=['.'], packages_ignore=None, packages_ignore_regex=None, paths=None, packages_up_to=None, packages_up_to_regex=None, packages_above=None, packages_above_and_dependencies=None, packages_above_depth=None, packages_select_by_dep=None, packages_skip_by_dep=None, packages_skip_up_to=None, packages_select_build_failed=False, packages_skip_build_finished=False, packages_select_test_failures=False, packages_skip_test_passed=False, packages_select=None, packages_skip=None, packages_select_regex=None, packages_skip_regex=None, packages_start=None, packages_end=None, allow_overriding=[], cmake_args=None, cmake_target=None, cmake_target_skip_unavailable=False, cmake_clean_cache=False, cmake_clean_first=False, cmake_force_configure=False, ament_cmake_args=None, catkin_cmake_args=None, catkin_skip_building_tests=False, mixin_files=None, mixin=None, verb_parser=<colcon_mixin.mixin.mixin_argument.MixinArgumentDecorator object at 0x70da175617b0>, verb_extension=<colcon_core.verb.build.BuildVerb object at 0x70da176dad10>, main=<bound method BuildVerb.main of <colcon_core.verb.build.BuildVerb object at 0x70da176dad10>>, mixin_verb=('build',))
[0.158s] Level 1:colcon.colcon_core.package_discovery:discover_packages(colcon_meta) check parameters
[0.158s] Level 1:colcon.colcon_core.package_discovery:discover_packages(recursive) check parameters
[0.158s] Level 1:colcon.colcon_core.package_discovery:discover_packages(ignore) check parameters
[0.158s] Level 1:colcon.colcon_core.package_discovery:discover_packages(path) check parameters
[0.158s] Level 1:colcon.colcon_core.package_discovery:discover_packages(colcon_meta) discover
[0.159s] Level 1:colcon.colcon_core.package_discovery:discover_packages(recursive) discover
[0.159s] INFO:colcon.colcon_core.package_discovery:Crawling recursively for packages in '/home/etri/bt_tutorials'
[0.159s] Level 1:colcon.colcon_core.package_identification:_identify(.) by extensions ['ignore', 'ignore_ament_install']
[0.159s] Level 1:colcon.colcon_core.package_identification:_identify(.) by extension 'ignore'
[0.159s] Level 1:colcon.colcon_core.package_identification:_identify(.) by extension 'ignore_ament_install'
[0.159s] Level 1:colcon.colcon_core.package_identification:_identify(.) by extensions ['colcon_pkg']
[0.159s] Level 1:colcon.colcon_core.package_identification:_identify(.) by extension 'colcon_pkg'
[0.159s] Level 1:colcon.colcon_core.package_identification:_identify(.) by extensions ['colcon_meta']
[0.159s] Level 1:colcon.colcon_core.package_identification:_identify(.) by extension 'colcon_meta'
[0.159s] Level 1:colcon.colcon_core.package_identification:_identify(.) by extensions ['ros']
[0.159s] Level 1:colcon.colcon_core.package_identification:_identify(.) by extension 'ros'
[0.170s] Level 1:colcon.colcon_core.package_identification:_identify(.) by extensions ['cmake', 'python']
[0.170s] Level 1:colcon.colcon_core.package_identification:_identify(.) by extension 'cmake'
[0.170s] Level 1:colcon.colcon_core.package_identification:_identify(.) by extension 'python'
[0.170s] Level 1:colcon.colcon_core.package_identification:_identify(.) by extensions ['python_setup_py']
[0.170s] Level 1:colcon.colcon_core.package_identification:_identify(.) by extension 'python_setup_py'
[0.170s] Level 1:colcon.colcon_core.package_identification:_identify(build) by extensions ['ignore', 'ignore_ament_install']
[0.170s] Level 1:colcon.colcon_core.package_identification:_identify(build) by extension 'ignore'
[0.170s] Level 1:colcon.colcon_core.package_identification:_identify(build) ignored
[0.170s] Level 1:colcon.colcon_core.package_identification:_identify(install) by extensions ['ignore', 'ignore_ament_install']
[0.170s] Level 1:colcon.colcon_core.package_identification:_identify(install) by extension 'ignore'
[0.170s] Level 1:colcon.colcon_core.package_identification:_identify(install) ignored
[0.170s] Level 1:colcon.colcon_core.package_identification:_identify(log) by extensions ['ignore', 'ignore_ament_install']
[0.170s] Level 1:colcon.colcon_core.package_identification:_identify(log) by extension 'ignore'
[0.171s] Level 1:colcon.colcon_core.package_identification:_identify(log) ignored
[0.171s] Level 1:colcon.colcon_core.package_identification:_identify(src) by extensions ['ignore', 'ignore_ament_install']
[0.171s] Level 1:colcon.colcon_core.package_identification:_identify(src) by extension 'ignore'
[0.171s] Level 1:colcon.colcon_core.package_identification:_identify(src) by extension 'ignore_ament_install'
[0.171s] Level 1:colcon.colcon_core.package_identification:_identify(src) by extensions ['colcon_pkg']
[0.171s] Level 1:colcon.colcon_core.package_identification:_identify(src) by extension 'colcon_pkg'
[0.171s] Level 1:colcon.colcon_core.package_identification:_identify(src) by extensions ['colcon_meta']
[0.171s] Level 1:colcon.colcon_core.package_identification:_identify(src) by extension 'colcon_meta'
[0.171s] Level 1:colcon.colcon_core.package_identification:_identify(src) by extensions ['ros']
[0.171s] Level 1:colcon.colcon_core.package_identification:_identify(src) by extension 'ros'
[0.171s] Level 1:colcon.colcon_core.package_identification:_identify(src) by extensions ['cmake', 'python']
[0.171s] Level 1:colcon.colcon_core.package_identification:_identify(src) by extension 'cmake'
[0.171s] Level 1:colcon.colcon_core.package_identification:_identify(src) by extension 'python'
[0.171s] Level 1:colcon.colcon_core.package_identification:_identify(src) by extensions ['python_setup_py']
[0.171s] Level 1:colcon.colcon_core.package_identification:_identify(src) by extension 'python_setup_py'
[0.171s] Level 1:colcon.colcon_core.package_identification:_identify(src/build) by extensions ['ignore', 'ignore_ament_install']
[0.171s] Level 1:colcon.colcon_core.package_identification:_identify(src/build) by extension 'ignore'
[0.171s] Level 1:colcon.colcon_core.package_identification:_identify(src/build) ignored
[0.171s] Level 1:colcon.colcon_core.package_identification:_identify(src/install) by extensions ['ignore', 'ignore_ament_install']
[0.171s] Level 1:colcon.colcon_core.package_identification:_identify(src/install) by extension 'ignore'
[0.171s] Level 1:colcon.colcon_core.package_identification:_identify(src/install) ignored
[0.171s] Level 1:colcon.colcon_core.package_identification:_identify(src/log) by extensions ['ignore', 'ignore_ament_install']
[0.171s] Level 1:colcon.colcon_core.package_identification:_identify(src/log) by extension 'ignore'
[0.171s] Level 1:colcon.colcon_core.package_identification:_identify(src/log) ignored
[0.171s] Level 1:colcon.colcon_core.package_identification:_identify(src/my_behavior_tree) by extensions ['ignore', 'ignore_ament_install']
[0.171s] Level 1:colcon.colcon_core.package_identification:_identify(src/my_behavior_tree) by extension 'ignore'
[0.171s] Level 1:colcon.colcon_core.package_identification:_identify(src/my_behavior_tree) by extension 'ignore_ament_install'
[0.171s] Level 1:colcon.colcon_core.package_identification:_identify(src/my_behavior_tree) by extensions ['colcon_pkg']
[0.171s] Level 1:colcon.colcon_core.package_identification:_identify(src/my_behavior_tree) by extension 'colcon_pkg'
[0.171s] Level 1:colcon.colcon_core.package_identification:_identify(src/my_behavior_tree) by extensions ['colcon_meta']
[0.171s] Level 1:colcon.colcon_core.package_identification:_identify(src/my_behavior_tree) by extension 'colcon_meta'
[0.171s] Level 1:colcon.colcon_core.package_identification:_identify(src/my_behavior_tree) by extensions ['ros']
[0.171s] Level 1:colcon.colcon_core.package_identification:_identify(src/my_behavior_tree) by extension 'ros'
[0.172s] DEBUG:colcon.colcon_core.package_identification:Package 'src/my_behavior_tree' with type 'ros.ament_python' and name 'my_behavior_tree'
[0.172s] Level 1:colcon.colcon_core.package_identification:_identify(src/my_behavior_tree_msgs) by extensions ['ignore', 'ignore_ament_install']
[0.172s] Level 1:colcon.colcon_core.package_identification:_identify(src/my_behavior_tree_msgs) by extension 'ignore'
[0.173s] Level 1:colcon.colcon_core.package_identification:_identify(src/my_behavior_tree_msgs) by extension 'ignore_ament_install'
[0.173s] Level 1:colcon.colcon_core.package_identification:_identify(src/my_behavior_tree_msgs) by extensions ['colcon_pkg']
[0.173s] Level 1:colcon.colcon_core.package_identification:_identify(src/my_behavior_tree_msgs) by extension 'colcon_pkg'
[0.173s] Level 1:colcon.colcon_core.package_identification:_identify(src/my_behavior_tree_msgs) by extensions ['colcon_meta']
[0.173s] Level 1:colcon.colcon_core.package_identification:_identify(src/my_behavior_tree_msgs) by extension 'colcon_meta'
[0.173s] Level 1:colcon.colcon_core.package_identification:_identify(src/my_behavior_tree_msgs) by extensions ['ros']
[0.173s] Level 1:colcon.colcon_core.package_identification:_identify(src/my_behavior_tree_msgs) by extension 'ros'
[0.173s] DEBUG:colcon.colcon_core.package_identification:Package 'src/my_behavior_tree_msgs' with type 'ros.ament_cmake' and name 'my_behavior_tree_msgs'
[0.173s] Level 1:colcon.colcon_core.package_identification:_identify(src/py_trees_ros_viewer) by extensions ['ignore', 'ignore_ament_install']
[0.173s] Level 1:colcon.colcon_core.package_identification:_identify(src/py_trees_ros_viewer) by extension 'ignore'
[0.173s] Level 1:colcon.colcon_core.package_identification:_identify(src/py_trees_ros_viewer) by extension 'ignore_ament_install'
[0.173s] Level 1:colcon.colcon_core.package_identification:_identify(src/py_trees_ros_viewer) by extensions ['colcon_pkg']
[0.173s] Level 1:colcon.colcon_core.package_identification:_identify(src/py_trees_ros_viewer) by extension 'colcon_pkg'
[0.173s] Level 1:colcon.colcon_core.package_identification:_identify(src/py_trees_ros_viewer) by extensions ['colcon_meta']
[0.173s] Level 1:colcon.colcon_core.package_identification:_identify(src/py_trees_ros_viewer) by extension 'colcon_meta'
[0.173s] Level 1:colcon.colcon_core.package_identification:_identify(src/py_trees_ros_viewer) by extensions ['ros']
[0.173s] Level 1:colcon.colcon_core.package_identification:_identify(src/py_trees_ros_viewer) by extension 'ros'
[0.173s] DEBUG:colcon.colcon_core.package_identification:Package 'src/py_trees_ros_viewer' with type 'ros.ament_python' and name 'py_trees_ros_viewer'
[0.173s] Level 1:colcon.colcon_core.package_discovery:discover_packages(recursive) using defaults
[0.173s] Level 1:colcon.colcon_core.package_discovery:discover_packages(ignore) discover
[0.173s] Level 1:colcon.colcon_core.package_discovery:discover_packages(ignore) using defaults
[0.174s] Level 1:colcon.colcon_core.package_discovery:discover_packages(path) discover
[0.174s] Level 1:colcon.colcon_core.package_discovery:discover_packages(path) using defaults
[0.183s] Level 1:colcon.colcon_core.package_discovery:discover_packages(prefix_path) check parameters
[0.184s] Level 1:colcon.colcon_core.package_discovery:discover_packages(prefix_path) discover
[0.184s] DEBUG:colcon.colcon_installed_package_information.package_discovery:Found 3 installed packages in /home/etri/bt_tutorials/install
[0.185s] DEBUG:colcon.colcon_installed_package_information.package_discovery:Found 349 installed packages in /opt/ros/humble
[0.187s] Level 1:colcon.colcon_core.package_discovery:discover_packages(prefix_path) using defaults
[0.208s] Level 5:colcon.colcon_core.verb:set package 'my_behavior_tree' build argument 'cmake_args' from command line to 'None'
[0.208s] Level 5:colcon.colcon_core.verb:set package 'my_behavior_tree' build argument 'cmake_target' from command line to 'None'
[0.208s] Level 5:colcon.colcon_core.verb:set package 'my_behavior_tree' build argument 'cmake_target_skip_unavailable' from command line to 'False'
[0.208s] Level 5:colcon.colcon_core.verb:set package 'my_behavior_tree' build argument 'cmake_clean_cache' from command line to 'False'
[0.208s] Level 5:colcon.colcon_core.verb:set package 'my_behavior_tree' build argument 'cmake_clean_first' from command line to 'False'
[0.208s] Level 5:colcon.colcon_core.verb:set package 'my_behavior_tree' build argument 'cmake_force_configure' from command line to 'False'
[0.208s] Level 5:colcon.colcon_core.verb:set package 'my_behavior_tree' build argument 'ament_cmake_args' from command line to 'None'
[0.208s] Level 5:colcon.colcon_core.verb:set package 'my_behavior_tree' build argument 'catkin_cmake_args' from command line to 'None'
[0.208s] Level 5:colcon.colcon_core.verb:set package 'my_behavior_tree' build argument 'catkin_skip_building_tests' from command line to 'False'
[0.208s] DEBUG:colcon.colcon_core.verb:Building package 'my_behavior_tree' with the following arguments: {'ament_cmake_args': None, 'build_base': '/home/etri/bt_tutorials/build/my_behavior_tree', 'catkin_cmake_args': None, 'catkin_skip_building_tests': False, 'cmake_args': None, 'cmake_clean_cache': False, 'cmake_clean_first': False, 'cmake_force_configure': False, 'cmake_target': None, 'cmake_target_skip_unavailable': False, 'install_base': '/home/etri/bt_tutorials/install/my_behavior_tree', 'merge_install': False, 'path': '/home/etri/bt_tutorials/src/my_behavior_tree', 'symlink_install': True, 'test_result_base': None}
[0.208s] Level 5:colcon.colcon_core.verb:set package 'my_behavior_tree_msgs' build argument 'cmake_args' from command line to 'None'
[0.208s] Level 5:colcon.colcon_core.verb:set package 'my_behavior_tree_msgs' build argument 'cmake_target' from command line to 'None'
[0.208s] Level 5:colcon.colcon_core.verb:set package 'my_behavior_tree_msgs' build argument 'cmake_target_skip_unavailable' from command line to 'False'
[0.208s] Level 5:colcon.colcon_core.verb:set package 'my_behavior_tree_msgs' build argument 'cmake_clean_cache' from command line to 'False'
[0.208s] Level 5:colcon.colcon_core.verb:set package 'my_behavior_tree_msgs' build argument 'cmake_clean_first' from command line to 'False'
[0.208s] Level 5:colcon.colcon_core.verb:set package 'my_behavior_tree_msgs' build argument 'cmake_force_configure' from command line to 'False'
[0.208s] Level 5:colcon.colcon_core.verb:set package 'my_behavior_tree_msgs' build argument 'ament_cmake_args' from command line to 'None'
[0.208s] Level 5:colcon.colcon_core.verb:set package 'my_behavior_tree_msgs' build argument 'catkin_cmake_args' from command line to 'None'
[0.208s] Level 5:colcon.colcon_core.verb:set package 'my_behavior_tree_msgs' build argument 'catkin_skip_building_tests' from command line to 'False'
[0.208s] DEBUG:colcon.colcon_core.verb:Building package 'my_behavior_tree_msgs' with the following arguments: {'ament_cmake_args': None, 'build_base': '/home/etri/bt_tutorials/build/my_behavior_tree_msgs', 'catkin_cmake_args': None, 'catkin_skip_building_tests': False, 'cmake_args': None, 'cmake_clean_cache': False, 'cmake_clean_first': False, 'cmake_force_configure': False, 'cmake_target': None, 'cmake_target_skip_unavailable': False, 'install_base': '/home/etri/bt_tutorials/install/my_behavior_tree_msgs', 'merge_install': False, 'path': '/home/etri/bt_tutorials/src/my_behavior_tree_msgs', 'symlink_install': True, 'test_result_base': None}
[0.209s] Level 5:colcon.colcon_core.verb:set package 'py_trees_ros_viewer' build argument 'cmake_args' from command line to 'None'
[0.209s] Level 5:colcon.colcon_core.verb:set package 'py_trees_ros_viewer' build argument 'cmake_target' from command line to 'None'
[0.209s] Level 5:colcon.colcon_core.verb:set package 'py_trees_ros_viewer' build argument 'cmake_target_skip_unavailable' from command line to 'False'
[0.209s] Level 5:colcon.colcon_core.verb:set package 'py_trees_ros_viewer' build argument 'cmake_clean_cache' from command line to 'False'
[0.209s] Level 5:colcon.colcon_core.verb:set package 'py_trees_ros_viewer' build argument 'cmake_clean_first' from command line to 'False'
[0.209s] Level 5:colcon.colcon_core.verb:set package 'py_trees_ros_viewer' build argument 'cmake_force_configure' from command line to 'False'
[0.209s] Level 5:colcon.colcon_core.verb:set package 'py_trees_ros_viewer' build argument 'ament_cmake_args' from command line to 'None'
[0.209s] Level 5:colcon.colcon_core.verb:set package 'py_trees_ros_viewer' build argument 'catkin_cmake_args' from command line to 'None'
[0.209s] Level 5:colcon.colcon_core.verb:set package 'py_trees_ros_viewer' build argument 'catkin_skip_building_tests' from command line to 'False'
[0.209s] DEBUG:colcon.colcon_core.verb:Building package 'py_trees_ros_viewer' with the following arguments: {'ament_cmake_args': None, 'build_base': '/home/etri/bt_tutorials/build/py_trees_ros_viewer', 'catkin_cmake_args': None, 'catkin_skip_building_tests': False, 'cmake_args': None, 'cmake_clean_cache': False, 'cmake_clean_first': False, 'cmake_force_configure': False, 'cmake_target': None, 'cmake_target_skip_unavailable': False, 'install_base': '/home/etri/bt_tutorials/install/py_trees_ros_viewer', 'merge_install': False, 'path': '/home/etri/bt_tutorials/src/py_trees_ros_viewer', 'symlink_install': True, 'test_result_base': None}
[0.209s] INFO:colcon.colcon_core.executor:Executing jobs using 'parallel' executor
[0.209s] DEBUG:colcon.colcon_parallel_executor.executor.parallel:run_until_complete
[0.210s] INFO:colcon.colcon_ros.task.ament_python.build:Building ROS package in '/home/etri/bt_tutorials/src/my_behavior_tree' with build type 'ament_python'
[0.210s] Level 1:colcon.colcon_core.shell:create_environment_hook('my_behavior_tree', 'ament_prefix_path')
[0.211s] INFO:colcon.colcon_core.plugin_system:Skipping extension 'colcon_core.shell.bat': Not used on non-Windows systems
[0.211s] INFO:colcon.colcon_core.shell:Creating environment hook '/home/etri/bt_tutorials/install/my_behavior_tree/share/my_behavior_tree/hook/ament_prefix_path.ps1'
[0.211s] INFO:colcon.colcon_core.shell:Creating environment descriptor '/home/etri/bt_tutorials/install/my_behavior_tree/share/my_behavior_tree/hook/ament_prefix_path.dsv'
[0.211s] INFO:colcon.colcon_core.shell:Creating environment hook '/home/etri/bt_tutorials/install/my_behavior_tree/share/my_behavior_tree/hook/ament_prefix_path.sh'
[0.212s] INFO:colcon.colcon_core.shell:Skip shell extension 'powershell' for command environment: Not usable outside of PowerShell
[0.212s] DEBUG:colcon.colcon_core.shell:Skip shell extension 'dsv' for command environment
[0.214s] INFO:colcon.colcon_ros.task.ament_cmake.build:Building ROS package in '/home/etri/bt_tutorials/src/my_behavior_tree_msgs' with build type 'ament_cmake'
[0.214s] INFO:colcon.colcon_cmake.task.cmake.build:Building CMake package in '/home/etri/bt_tutorials/src/my_behavior_tree_msgs'
[0.214s] INFO:colcon.colcon_core.shell:Skip shell extension 'powershell' for command environment: Not usable outside of PowerShell
[0.214s] DEBUG:colcon.colcon_core.shell:Skip shell extension 'dsv' for command environment
[0.216s] INFO:colcon.colcon_ros.task.ament_python.build:Building ROS package in '/home/etri/bt_tutorials/src/py_trees_ros_viewer' with build type 'ament_python'
[0.216s] Level 1:colcon.colcon_core.shell:create_environment_hook('py_trees_ros_viewer', 'ament_prefix_path')
[0.216s] INFO:colcon.colcon_core.shell:Creating environment hook '/home/etri/bt_tutorials/install/py_trees_ros_viewer/share/py_trees_ros_viewer/hook/ament_prefix_path.ps1'
[0.217s] INFO:colcon.colcon_core.shell:Creating environment descriptor '/home/etri/bt_tutorials/install/py_trees_ros_viewer/share/py_trees_ros_viewer/hook/ament_prefix_path.dsv'
[0.217s] INFO:colcon.colcon_core.shell:Creating environment hook '/home/etri/bt_tutorials/install/py_trees_ros_viewer/share/py_trees_ros_viewer/hook/ament_prefix_path.sh'
[0.217s] INFO:colcon.colcon_core.shell:Skip shell extension 'powershell' for command environment: Not usable outside of PowerShell
[0.217s] DEBUG:colcon.colcon_core.shell:Skip shell extension 'dsv' for command environment
[0.367s] INFO:colcon.colcon_core.task.python.build:Building Python package in '/home/etri/bt_tutorials/src/my_behavior_tree'
[0.367s] INFO:colcon.colcon_core.shell:Skip shell extension 'powershell' for command environment: Not usable outside of PowerShell
[0.367s] DEBUG:colcon.colcon_core.shell:Skip shell extension 'dsv' for command environment
[0.372s] DEBUG:colcon.colcon_core.event_handler.log_command:Invoking command in '/home/etri/bt_tutorials/build/my_behavior_tree_msgs': CMAKE_PREFIX_PATH=${CMAKE_PREFIX_PATH}:/home/etri/bt_tutorials/install/py_trees_ros_viewer:/home/etri/bt_tutorials/install/my_behavior_tree:/opt/ros/humble /usr/bin/cmake --build /home/etri/bt_tutorials/build/my_behavior_tree_msgs -- -j12 -l12
[0.545s] WARNING:colcon.colcon_ros.task.ament_python.build:Package 'py_trees_ros_viewer' doesn't explicitly install a marker in the package index (colcon-ros currently does it implicitly but that fallback will be removed in the future)
[0.545s] INFO:colcon.colcon_core.task.python.build:Building Python package in '/home/etri/bt_tutorials/src/py_trees_ros_viewer'
[0.546s] INFO:colcon.colcon_core.shell:Skip shell extension 'powershell' for command environment: Not usable outside of PowerShell
[0.546s] DEBUG:colcon.colcon_core.shell:Skip shell extension 'dsv' for command environment
[0.615s] DEBUG:colcon.colcon_core.event_handler.log_command:Invoked command in '/home/etri/bt_tutorials/build/my_behavior_tree_msgs' returned '0': CMAKE_PREFIX_PATH=${CMAKE_PREFIX_PATH}:/home/etri/bt_tutorials/install/py_trees_ros_viewer:/home/etri/bt_tutorials/install/my_behavior_tree:/opt/ros/humble /usr/bin/cmake --build /home/etri/bt_tutorials/build/my_behavior_tree_msgs -- -j12 -l12
[0.625s] DEBUG:colcon.colcon_core.event_handler.log_command:Invoking command in '/home/etri/bt_tutorials/build/my_behavior_tree_msgs': CMAKE_PREFIX_PATH=${CMAKE_PREFIX_PATH}:/home/etri/bt_tutorials/install/py_trees_ros_viewer:/home/etri/bt_tutorials/install/my_behavior_tree:/opt/ros/humble /usr/bin/cmake --install /home/etri/bt_tutorials/build/my_behavior_tree_msgs
[0.682s] Level 1:colcon.colcon_core.environment:create_environment_scripts_only(my_behavior_tree_msgs)
[0.683s] DEBUG:colcon.colcon_core.event_handler.log_command:Invoked command in '/home/etri/bt_tutorials/build/my_behavior_tree_msgs' returned '0': CMAKE_PREFIX_PATH=${CMAKE_PREFIX_PATH}:/home/etri/bt_tutorials/install/py_trees_ros_viewer:/home/etri/bt_tutorials/install/my_behavior_tree:/opt/ros/humble /usr/bin/cmake --install /home/etri/bt_tutorials/build/my_behavior_tree_msgs
[0.684s] Level 1:colcon.colcon_core.environment:checking '/home/etri/bt_tutorials/install/my_behavior_tree_msgs' for CMake module files
[0.685s] Level 1:colcon.colcon_core.environment:checking '/home/etri/bt_tutorials/install/my_behavior_tree_msgs' for CMake config files
[0.685s] Level 1:colcon.colcon_core.shell:create_environment_hook('my_behavior_tree_msgs', 'cmake_prefix_path')
[0.685s] INFO:colcon.colcon_core.shell:Creating environment hook '/home/etri/bt_tutorials/install/my_behavior_tree_msgs/share/my_behavior_tree_msgs/hook/cmake_prefix_path.ps1'
[0.686s] INFO:colcon.colcon_core.shell:Creating environment descriptor '/home/etri/bt_tutorials/install/my_behavior_tree_msgs/share/my_behavior_tree_msgs/hook/cmake_prefix_path.dsv'
[0.686s] INFO:colcon.colcon_core.shell:Creating environment hook '/home/etri/bt_tutorials/install/my_behavior_tree_msgs/share/my_behavior_tree_msgs/hook/cmake_prefix_path.sh'
[0.686s] Level 1:colcon.colcon_core.environment:checking '/home/etri/bt_tutorials/install/my_behavior_tree_msgs/lib'
[0.686s] Level 1:colcon.colcon_core.shell:create_environment_hook('my_behavior_tree_msgs', 'ld_library_path_lib')
[0.687s] INFO:colcon.colcon_core.shell:Creating environment hook '/home/etri/bt_tutorials/install/my_behavior_tree_msgs/share/my_behavior_tree_msgs/hook/ld_library_path_lib.ps1'
[0.687s] INFO:colcon.colcon_core.shell:Creating environment descriptor '/home/etri/bt_tutorials/install/my_behavior_tree_msgs/share/my_behavior_tree_msgs/hook/ld_library_path_lib.dsv'
[0.687s] INFO:colcon.colcon_core.shell:Creating environment hook '/home/etri/bt_tutorials/install/my_behavior_tree_msgs/share/my_behavior_tree_msgs/hook/ld_library_path_lib.sh'
[0.687s] Level 1:colcon.colcon_core.environment:checking '/home/etri/bt_tutorials/install/my_behavior_tree_msgs/bin'
[0.687s] Level 1:colcon.colcon_core.environment:checking '/home/etri/bt_tutorials/install/my_behavior_tree_msgs/lib/pkgconfig/my_behavior_tree_msgs.pc'
[0.688s] Level 1:colcon.colcon_core.environment:checking '/home/etri/bt_tutorials/install/my_behavior_tree_msgs/lib/python3.10/site-packages'
[0.688s] Level 1:colcon.colcon_core.environment:checking '/home/etri/bt_tutorials/install/my_behavior_tree_msgs/bin'
[0.688s] INFO:colcon.colcon_core.shell:Creating package script '/home/etri/bt_tutorials/install/my_behavior_tree_msgs/share/my_behavior_tree_msgs/package.ps1'
[0.689s] INFO:colcon.colcon_core.shell:Creating package descriptor '/home/etri/bt_tutorials/install/my_behavior_tree_msgs/share/my_behavior_tree_msgs/package.dsv'
[0.689s] INFO:colcon.colcon_core.shell:Creating package script '/home/etri/bt_tutorials/install/my_behavior_tree_msgs/share/my_behavior_tree_msgs/package.sh'
[0.690s] INFO:colcon.colcon_core.shell:Creating package script '/home/etri/bt_tutorials/install/my_behavior_tree_msgs/share/my_behavior_tree_msgs/package.bash'
[0.690s] INFO:colcon.colcon_core.shell:Creating package script '/home/etri/bt_tutorials/install/my_behavior_tree_msgs/share/my_behavior_tree_msgs/package.zsh'
[0.691s] Level 1:colcon.colcon_core.environment:create_file_with_runtime_dependencies(/home/etri/bt_tutorials/install/my_behavior_tree_msgs/share/colcon-core/packages/my_behavior_tree_msgs)
[0.691s] Level 1:colcon.colcon_core.environment:create_environment_scripts_only(my_behavior_tree_msgs)
[0.691s] Level 1:colcon.colcon_core.environment:checking '/home/etri/bt_tutorials/install/my_behavior_tree_msgs' for CMake module files
[0.692s] Level 1:colcon.colcon_core.environment:checking '/home/etri/bt_tutorials/install/my_behavior_tree_msgs' for CMake config files
[0.692s] Level 1:colcon.colcon_core.shell:create_environment_hook('my_behavior_tree_msgs', 'cmake_prefix_path')
[0.692s] INFO:colcon.colcon_core.shell:Creating environment hook '/home/etri/bt_tutorials/install/my_behavior_tree_msgs/share/my_behavior_tree_msgs/hook/cmake_prefix_path.ps1'
[0.693s] INFO:colcon.colcon_core.shell:Creating environment descriptor '/home/etri/bt_tutorials/install/my_behavior_tree_msgs/share/my_behavior_tree_msgs/hook/cmake_prefix_path.dsv'
[0.693s] INFO:colcon.colcon_core.shell:Creating environment hook '/home/etri/bt_tutorials/install/my_behavior_tree_msgs/share/my_behavior_tree_msgs/hook/cmake_prefix_path.sh'
[0.693s] Level 1:colcon.colcon_core.environment:checking '/home/etri/bt_tutorials/install/my_behavior_tree_msgs/lib'
[0.693s] Level 1:colcon.colcon_core.shell:create_environment_hook('my_behavior_tree_msgs', 'ld_library_path_lib')
[0.693s] INFO:colcon.colcon_core.shell:Creating environment hook '/home/etri/bt_tutorials/install/my_behavior_tree_msgs/share/my_behavior_tree_msgs/hook/ld_library_path_lib.ps1'
[0.694s] INFO:colcon.colcon_core.shell:Creating environment descriptor '/home/etri/bt_tutorials/install/my_behavior_tree_msgs/share/my_behavior_tree_msgs/hook/ld_library_path_lib.dsv'
[0.694s] INFO:colcon.colcon_core.shell:Creating environment hook '/home/etri/bt_tutorials/install/my_behavior_tree_msgs/share/my_behavior_tree_msgs/hook/ld_library_path_lib.sh'
[0.694s] Level 1:colcon.colcon_core.environment:checking '/home/etri/bt_tutorials/install/my_behavior_tree_msgs/bin'
[0.694s] Level 1:colcon.colcon_core.environment:checking '/home/etri/bt_tutorials/install/my_behavior_tree_msgs/lib/pkgconfig/my_behavior_tree_msgs.pc'
[0.694s] Level 1:colcon.colcon_core.environment:checking '/home/etri/bt_tutorials/install/my_behavior_tree_msgs/lib/python3.10/site-packages'
[0.695s] Level 1:colcon.colcon_core.environment:checking '/home/etri/bt_tutorials/install/my_behavior_tree_msgs/bin'
[0.695s] INFO:colcon.colcon_core.shell:Creating package script '/home/etri/bt_tutorials/install/my_behavior_tree_msgs/share/my_behavior_tree_msgs/package.ps1'
[0.695s] INFO:colcon.colcon_core.shell:Creating package descriptor '/home/etri/bt_tutorials/install/my_behavior_tree_msgs/share/my_behavior_tree_msgs/package.dsv'
[0.696s] INFO:colcon.colcon_core.shell:Creating package script '/home/etri/bt_tutorials/install/my_behavior_tree_msgs/share/my_behavior_tree_msgs/package.sh'
[0.696s] INFO:colcon.colcon_core.shell:Creating package script '/home/etri/bt_tutorials/install/my_behavior_tree_msgs/share/my_behavior_tree_msgs/package.bash'
[0.696s] INFO:colcon.colcon_core.shell:Creating package script '/home/etri/bt_tutorials/install/my_behavior_tree_msgs/share/my_behavior_tree_msgs/package.zsh'
[0.696s] Level 1:colcon.colcon_core.environment:create_file_with_runtime_dependencies(/home/etri/bt_tutorials/install/my_behavior_tree_msgs/share/colcon-core/packages/my_behavior_tree_msgs)
[0.758s] DEBUG:colcon.colcon_core.event_handler.log_command:Invoking command in '/home/etri/bt_tutorials/build/my_behavior_tree': PYTHONPATH=/home/etri/bt_tutorials/build/my_behavior_tree/prefix_override:/usr/lib/python3/dist-packages/colcon_core/task/python/colcon_distutils_commands:/home/etri/bt_tutorials/install/my_behavior_tree/lib/python3.10/site-packages:${PYTHONPATH} /usr/bin/python3 -W ignore:setup.py install is deprecated -W ignore:easy_install command is deprecated setup.py develop --editable --build-directory /home/etri/bt_tutorials/build/my_behavior_tree/build --no-deps symlink_data
[0.795s] DEBUG:colcon.colcon_core.event_handler.log_command:Invoking command in '/home/etri/bt_tutorials/build/py_trees_ros_viewer': PYTHONPATH=/home/etri/bt_tutorials/build/py_trees_ros_viewer/prefix_override:/usr/lib/python3/dist-packages/colcon_core/task/python/colcon_distutils_commands:/home/etri/bt_tutorials/install/py_trees_ros_viewer/lib/python3.10/site-packages:${PYTHONPATH} /usr/bin/python3 -W ignore:setup.py install is deprecated -W ignore:easy_install command is deprecated setup.py develop --editable --build-directory /home/etri/bt_tutorials/build/py_trees_ros_viewer/build --no-deps symlink_data
[1.025s] Level 1:colcon.colcon_core.shell:create_environment_hook('my_behavior_tree', 'pythonpath_develop')
[1.025s] INFO:colcon.colcon_core.shell:Creating environment hook '/home/etri/bt_tutorials/build/my_behavior_tree/share/my_behavior_tree/hook/pythonpath_develop.ps1'
[1.026s] DEBUG:colcon.colcon_core.event_handler.log_command:Invoked command in '/home/etri/bt_tutorials/build/my_behavior_tree' returned '0': PYTHONPATH=/home/etri/bt_tutorials/build/my_behavior_tree/prefix_override:/usr/lib/python3/dist-packages/colcon_core/task/python/colcon_distutils_commands:/home/etri/bt_tutorials/install/my_behavior_tree/lib/python3.10/site-packages:${PYTHONPATH} /usr/bin/python3 -W ignore:setup.py install is deprecated -W ignore:easy_install command is deprecated setup.py develop --editable --build-directory /home/etri/bt_tutorials/build/my_behavior_tree/build --no-deps symlink_data
[1.026s] INFO:colcon.colcon_core.shell:Creating environment descriptor '/home/etri/bt_tutorials/build/my_behavior_tree/share/my_behavior_tree/hook/pythonpath_develop.dsv'
[1.026s] INFO:colcon.colcon_core.shell:Creating environment hook '/home/etri/bt_tutorials/build/my_behavior_tree/share/my_behavior_tree/hook/pythonpath_develop.sh'
[1.027s] Level 1:colcon.colcon_core.environment:checking '/home/etri/bt_tutorials/install/my_behavior_tree' for CMake module files
[1.027s] Level 1:colcon.colcon_core.environment:checking '/home/etri/bt_tutorials/install/my_behavior_tree' for CMake config files
[1.028s] Level 1:colcon.colcon_core.environment:checking '/home/etri/bt_tutorials/install/my_behavior_tree/lib'
[1.028s] Level 1:colcon.colcon_core.environment:checking '/home/etri/bt_tutorials/install/my_behavior_tree/bin'
[1.028s] Level 1:colcon.colcon_core.environment:checking '/home/etri/bt_tutorials/install/my_behavior_tree/lib/pkgconfig/my_behavior_tree.pc'
[1.028s] Level 1:colcon.colcon_core.environment:checking '/home/etri/bt_tutorials/install/my_behavior_tree/lib/python3.10/site-packages'
[1.028s] Level 1:colcon.colcon_core.shell:create_environment_hook('my_behavior_tree', 'pythonpath')
[1.028s] INFO:colcon.colcon_core.shell:Creating environment hook '/home/etri/bt_tutorials/install/my_behavior_tree/share/my_behavior_tree/hook/pythonpath.ps1'
[1.028s] INFO:colcon.colcon_core.shell:Creating environment descriptor '/home/etri/bt_tutorials/install/my_behavior_tree/share/my_behavior_tree/hook/pythonpath.dsv'
[1.029s] INFO:colcon.colcon_core.shell:Creating environment hook '/home/etri/bt_tutorials/install/my_behavior_tree/share/my_behavior_tree/hook/pythonpath.sh'
[1.029s] Level 1:colcon.colcon_core.environment:checking '/home/etri/bt_tutorials/install/my_behavior_tree/bin'
[1.029s] Level 1:colcon.colcon_core.environment:create_environment_scripts_only(my_behavior_tree)
[1.029s] INFO:colcon.colcon_core.shell:Creating package script '/home/etri/bt_tutorials/install/my_behavior_tree/share/my_behavior_tree/package.ps1'
[1.030s] INFO:colcon.colcon_core.shell:Creating package descriptor '/home/etri/bt_tutorials/install/my_behavior_tree/share/my_behavior_tree/package.dsv'
[1.030s] INFO:colcon.colcon_core.shell:Creating package script '/home/etri/bt_tutorials/install/my_behavior_tree/share/my_behavior_tree/package.sh'
[1.030s] INFO:colcon.colcon_core.shell:Creating package script '/home/etri/bt_tutorials/install/my_behavior_tree/share/my_behavior_tree/package.bash'
[1.031s] INFO:colcon.colcon_core.shell:Creating package script '/home/etri/bt_tutorials/install/my_behavior_tree/share/my_behavior_tree/package.zsh'
[1.031s] Level 1:colcon.colcon_core.environment:create_file_with_runtime_dependencies(/home/etri/bt_tutorials/install/my_behavior_tree/share/colcon-core/packages/my_behavior_tree)
[1.064s] Level 1:colcon.colcon_core.shell:create_environment_hook('py_trees_ros_viewer', 'pythonpath_develop')
[1.064s] INFO:colcon.colcon_core.shell:Creating environment hook '/home/etri/bt_tutorials/build/py_trees_ros_viewer/share/py_trees_ros_viewer/hook/pythonpath_develop.ps1'
[1.065s] DEBUG:colcon.colcon_core.event_handler.log_command:Invoked command in '/home/etri/bt_tutorials/build/py_trees_ros_viewer' returned '0': PYTHONPATH=/home/etri/bt_tutorials/build/py_trees_ros_viewer/prefix_override:/usr/lib/python3/dist-packages/colcon_core/task/python/colcon_distutils_commands:/home/etri/bt_tutorials/install/py_trees_ros_viewer/lib/python3.10/site-packages:${PYTHONPATH} /usr/bin/python3 -W ignore:setup.py install is deprecated -W ignore:easy_install command is deprecated setup.py develop --editable --build-directory /home/etri/bt_tutorials/build/py_trees_ros_viewer/build --no-deps symlink_data
[1.065s] INFO:colcon.colcon_core.shell:Creating environment descriptor '/home/etri/bt_tutorials/build/py_trees_ros_viewer/share/py_trees_ros_viewer/hook/pythonpath_develop.dsv'
[1.065s] INFO:colcon.colcon_core.shell:Creating environment hook '/home/etri/bt_tutorials/build/py_trees_ros_viewer/share/py_trees_ros_viewer/hook/pythonpath_develop.sh'
[1.066s] Level 1:colcon.colcon_core.environment:checking '/home/etri/bt_tutorials/install/py_trees_ros_viewer' for CMake module files
[1.066s] Level 1:colcon.colcon_core.environment:checking '/home/etri/bt_tutorials/install/py_trees_ros_viewer' for CMake config files
[1.067s] Level 1:colcon.colcon_core.environment:checking '/home/etri/bt_tutorials/install/py_trees_ros_viewer/lib'
[1.067s] Level 1:colcon.colcon_core.environment:checking '/home/etri/bt_tutorials/install/py_trees_ros_viewer/bin'
[1.067s] Level 1:colcon.colcon_core.shell:create_environment_hook('py_trees_ros_viewer', 'path')
[1.067s] INFO:colcon.colcon_core.shell:Creating environment hook '/home/etri/bt_tutorials/install/py_trees_ros_viewer/share/py_trees_ros_viewer/hook/path.ps1'
[1.067s] INFO:colcon.colcon_core.shell:Creating environment descriptor '/home/etri/bt_tutorials/install/py_trees_ros_viewer/share/py_trees_ros_viewer/hook/path.dsv'
[1.067s] INFO:colcon.colcon_core.shell:Creating environment hook '/home/etri/bt_tutorials/install/py_trees_ros_viewer/share/py_trees_ros_viewer/hook/path.sh'
[1.068s] Level 1:colcon.colcon_core.environment:checking '/home/etri/bt_tutorials/install/py_trees_ros_viewer/lib/pkgconfig/py_trees_ros_viewer.pc'
[1.068s] Level 1:colcon.colcon_core.environment:checking '/home/etri/bt_tutorials/install/py_trees_ros_viewer/lib/python3.10/site-packages'
[1.068s] Level 1:colcon.colcon_core.shell:create_environment_hook('py_trees_ros_viewer', 'pythonpath')
[1.068s] INFO:colcon.colcon_core.shell:Creating environment hook '/home/etri/bt_tutorials/install/py_trees_ros_viewer/share/py_trees_ros_viewer/hook/pythonpath.ps1'
[1.068s] INFO:colcon.colcon_core.shell:Creating environment descriptor '/home/etri/bt_tutorials/install/py_trees_ros_viewer/share/py_trees_ros_viewer/hook/pythonpath.dsv'
[1.069s] INFO:colcon.colcon_core.shell:Creating environment hook '/home/etri/bt_tutorials/install/py_trees_ros_viewer/share/py_trees_ros_viewer/hook/pythonpath.sh'
[1.069s] Level 1:colcon.colcon_core.environment:checking '/home/etri/bt_tutorials/install/py_trees_ros_viewer/bin'
[1.069s] Level 1:colcon.colcon_core.shell:create_environment_hook('py_trees_ros_viewer', 'pythonscriptspath')
[1.069s] INFO:colcon.colcon_core.shell:Creating environment hook '/home/etri/bt_tutorials/install/py_trees_ros_viewer/share/py_trees_ros_viewer/hook/pythonscriptspath.ps1'
[1.069s] INFO:colcon.colcon_core.shell:Creating environment descriptor '/home/etri/bt_tutorials/install/py_trees_ros_viewer/share/py_trees_ros_viewer/hook/pythonscriptspath.dsv'
[1.070s] INFO:colcon.colcon_core.shell:Creating environment hook '/home/etri/bt_tutorials/install/py_trees_ros_viewer/share/py_trees_ros_viewer/hook/pythonscriptspath.sh'
[1.070s] Level 1:colcon.colcon_core.environment:create_environment_scripts_only(py_trees_ros_viewer)
[1.070s] INFO:colcon.colcon_core.shell:Creating package script '/home/etri/bt_tutorials/install/py_trees_ros_viewer/share/py_trees_ros_viewer/package.ps1'
[1.071s] INFO:colcon.colcon_core.shell:Creating package descriptor '/home/etri/bt_tutorials/install/py_trees_ros_viewer/share/py_trees_ros_viewer/package.dsv'
[1.071s] INFO:colcon.colcon_core.shell:Creating package script '/home/etri/bt_tutorials/install/py_trees_ros_viewer/share/py_trees_ros_viewer/package.sh'
[1.071s] INFO:colcon.colcon_core.shell:Creating package script '/home/etri/bt_tutorials/install/py_trees_ros_viewer/share/py_trees_ros_viewer/package.bash'
[1.072s] INFO:colcon.colcon_core.shell:Creating package script '/home/etri/bt_tutorials/install/py_trees_ros_viewer/share/py_trees_ros_viewer/package.zsh'
[1.072s] Level 1:colcon.colcon_core.environment:create_file_with_runtime_dependencies(/home/etri/bt_tutorials/install/py_trees_ros_viewer/share/colcon-core/packages/py_trees_ros_viewer)
[1.072s] DEBUG:colcon.colcon_parallel_executor.executor.parallel:closing loop
[1.072s] DEBUG:colcon.colcon_parallel_executor.executor.parallel:loop closed
[1.072s] DEBUG:colcon.colcon_parallel_executor.executor.parallel:run_until_complete finished with '0'
[1.072s] DEBUG:colcon.colcon_core.event_reactor:joining thread
[1.077s] INFO:colcon.colcon_core.plugin_system:Skipping extension 'colcon_notification.desktop_notification.terminal_notifier': Not used on non-Darwin systems
[1.077s] INFO:colcon.colcon_core.plugin_system:Skipping extension 'colcon_notification.desktop_notification.win32': Not used on non-Windows systems
[1.077s] INFO:colcon.colcon_notification.desktop_notification:Sending desktop notification using 'notify2'
[1.083s] DEBUG:colcon.colcon_core.event_reactor:joined thread
[1.084s] INFO:colcon.colcon_core.shell:Creating prefix script '/home/etri/bt_tutorials/install/local_setup.ps1'
[1.084s] INFO:colcon.colcon_core.shell:Creating prefix util module '/home/etri/bt_tutorials/install/_local_setup_util_ps1.py'
[1.085s] INFO:colcon.colcon_core.shell:Creating prefix chain script '/home/etri/bt_tutorials/install/setup.ps1'
[1.086s] INFO:colcon.colcon_core.shell:Creating prefix script '/home/etri/bt_tutorials/install/local_setup.sh'
[1.087s] INFO:colcon.colcon_core.shell:Creating prefix util module '/home/etri/bt_tutorials/install/_local_setup_util_sh.py'
[1.087s] INFO:colcon.colcon_core.shell:Creating prefix chain script '/home/etri/bt_tutorials/install/setup.sh'
[1.088s] INFO:colcon.colcon_core.shell:Creating prefix script '/home/etri/bt_tutorials/install/local_setup.bash'
[1.088s] INFO:colcon.colcon_core.shell:Creating prefix chain script '/home/etri/bt_tutorials/install/setup.bash'
[1.089s] INFO:colcon.colcon_core.shell:Creating prefix script '/home/etri/bt_tutorials/install/local_setup.zsh'
[1.089s] INFO:colcon.colcon_core.shell:Creating prefix chain script '/home/etri/bt_tutorials/install/setup.zsh'
