running egg_info
creating ../build/my_behavior_tree/my_behavior_tree.egg-info
writing ../build/my_behavior_tree/my_behavior_tree.egg-info/PKG-INFO
writing dependency_links to ../build/my_behavior_tree/my_behavior_tree.egg-info/dependency_links.txt
writing entry points to ../build/my_behavior_tree/my_behavior_tree.egg-info/entry_points.txt
writing requirements to ../build/my_behavior_tree/my_behavior_tree.egg-info/requires.txt
writing top-level names to ../build/my_behavior_tree/my_behavior_tree.egg-info/top_level.txt
writing manifest file '../build/my_behavior_tree/my_behavior_tree.egg-info/SOURCES.txt'
reading manifest file '../build/my_behavior_tree/my_behavior_tree.egg-info/SOURCES.txt'
writing manifest file '../build/my_behavior_tree/my_behavior_tree.egg-info/SOURCES.txt'
running build
running build_py
creating /home/etri/bt_tutorials/src/build/my_behavior_tree/build
creating /home/etri/bt_tutorials/src/build/my_behavior_tree/build/lib
creating /home/etri/bt_tutorials/src/build/my_behavior_tree/build/lib/my_behavior_tree
copying my_behavior_tree/bt_turltesim_nav.py -> /home/etri/bt_tutorials/src/build/my_behavior_tree/build/lib/my_behavior_tree
copying my_behavior_tree/__init__.py -> /home/etri/bt_tutorials/src/build/my_behavior_tree/build/lib/my_behavior_tree
copying my_behavior_tree/bt_basic_blackboard2.py -> /home/etri/bt_tutorials/src/build/my_behavior_tree/build/lib/my_behavior_tree
copying my_behavior_tree/bt_basic.py -> /home/etri/bt_tutorials/src/build/my_behavior_tree/build/lib/my_behavior_tree
copying my_behavior_tree/bt_basic_blackboard.py -> /home/etri/bt_tutorials/src/build/my_behavior_tree/build/lib/my_behavior_tree
running install
running install_lib
creating /home/etri/bt_tutorials/src/install/my_behavior_tree/lib/python3.10/site-packages/my_behavior_tree
copying /home/etri/bt_tutorials/src/build/my_behavior_tree/build/lib/my_behavior_tree/bt_turltesim_nav.py -> /home/etri/bt_tutorials/src/install/my_behavior_tree/lib/python3.10/site-packages/my_behavior_tree
copying /home/etri/bt_tutorials/src/build/my_behavior_tree/build/lib/my_behavior_tree/__init__.py -> /home/etri/bt_tutorials/src/install/my_behavior_tree/lib/python3.10/site-packages/my_behavior_tree
copying /home/etri/bt_tutorials/src/build/my_behavior_tree/build/lib/my_behavior_tree/bt_basic_blackboard2.py -> /home/etri/bt_tutorials/src/install/my_behavior_tree/lib/python3.10/site-packages/my_behavior_tree
copying /home/etri/bt_tutorials/src/build/my_behavior_tree/build/lib/my_behavior_tree/bt_basic.py -> /home/etri/bt_tutorials/src/install/my_behavior_tree/lib/python3.10/site-packages/my_behavior_tree
copying /home/etri/bt_tutorials/src/build/my_behavior_tree/build/lib/my_behavior_tree/bt_basic_blackboard.py -> /home/etri/bt_tutorials/src/install/my_behavior_tree/lib/python3.10/site-packages/my_behavior_tree
byte-compiling /home/etri/bt_tutorials/src/install/my_behavior_tree/lib/python3.10/site-packages/my_behavior_tree/bt_turltesim_nav.py to bt_turltesim_nav.cpython-310.pyc
byte-compiling /home/etri/bt_tutorials/src/install/my_behavior_tree/lib/python3.10/site-packages/my_behavior_tree/__init__.py to __init__.cpython-310.pyc
byte-compiling /home/etri/bt_tutorials/src/install/my_behavior_tree/lib/python3.10/site-packages/my_behavior_tree/bt_basic_blackboard2.py to bt_basic_blackboard2.cpython-310.pyc
byte-compiling /home/etri/bt_tutorials/src/install/my_behavior_tree/lib/python3.10/site-packages/my_behavior_tree/bt_basic.py to bt_basic.cpython-310.pyc
byte-compiling /home/etri/bt_tutorials/src/install/my_behavior_tree/lib/python3.10/site-packages/my_behavior_tree/bt_basic_blackboard.py to bt_basic_blackboard.cpython-310.pyc
running install_data
creating /home/etri/bt_tutorials/src/install/my_behavior_tree/share/ament_index
creating /home/etri/bt_tutorials/src/install/my_behavior_tree/share/ament_index/resource_index
creating /home/etri/bt_tutorials/src/install/my_behavior_tree/share/ament_index/resource_index/packages
copying resource/my_behavior_tree -> /home/etri/bt_tutorials/src/install/my_behavior_tree/share/ament_index/resource_index/packages
copying package.xml -> /home/etri/bt_tutorials/src/install/my_behavior_tree/share/my_behavior_tree
running install_egg_info
Copying ../build/my_behavior_tree/my_behavior_tree.egg-info to /home/etri/bt_tutorials/src/install/my_behavior_tree/lib/python3.10/site-packages/my_behavior_tree-0.0.0-py3.10.egg-info
running install_scripts
Installing bt_basic script to /home/etri/bt_tutorials/src/install/my_behavior_tree/lib/my_behavior_tree
Installing bt_basic_blackboard script to /home/etri/bt_tutorials/src/install/my_behavior_tree/lib/my_behavior_tree
Installing bt_basic_blackboard2 script to /home/etri/bt_tutorials/src/install/my_behavior_tree/lib/my_behavior_tree
writing list of installed files to '/home/etri/bt_tutorials/src/build/my_behavior_tree/install.log'
