-- Found ament_cmake: 1.3.11 (/opt/ros/humble/share/ament_cmake/cmake)
-- Override CMake install command with custom implementation using symlinks instead of copying resources
-- Found rosidl_default_generators: 1.2.0 (/opt/ros/humble/share/rosidl_default_generators/cmake)
-- Using all available rosidl_typesupport_c: rosidl_typesupport_fastrtps_c;rosidl_typesupport_introspection_c
-- Found rosidl_adapter: 3.1.6 (/opt/ros/humble/share/rosidl_adapter/cmake)
-- Using all available rosidl_typesupport_cpp: rosidl_typesupport_fastrtps_cpp;rosidl_typesupport_introspection_cpp
-- Found ament_cmake_ros: 0.10.0 (/opt/ros/humble/share/ament_cmake_ros/cmake)
-- Using all available rosidl_typesupport_c: rosidl_typesupport_fastrtps_c;rosidl_typesupport_introspection_c
-- Using all available rosidl_typesupport_cpp: rosidl_typesupport_fastrtps_cpp;rosidl_typesupport_introspection_cpp
-- Found PythonInterp: /usr/bin/python3 (found suitable version "3.10.12", minimum required is "3.6") 
-- Found python_cmake_module: 0.10.0 (/opt/ros/humble/share/python_cmake_module/cmake)
-- Found PythonLibs: /usr/lib/x86_64-linux-gnu/libpython3.10.so (found suitable version "3.10.12", minimum required is "3.5") 
-- Using PYTHON_EXECUTABLE: /usr/bin/python3
-- Using PYTHON_INCLUDE_DIRS: /usr/include/python3.10
-- Using PYTHON_LIBRARIES: /usr/lib/x86_64-linux-gnu/libpython3.10.so
-- Found PythonExtra: .so  
-- Found ament_lint_auto: 0.12.11 (/opt/ros/humble/share/ament_lint_auto/cmake)
-- Added test 'lint_cmake' to check CMake code style
-- Added test 'xmllint' to check XML markup files
-- Configuring done
-- Generating done
-- Build files have been written to: /home/etri/bt_tutorials/build/my_behavior_tree_msgs
[  3%] [34m[1mGenerating C code for ROS interfaces[0m
[  6%] [34m[1mGenerating C++ code for ROS interfaces[0m
[  6%] Built target ament_cmake_python_symlink_my_behavior_tree_msgs
[  9%] [32mBuilding C object CMakeFiles/my_behavior_tree_msgs__rosidl_generator_c.dir/rosidl_generator_c/my_behavior_tree_msgs/msg/detail/pos_error__functions.c.o[0m
running egg_info
creating my_behavior_tree_msgs.egg-info
writing my_behavior_tree_msgs.egg-info/PKG-INFO
writing dependency_links to my_behavior_tree_msgs.egg-info/dependency_links.txt
writing top-level names to my_behavior_tree_msgs.egg-info/top_level.txt
writing manifest file 'my_behavior_tree_msgs.egg-info/SOURCES.txt'
reading manifest file 'my_behavior_tree_msgs.egg-info/SOURCES.txt'
writing manifest file 'my_behavior_tree_msgs.egg-info/SOURCES.txt'
[  9%] Built target ament_cmake_python_build_my_behavior_tree_msgs_egg
[  9%] Built target my_behavior_tree_msgs__cpp
[ 16%] [34m[1mGenerating C++ introspection for ROS interfaces[0m
[ 16%] [34m[1mGenerating C++ type support for eProsima Fast-RTPS[0m
[ 19%] [34m[1mGenerating C++ type support dispatch for ROS interfaces[0m
[ 22%] [32m[1mLinking C shared library libmy_behavior_tree_msgs__rosidl_generator_c.so[0m
[ 22%] Built target my_behavior_tree_msgs__rosidl_generator_c
[ 25%] [34m[1mGenerating C introspection for ROS interfaces[0m
[ 32%] [34m[1mGenerating C type support dispatch for ROS interfaces[0m
[ 32%] [34m[1mGenerating C type support for eProsima Fast-RTPS[0m
[ 35%] [32mBuilding CXX object CMakeFiles/my_behavior_tree_msgs__rosidl_typesupport_introspection_cpp.dir/rosidl_typesupport_introspection_cpp/my_behavior_tree_msgs/msg/detail/pos_error__type_support.cpp.o[0m
[ 38%] [32mBuilding CXX object CMakeFiles/my_behavior_tree_msgs__rosidl_typesupport_cpp.dir/rosidl_typesupport_cpp/my_behavior_tree_msgs/msg/pos_error__type_support.cpp.o[0m
[ 41%] [32mBuilding CXX object CMakeFiles/my_behavior_tree_msgs__rosidl_typesupport_fastrtps_cpp.dir/rosidl_typesupport_fastrtps_cpp/my_behavior_tree_msgs/msg/detail/dds_fastrtps/pos_error__type_support.cpp.o[0m
[ 45%] [32mBuilding C object CMakeFiles/my_behavior_tree_msgs__rosidl_typesupport_introspection_c.dir/rosidl_typesupport_introspection_c/my_behavior_tree_msgs/msg/detail/pos_error__type_support.c.o[0m
[ 48%] [32mBuilding CXX object CMakeFiles/my_behavior_tree_msgs__rosidl_typesupport_c.dir/rosidl_typesupport_c/my_behavior_tree_msgs/msg/pos_error__type_support.cpp.o[0m
[ 51%] [32m[1mLinking C shared library libmy_behavior_tree_msgs__rosidl_typesupport_introspection_c.so[0m
[ 54%] [32mBuilding CXX object CMakeFiles/my_behavior_tree_msgs__rosidl_typesupport_fastrtps_c.dir/rosidl_typesupport_fastrtps_c/my_behavior_tree_msgs/msg/detail/pos_error__type_support_c.cpp.o[0m
[ 58%] [32m[1mLinking CXX shared library libmy_behavior_tree_msgs__rosidl_typesupport_c.so[0m
[ 58%] Built target my_behavior_tree_msgs__rosidl_typesupport_introspection_c
[ 58%] Built target my_behavior_tree_msgs__rosidl_typesupport_c
[ 61%] [32m[1mLinking CXX shared library libmy_behavior_tree_msgs__rosidl_typesupport_cpp.so[0m
[ 61%] Built target my_behavior_tree_msgs__rosidl_typesupport_cpp
[ 64%] [32m[1mLinking CXX shared library libmy_behavior_tree_msgs__rosidl_typesupport_fastrtps_cpp.so[0m
[ 67%] [32m[1mLinking CXX shared library libmy_behavior_tree_msgs__rosidl_typesupport_fastrtps_c.so[0m
[ 70%] [32m[1mLinking CXX shared library libmy_behavior_tree_msgs__rosidl_typesupport_introspection_cpp.so[0m
[ 70%] Built target my_behavior_tree_msgs__rosidl_typesupport_introspection_cpp
[ 70%] Built target my_behavior_tree_msgs__rosidl_typesupport_fastrtps_cpp
[ 70%] Built target my_behavior_tree_msgs__rosidl_typesupport_fastrtps_c
[ 70%] Built target my_behavior_tree_msgs
[ 74%] [34m[1mGenerating Python code for ROS interfaces[0m
[ 74%] Built target my_behavior_tree_msgs__py
[ 77%] [32mBuilding C object CMakeFiles/my_behavior_tree_msgs__rosidl_generator_py.dir/rosidl_generator_py/my_behavior_tree_msgs/msg/_pos_error_s.c.o[0m
[ 80%] [32m[1mLinking C shared library rosidl_generator_py/my_behavior_tree_msgs/libmy_behavior_tree_msgs__rosidl_generator_py.so[0m
[ 80%] Built target my_behavior_tree_msgs__rosidl_generator_py
[ 83%] [32mBuilding C object CMakeFiles/my_behavior_tree_msgs__rosidl_typesupport_fastrtps_c__pyext.dir/rosidl_generator_py/my_behavior_tree_msgs/_my_behavior_tree_msgs_s.ep.rosidl_typesupport_fastrtps_c.c.o[0m
[ 87%] [32mBuilding C object CMakeFiles/my_behavior_tree_msgs__rosidl_typesupport_introspection_c__pyext.dir/rosidl_generator_py/my_behavior_tree_msgs/_my_behavior_tree_msgs_s.ep.rosidl_typesupport_introspection_c.c.o[0m
[ 90%] [32mBuilding C object CMakeFiles/my_behavior_tree_msgs__rosidl_typesupport_c__pyext.dir/rosidl_generator_py/my_behavior_tree_msgs/_my_behavior_tree_msgs_s.ep.rosidl_typesupport_c.c.o[0m
[ 93%] [32m[1mLinking C shared library rosidl_generator_py/my_behavior_tree_msgs/my_behavior_tree_msgs_s__rosidl_typesupport_introspection_c.cpython-310-x86_64-linux-gnu.so[0m
[ 96%] [32m[1mLinking C shared library rosidl_generator_py/my_behavior_tree_msgs/my_behavior_tree_msgs_s__rosidl_typesupport_fastrtps_c.cpython-310-x86_64-linux-gnu.so[0m
[100%] [32m[1mLinking C shared library rosidl_generator_py/my_behavior_tree_msgs/my_behavior_tree_msgs_s__rosidl_typesupport_c.cpython-310-x86_64-linux-gnu.so[0m
[100%] Built target my_behavior_tree_msgs__rosidl_typesupport_fastrtps_c__pyext
[100%] Built target my_behavior_tree_msgs__rosidl_typesupport_introspection_c__pyext
[100%] Built target my_behavior_tree_msgs__rosidl_typesupport_c__pyext
-- Install configuration: ""
-- Execute custom install script
-- Symlinking: /home/etri/bt_tutorials/install/my_behavior_tree_msgs/share/ament_index/resource_index/rosidl_interfaces/my_behavior_tree_msgs
-- Symlinking: /home/etri/bt_tutorials/install/my_behavior_tree_msgs/include/my_behavior_tree_msgs/my_behavior_tree_msgs/msg/detail/pos_error__functions.h
-- Symlinking: /home/etri/bt_tutorials/install/my_behavior_tree_msgs/include/my_behavior_tree_msgs/my_behavior_tree_msgs/msg/detail/pos_error__struct.h
-- Symlinking: /home/etri/bt_tutorials/install/my_behavior_tree_msgs/include/my_behavior_tree_msgs/my_behavior_tree_msgs/msg/detail/pos_error__type_support.h
-- Symlinking: /home/etri/bt_tutorials/install/my_behavior_tree_msgs/include/my_behavior_tree_msgs/my_behavior_tree_msgs/msg/pos_error.h
-- Symlinking: /home/etri/bt_tutorials/install/my_behavior_tree_msgs/include/my_behavior_tree_msgs/my_behavior_tree_msgs/msg/rosidl_generator_c__visibility_control.h
-- Symlinking: /home/etri/bt_tutorials/install/my_behavior_tree_msgs/share/my_behavior_tree_msgs/environment/library_path.sh
-- Symlinking: /home/etri/bt_tutorials/install/my_behavior_tree_msgs/share/my_behavior_tree_msgs/environment/library_path.dsv
-- Symlinking: /home/etri/bt_tutorials/install/my_behavior_tree_msgs/include/my_behavior_tree_msgs/my_behavior_tree_msgs/msg/detail/pos_error__rosidl_typesupport_fastrtps_c.h
-- Symlinking: /home/etri/bt_tutorials/install/my_behavior_tree_msgs/include/my_behavior_tree_msgs/my_behavior_tree_msgs/msg/rosidl_typesupport_fastrtps_c__visibility_control.h
-- Symlinking: /home/etri/bt_tutorials/install/my_behavior_tree_msgs/include/my_behavior_tree_msgs/my_behavior_tree_msgs/msg/detail/pos_error__rosidl_typesupport_introspection_c.h
-- Symlinking: /home/etri/bt_tutorials/install/my_behavior_tree_msgs/include/my_behavior_tree_msgs/my_behavior_tree_msgs/msg/rosidl_typesupport_introspection_c__visibility_control.h
-- Symlinking: /home/etri/bt_tutorials/install/my_behavior_tree_msgs/include/my_behavior_tree_msgs/my_behavior_tree_msgs/msg/detail/pos_error__builder.hpp
-- Symlinking: /home/etri/bt_tutorials/install/my_behavior_tree_msgs/include/my_behavior_tree_msgs/my_behavior_tree_msgs/msg/detail/pos_error__struct.hpp
-- Symlinking: /home/etri/bt_tutorials/install/my_behavior_tree_msgs/include/my_behavior_tree_msgs/my_behavior_tree_msgs/msg/detail/pos_error__traits.hpp
-- Symlinking: /home/etri/bt_tutorials/install/my_behavior_tree_msgs/include/my_behavior_tree_msgs/my_behavior_tree_msgs/msg/detail/pos_error__type_support.hpp
-- Symlinking: /home/etri/bt_tutorials/install/my_behavior_tree_msgs/include/my_behavior_tree_msgs/my_behavior_tree_msgs/msg/pos_error.hpp
-- Symlinking: /home/etri/bt_tutorials/install/my_behavior_tree_msgs/include/my_behavior_tree_msgs/my_behavior_tree_msgs/msg/rosidl_generator_cpp__visibility_control.hpp
-- Symlinking: /home/etri/bt_tutorials/install/my_behavior_tree_msgs/include/my_behavior_tree_msgs/my_behavior_tree_msgs/msg/detail/pos_error__rosidl_typesupport_fastrtps_cpp.hpp
-- Symlinking: /home/etri/bt_tutorials/install/my_behavior_tree_msgs/include/my_behavior_tree_msgs/my_behavior_tree_msgs/msg/rosidl_typesupport_fastrtps_cpp__visibility_control.h
-- Symlinking: /home/etri/bt_tutorials/install/my_behavior_tree_msgs/include/my_behavior_tree_msgs/my_behavior_tree_msgs/msg/detail/pos_error__rosidl_typesupport_introspection_cpp.hpp
-- Symlinking: /home/etri/bt_tutorials/install/my_behavior_tree_msgs/share/my_behavior_tree_msgs/environment/pythonpath.sh
-- Symlinking: /home/etri/bt_tutorials/install/my_behavior_tree_msgs/share/my_behavior_tree_msgs/environment/pythonpath.dsv
-- Symlinking: /home/etri/bt_tutorials/install/my_behavior_tree_msgs/local/lib/python3.10/dist-packages/my_behavior_tree_msgs-0.0.0-py3.10.egg-info/PKG-INFO
-- Symlinking: /home/etri/bt_tutorials/install/my_behavior_tree_msgs/local/lib/python3.10/dist-packages/my_behavior_tree_msgs-0.0.0-py3.10.egg-info/SOURCES.txt
-- Symlinking: /home/etri/bt_tutorials/install/my_behavior_tree_msgs/local/lib/python3.10/dist-packages/my_behavior_tree_msgs-0.0.0-py3.10.egg-info/dependency_links.txt
-- Symlinking: /home/etri/bt_tutorials/install/my_behavior_tree_msgs/local/lib/python3.10/dist-packages/my_behavior_tree_msgs-0.0.0-py3.10.egg-info/top_level.txt
-- Symlinking: /home/etri/bt_tutorials/install/my_behavior_tree_msgs/local/lib/python3.10/dist-packages/my_behavior_tree_msgs/__init__.py
-- Symlinking: /home/etri/bt_tutorials/install/my_behavior_tree_msgs/local/lib/python3.10/dist-packages/my_behavior_tree_msgs/_my_behavior_tree_msgs_s.ep.rosidl_typesupport_c.c
-- Symlinking: /home/etri/bt_tutorials/install/my_behavior_tree_msgs/local/lib/python3.10/dist-packages/my_behavior_tree_msgs/_my_behavior_tree_msgs_s.ep.rosidl_typesupport_fastrtps_c.c
-- Symlinking: /home/etri/bt_tutorials/install/my_behavior_tree_msgs/local/lib/python3.10/dist-packages/my_behavior_tree_msgs/_my_behavior_tree_msgs_s.ep.rosidl_typesupport_introspection_c.c
-- Symlinking: /home/etri/bt_tutorials/install/my_behavior_tree_msgs/local/lib/python3.10/dist-packages/my_behavior_tree_msgs/libmy_behavior_tree_msgs__rosidl_generator_py.so
-- Symlinking: /home/etri/bt_tutorials/install/my_behavior_tree_msgs/local/lib/python3.10/dist-packages/my_behavior_tree_msgs/msg/__init__.py
-- Symlinking: /home/etri/bt_tutorials/install/my_behavior_tree_msgs/local/lib/python3.10/dist-packages/my_behavior_tree_msgs/msg/_pos_error.py
-- Symlinking: /home/etri/bt_tutorials/install/my_behavior_tree_msgs/local/lib/python3.10/dist-packages/my_behavior_tree_msgs/msg/_pos_error_s.c
-- Symlinking: /home/etri/bt_tutorials/install/my_behavior_tree_msgs/local/lib/python3.10/dist-packages/my_behavior_tree_msgs/my_behavior_tree_msgs_s__rosidl_typesupport_c.cpython-310-x86_64-linux-gnu.so
-- Symlinking: /home/etri/bt_tutorials/install/my_behavior_tree_msgs/local/lib/python3.10/dist-packages/my_behavior_tree_msgs/my_behavior_tree_msgs_s__rosidl_typesupport_fastrtps_c.cpython-310-x86_64-linux-gnu.so
-- Symlinking: /home/etri/bt_tutorials/install/my_behavior_tree_msgs/local/lib/python3.10/dist-packages/my_behavior_tree_msgs/my_behavior_tree_msgs_s__rosidl_typesupport_introspection_c.cpython-310-x86_64-linux-gnu.so
-- Up-to-date symlink: /home/etri/bt_tutorials/install/my_behavior_tree_msgs/local/lib/python3.10/dist-packages/my_behavior_tree_msgs/my_behavior_tree_msgs_s__rosidl_typesupport_fastrtps_c.cpython-310-x86_64-linux-gnu.so
-- Up-to-date symlink: /home/etri/bt_tutorials/install/my_behavior_tree_msgs/local/lib/python3.10/dist-packages/my_behavior_tree_msgs/my_behavior_tree_msgs_s__rosidl_typesupport_introspection_c.cpython-310-x86_64-linux-gnu.so
-- Up-to-date symlink: /home/etri/bt_tutorials/install/my_behavior_tree_msgs/local/lib/python3.10/dist-packages/my_behavior_tree_msgs/my_behavior_tree_msgs_s__rosidl_typesupport_c.cpython-310-x86_64-linux-gnu.so
-- Symlinking: /home/etri/bt_tutorials/install/my_behavior_tree_msgs/share/my_behavior_tree_msgs/msg/PosError.idl
-- Symlinking: /home/etri/bt_tutorials/install/my_behavior_tree_msgs/share/my_behavior_tree_msgs/msg/PosError.msg
-- Symlinking: /home/etri/bt_tutorials/install/my_behavior_tree_msgs/share/ament_index/resource_index/package_run_dependencies/my_behavior_tree_msgs
-- Symlinking: /home/etri/bt_tutorials/install/my_behavior_tree_msgs/share/ament_index/resource_index/parent_prefix_path/my_behavior_tree_msgs
-- Symlinking: /home/etri/bt_tutorials/install/my_behavior_tree_msgs/share/my_behavior_tree_msgs/environment/ament_prefix_path.sh
-- Symlinking: /home/etri/bt_tutorials/install/my_behavior_tree_msgs/share/my_behavior_tree_msgs/environment/ament_prefix_path.dsv
-- Symlinking: /home/etri/bt_tutorials/install/my_behavior_tree_msgs/share/my_behavior_tree_msgs/environment/path.sh
-- Symlinking: /home/etri/bt_tutorials/install/my_behavior_tree_msgs/share/my_behavior_tree_msgs/environment/path.dsv
-- Symlinking: /home/etri/bt_tutorials/install/my_behavior_tree_msgs/share/my_behavior_tree_msgs/local_setup.bash
-- Symlinking: /home/etri/bt_tutorials/install/my_behavior_tree_msgs/share/my_behavior_tree_msgs/local_setup.sh
-- Symlinking: /home/etri/bt_tutorials/install/my_behavior_tree_msgs/share/my_behavior_tree_msgs/local_setup.zsh
-- Symlinking: /home/etri/bt_tutorials/install/my_behavior_tree_msgs/share/my_behavior_tree_msgs/local_setup.dsv
-- Symlinking: /home/etri/bt_tutorials/install/my_behavior_tree_msgs/share/my_behavior_tree_msgs/package.dsv
-- Symlinking: /home/etri/bt_tutorials/install/my_behavior_tree_msgs/share/ament_index/resource_index/packages/my_behavior_tree_msgs
-- Symlinking: /home/etri/bt_tutorials/install/my_behavior_tree_msgs/share/my_behavior_tree_msgs/cmake/rosidl_cmake-extras.cmake
-- Symlinking: /home/etri/bt_tutorials/install/my_behavior_tree_msgs/share/my_behavior_tree_msgs/cmake/ament_cmake_export_include_directories-extras.cmake
-- Symlinking: /home/etri/bt_tutorials/install/my_behavior_tree_msgs/share/my_behavior_tree_msgs/cmake/ament_cmake_export_libraries-extras.cmake
-- Symlinking: /home/etri/bt_tutorials/install/my_behavior_tree_msgs/share/my_behavior_tree_msgs/cmake/ament_cmake_export_targets-extras.cmake
-- Symlinking: /home/etri/bt_tutorials/install/my_behavior_tree_msgs/share/my_behavior_tree_msgs/cmake/rosidl_cmake_export_typesupport_targets-extras.cmake
-- Symlinking: /home/etri/bt_tutorials/install/my_behavior_tree_msgs/share/my_behavior_tree_msgs/cmake/ament_cmake_export_dependencies-extras.cmake
-- Symlinking: /home/etri/bt_tutorials/install/my_behavior_tree_msgs/share/my_behavior_tree_msgs/cmake/rosidl_cmake_export_typesupport_libraries-extras.cmake
-- Symlinking: /home/etri/bt_tutorials/install/my_behavior_tree_msgs/share/my_behavior_tree_msgs/cmake/my_behavior_tree_msgsConfig.cmake
-- Symlinking: /home/etri/bt_tutorials/install/my_behavior_tree_msgs/share/my_behavior_tree_msgs/cmake/my_behavior_tree_msgsConfig-version.cmake
-- Symlinking: /home/etri/bt_tutorials/install/my_behavior_tree_msgs/share/my_behavior_tree_msgs/package.xml
-- Installing: /home/etri/bt_tutorials/install/my_behavior_tree_msgs/lib/libmy_behavior_tree_msgs__rosidl_generator_c.so
-- Set runtime path of "/home/etri/bt_tutorials/install/my_behavior_tree_msgs/lib/libmy_behavior_tree_msgs__rosidl_generator_c.so" to ""
-- Installing: /home/etri/bt_tutorials/install/my_behavior_tree_msgs/lib/libmy_behavior_tree_msgs__rosidl_typesupport_fastrtps_c.so
-- Set runtime path of "/home/etri/bt_tutorials/install/my_behavior_tree_msgs/lib/libmy_behavior_tree_msgs__rosidl_typesupport_fastrtps_c.so" to ""
-- Installing: /home/etri/bt_tutorials/install/my_behavior_tree_msgs/lib/libmy_behavior_tree_msgs__rosidl_typesupport_introspection_c.so
-- Set runtime path of "/home/etri/bt_tutorials/install/my_behavior_tree_msgs/lib/libmy_behavior_tree_msgs__rosidl_typesupport_introspection_c.so" to ""
-- Installing: /home/etri/bt_tutorials/install/my_behavior_tree_msgs/lib/libmy_behavior_tree_msgs__rosidl_typesupport_c.so
-- Set runtime path of "/home/etri/bt_tutorials/install/my_behavior_tree_msgs/lib/libmy_behavior_tree_msgs__rosidl_typesupport_c.so" to ""
-- Installing: /home/etri/bt_tutorials/install/my_behavior_tree_msgs/lib/libmy_behavior_tree_msgs__rosidl_typesupport_fastrtps_cpp.so
-- Set runtime path of "/home/etri/bt_tutorials/install/my_behavior_tree_msgs/lib/libmy_behavior_tree_msgs__rosidl_typesupport_fastrtps_cpp.so" to ""
-- Installing: /home/etri/bt_tutorials/install/my_behavior_tree_msgs/lib/libmy_behavior_tree_msgs__rosidl_typesupport_introspection_cpp.so
-- Set runtime path of "/home/etri/bt_tutorials/install/my_behavior_tree_msgs/lib/libmy_behavior_tree_msgs__rosidl_typesupport_introspection_cpp.so" to ""
-- Installing: /home/etri/bt_tutorials/install/my_behavior_tree_msgs/lib/libmy_behavior_tree_msgs__rosidl_typesupport_cpp.so
-- Set runtime path of "/home/etri/bt_tutorials/install/my_behavior_tree_msgs/lib/libmy_behavior_tree_msgs__rosidl_typesupport_cpp.so" to ""
Listing '/home/etri/bt_tutorials/install/my_behavior_tree_msgs/local/lib/python3.10/dist-packages/my_behavior_tree_msgs'...
Compiling '/home/etri/bt_tutorials/install/my_behavior_tree_msgs/local/lib/python3.10/dist-packages/my_behavior_tree_msgs/__init__.py'...
Listing '/home/etri/bt_tutorials/install/my_behavior_tree_msgs/local/lib/python3.10/dist-packages/my_behavior_tree_msgs/msg'...
Compiling '/home/etri/bt_tutorials/install/my_behavior_tree_msgs/local/lib/python3.10/dist-packages/my_behavior_tree_msgs/msg/__init__.py'...
Compiling '/home/etri/bt_tutorials/install/my_behavior_tree_msgs/local/lib/python3.10/dist-packages/my_behavior_tree_msgs/msg/_pos_error.py'...
-- Installing: /home/etri/bt_tutorials/install/my_behavior_tree_msgs/lib/libmy_behavior_tree_msgs__rosidl_generator_py.so
-- Set runtime path of "/home/etri/bt_tutorials/install/my_behavior_tree_msgs/lib/libmy_behavior_tree_msgs__rosidl_generator_py.so" to ""
-- Installing: /home/etri/bt_tutorials/install/my_behavior_tree_msgs/share/my_behavior_tree_msgs/cmake/export_my_behavior_tree_msgs__rosidl_generator_cExport.cmake
-- Installing: /home/etri/bt_tutorials/install/my_behavior_tree_msgs/share/my_behavior_tree_msgs/cmake/export_my_behavior_tree_msgs__rosidl_generator_cExport-noconfig.cmake
-- Installing: /home/etri/bt_tutorials/install/my_behavior_tree_msgs/share/my_behavior_tree_msgs/cmake/export_my_behavior_tree_msgs__rosidl_typesupport_fastrtps_cExport.cmake
-- Installing: /home/etri/bt_tutorials/install/my_behavior_tree_msgs/share/my_behavior_tree_msgs/cmake/export_my_behavior_tree_msgs__rosidl_typesupport_fastrtps_cExport-noconfig.cmake
-- Installing: /home/etri/bt_tutorials/install/my_behavior_tree_msgs/share/my_behavior_tree_msgs/cmake/my_behavior_tree_msgs__rosidl_typesupport_introspection_cExport.cmake
-- Installing: /home/etri/bt_tutorials/install/my_behavior_tree_msgs/share/my_behavior_tree_msgs/cmake/my_behavior_tree_msgs__rosidl_typesupport_introspection_cExport-noconfig.cmake
-- Installing: /home/etri/bt_tutorials/install/my_behavior_tree_msgs/share/my_behavior_tree_msgs/cmake/my_behavior_tree_msgs__rosidl_typesupport_cExport.cmake
-- Installing: /home/etri/bt_tutorials/install/my_behavior_tree_msgs/share/my_behavior_tree_msgs/cmake/my_behavior_tree_msgs__rosidl_typesupport_cExport-noconfig.cmake
-- Installing: /home/etri/bt_tutorials/install/my_behavior_tree_msgs/share/my_behavior_tree_msgs/cmake/export_my_behavior_tree_msgs__rosidl_generator_cppExport.cmake
-- Installing: /home/etri/bt_tutorials/install/my_behavior_tree_msgs/share/my_behavior_tree_msgs/cmake/export_my_behavior_tree_msgs__rosidl_typesupport_fastrtps_cppExport.cmake
-- Installing: /home/etri/bt_tutorials/install/my_behavior_tree_msgs/share/my_behavior_tree_msgs/cmake/export_my_behavior_tree_msgs__rosidl_typesupport_fastrtps_cppExport-noconfig.cmake
-- Installing: /home/etri/bt_tutorials/install/my_behavior_tree_msgs/share/my_behavior_tree_msgs/cmake/my_behavior_tree_msgs__rosidl_typesupport_introspection_cppExport.cmake
-- Installing: /home/etri/bt_tutorials/install/my_behavior_tree_msgs/share/my_behavior_tree_msgs/cmake/my_behavior_tree_msgs__rosidl_typesupport_introspection_cppExport-noconfig.cmake
-- Installing: /home/etri/bt_tutorials/install/my_behavior_tree_msgs/share/my_behavior_tree_msgs/cmake/my_behavior_tree_msgs__rosidl_typesupport_cppExport.cmake
-- Installing: /home/etri/bt_tutorials/install/my_behavior_tree_msgs/share/my_behavior_tree_msgs/cmake/my_behavior_tree_msgs__rosidl_typesupport_cppExport-noconfig.cmake
-- Installing: /home/etri/bt_tutorials/install/my_behavior_tree_msgs/share/my_behavior_tree_msgs/cmake/export_my_behavior_tree_msgs__rosidl_generator_pyExport.cmake
-- Installing: /home/etri/bt_tutorials/install/my_behavior_tree_msgs/share/my_behavior_tree_msgs/cmake/export_my_behavior_tree_msgs__rosidl_generator_pyExport-noconfig.cmake
