[0.157s] Invoking command in '/home/etri/bt_tutorials/build/my_behavior_tree_msgs': CMAKE_PREFIX_PATH=/home/etri/bt_tutorials/install/py_trees_ros_viewer:/home/etri/bt_tutorials/install/my_behavior_tree:/opt/ros/humble /usr/bin/cmake /home/etri/bt_tutorials/src/my_behavior_tree_msgs -DAMENT_CMAKE_SYMLINK_INSTALL=1 -DCMAKE_INSTALL_PREFIX=/home/etri/bt_tutorials/install/my_behavior_tree_msgs
[0.167s] -- Found ament_cmake: 1.3.11 (/opt/ros/humble/share/ament_cmake/cmake)
[0.241s] -- Override CMake install command with custom implementation using symlinks instead of copying resources
[0.245s] -- Found rosidl_default_generators: 1.2.0 (/opt/ros/humble/share/rosidl_default_generators/cmake)
[0.246s] -- Using all available rosidl_typesupport_c: rosidl_typesupport_fastrtps_c;rosidl_typesupport_introspection_c
[0.247s] -- Found rosidl_adapter: 3.1.6 (/opt/ros/humble/share/rosidl_adapter/cmake)
[0.263s] -- Using all available rosidl_typesupport_cpp: rosidl_typesupport_fastrtps_cpp;rosidl_typesupport_introspection_cpp
[0.454s] -- Found ament_cmake_ros: 0.10.0 (/opt/ros/humble/share/ament_cmake_ros/cmake)
[0.593s] -- Using all available rosidl_typesupport_c: rosidl_typesupport_fastrtps_c;rosidl_typesupport_introspection_c
[0.765s] -- Using all available rosidl_typesupport_cpp: rosidl_typesupport_fastrtps_cpp;rosidl_typesupport_introspection_cpp
[0.780s] -- Found PythonInterp: /usr/bin/python3 (found suitable version "3.10.12", minimum required is "3.6") 
[0.781s] -- Found python_cmake_module: 0.10.0 (/opt/ros/humble/share/python_cmake_module/cmake)
[0.804s] -- Found PythonLibs: /usr/lib/x86_64-linux-gnu/libpython3.10.so (found suitable version "3.10.12", minimum required is "3.5") 
[0.805s] -- Using PYTHON_EXECUTABLE: /usr/bin/python3
[0.805s] -- Using PYTHON_INCLUDE_DIRS: /usr/include/python3.10
[0.805s] -- Using PYTHON_LIBRARIES: /usr/lib/x86_64-linux-gnu/libpython3.10.so
[0.819s] -- Found PythonExtra: .so  
[0.848s] -- Found ament_lint_auto: 0.12.11 (/opt/ros/humble/share/ament_lint_auto/cmake)
[0.873s] -- Added test 'lint_cmake' to check CMake code style
[0.874s] -- Added test 'xmllint' to check XML markup files
[0.878s] -- Configuring done
[0.896s] -- Generating done
[0.901s] -- Build files have been written to: /home/etri/bt_tutorials/build/my_behavior_tree_msgs
[0.906s] Invoked command in '/home/etri/bt_tutorials/build/my_behavior_tree_msgs' returned '0': CMAKE_PREFIX_PATH=/home/etri/bt_tutorials/install/py_trees_ros_viewer:/home/etri/bt_tutorials/install/my_behavior_tree:/opt/ros/humble /usr/bin/cmake /home/etri/bt_tutorials/src/my_behavior_tree_msgs -DAMENT_CMAKE_SYMLINK_INSTALL=1 -DCMAKE_INSTALL_PREFIX=/home/etri/bt_tutorials/install/my_behavior_tree_msgs
[0.908s] Invoking command in '/home/etri/bt_tutorials/build/my_behavior_tree_msgs': CMAKE_PREFIX_PATH=/home/etri/bt_tutorials/install/py_trees_ros_viewer:/home/etri/bt_tutorials/install/my_behavior_tree:/opt/ros/humble /usr/bin/cmake --build /home/etri/bt_tutorials/build/my_behavior_tree_msgs -- -j12 -l12
[0.940s] [  3%] [34m[1mGenerating C code for ROS interfaces[0m
[0.948s] [  6%] [34m[1mGenerating C++ code for ROS interfaces[0m
[0.954s] [  6%] Built target ament_cmake_python_symlink_my_behavior_tree_msgs
[1.087s] [  9%] [32mBuilding C object CMakeFiles/my_behavior_tree_msgs__rosidl_generator_c.dir/rosidl_generator_c/my_behavior_tree_msgs/msg/detail/pos_error__functions.c.o[0m
[1.095s] running egg_info
[1.095s] creating my_behavior_tree_msgs.egg-info
[1.095s] writing my_behavior_tree_msgs.egg-info/PKG-INFO
[1.095s] writing dependency_links to my_behavior_tree_msgs.egg-info/dependency_links.txt
[1.095s] writing top-level names to my_behavior_tree_msgs.egg-info/top_level.txt
[1.095s] writing manifest file 'my_behavior_tree_msgs.egg-info/SOURCES.txt'
[1.096s] reading manifest file 'my_behavior_tree_msgs.egg-info/SOURCES.txt'
[1.096s] writing manifest file 'my_behavior_tree_msgs.egg-info/SOURCES.txt'
[1.115s] [  9%] Built target ament_cmake_python_build_my_behavior_tree_msgs_egg
[1.123s] [  9%] Built target my_behavior_tree_msgs__cpp
[1.133s] [ 16%] [34m[1mGenerating C++ introspection for ROS interfaces[0m
[1.133s] [ 16%] [34m[1mGenerating C++ type support for eProsima Fast-RTPS[0m
[1.134s] [ 19%] [34m[1mGenerating C++ type support dispatch for ROS interfaces[0m
[1.141s] [ 22%] [32m[1mLinking C shared library libmy_behavior_tree_msgs__rosidl_generator_c.so[0m
[1.174s] [ 22%] Built target my_behavior_tree_msgs__rosidl_generator_c
[1.182s] [ 25%] [34m[1mGenerating C introspection for ROS interfaces[0m
[1.182s] [ 32%] [34m[1mGenerating C type support dispatch for ROS interfaces[0m
[1.183s] [ 32%] [34m[1mGenerating C type support for eProsima Fast-RTPS[0m
[1.279s] [ 35%] [32mBuilding CXX object CMakeFiles/my_behavior_tree_msgs__rosidl_typesupport_introspection_cpp.dir/rosidl_typesupport_introspection_cpp/my_behavior_tree_msgs/msg/detail/pos_error__type_support.cpp.o[0m
[1.290s] [ 38%] [32mBuilding CXX object CMakeFiles/my_behavior_tree_msgs__rosidl_typesupport_cpp.dir/rosidl_typesupport_cpp/my_behavior_tree_msgs/msg/pos_error__type_support.cpp.o[0m
[1.307s] [ 41%] [32mBuilding CXX object CMakeFiles/my_behavior_tree_msgs__rosidl_typesupport_fastrtps_cpp.dir/rosidl_typesupport_fastrtps_cpp/my_behavior_tree_msgs/msg/detail/dds_fastrtps/pos_error__type_support.cpp.o[0m
[1.324s] [ 45%] [32mBuilding C object CMakeFiles/my_behavior_tree_msgs__rosidl_typesupport_introspection_c.dir/rosidl_typesupport_introspection_c/my_behavior_tree_msgs/msg/detail/pos_error__type_support.c.o[0m
[1.335s] [ 48%] [32mBuilding CXX object CMakeFiles/my_behavior_tree_msgs__rosidl_typesupport_c.dir/rosidl_typesupport_c/my_behavior_tree_msgs/msg/pos_error__type_support.cpp.o[0m
[1.351s] [ 51%] [32m[1mLinking C shared library libmy_behavior_tree_msgs__rosidl_typesupport_introspection_c.so[0m
[1.352s] [ 54%] [32mBuilding CXX object CMakeFiles/my_behavior_tree_msgs__rosidl_typesupport_fastrtps_c.dir/rosidl_typesupport_fastrtps_c/my_behavior_tree_msgs/msg/detail/pos_error__type_support_c.cpp.o[0m
[1.361s] [ 58%] [32m[1mLinking CXX shared library libmy_behavior_tree_msgs__rosidl_typesupport_c.so[0m
[1.379s] [ 58%] Built target my_behavior_tree_msgs__rosidl_typesupport_introspection_c
[1.398s] [ 58%] Built target my_behavior_tree_msgs__rosidl_typesupport_c
[1.471s] [ 61%] [32m[1mLinking CXX shared library libmy_behavior_tree_msgs__rosidl_typesupport_cpp.so[0m
[1.510s] [ 61%] Built target my_behavior_tree_msgs__rosidl_typesupport_cpp
[1.525s] [ 64%] [32m[1mLinking CXX shared library libmy_behavior_tree_msgs__rosidl_typesupport_fastrtps_cpp.so[0m
[1.534s] [ 67%] [32m[1mLinking CXX shared library libmy_behavior_tree_msgs__rosidl_typesupport_fastrtps_c.so[0m
[1.549s] [ 70%] [32m[1mLinking CXX shared library libmy_behavior_tree_msgs__rosidl_typesupport_introspection_cpp.so[0m
[1.583s] [ 70%] Built target my_behavior_tree_msgs__rosidl_typesupport_introspection_cpp
[1.588s] [ 70%] Built target my_behavior_tree_msgs__rosidl_typesupport_fastrtps_cpp
[1.589s] [ 70%] Built target my_behavior_tree_msgs__rosidl_typesupport_fastrtps_c
[1.604s] [ 70%] Built target my_behavior_tree_msgs
[1.618s] [ 74%] [34m[1mGenerating Python code for ROS interfaces[0m
[1.761s] [ 74%] Built target my_behavior_tree_msgs__py
[1.776s] [ 77%] [32mBuilding C object CMakeFiles/my_behavior_tree_msgs__rosidl_generator_py.dir/rosidl_generator_py/my_behavior_tree_msgs/msg/_pos_error_s.c.o[0m
[1.849s] [ 80%] [32m[1mLinking C shared library rosidl_generator_py/my_behavior_tree_msgs/libmy_behavior_tree_msgs__rosidl_generator_py.so[0m
[1.880s] [ 80%] Built target my_behavior_tree_msgs__rosidl_generator_py
[1.895s] [ 83%] [32mBuilding C object CMakeFiles/my_behavior_tree_msgs__rosidl_typesupport_fastrtps_c__pyext.dir/rosidl_generator_py/my_behavior_tree_msgs/_my_behavior_tree_msgs_s.ep.rosidl_typesupport_fastrtps_c.c.o[0m
[1.896s] [ 87%] [32mBuilding C object CMakeFiles/my_behavior_tree_msgs__rosidl_typesupport_introspection_c__pyext.dir/rosidl_generator_py/my_behavior_tree_msgs/_my_behavior_tree_msgs_s.ep.rosidl_typesupport_introspection_c.c.o[0m
[1.898s] [ 90%] [32mBuilding C object CMakeFiles/my_behavior_tree_msgs__rosidl_typesupport_c__pyext.dir/rosidl_generator_py/my_behavior_tree_msgs/_my_behavior_tree_msgs_s.ep.rosidl_typesupport_c.c.o[0m
[1.948s] [ 93%] [32m[1mLinking C shared library rosidl_generator_py/my_behavior_tree_msgs/my_behavior_tree_msgs_s__rosidl_typesupport_introspection_c.cpython-310-x86_64-linux-gnu.so[0m
[1.952s] [ 96%] [32m[1mLinking C shared library rosidl_generator_py/my_behavior_tree_msgs/my_behavior_tree_msgs_s__rosidl_typesupport_fastrtps_c.cpython-310-x86_64-linux-gnu.so[0m
[1.962s] [100%] [32m[1mLinking C shared library rosidl_generator_py/my_behavior_tree_msgs/my_behavior_tree_msgs_s__rosidl_typesupport_c.cpython-310-x86_64-linux-gnu.so[0m
[1.976s] [100%] Built target my_behavior_tree_msgs__rosidl_typesupport_fastrtps_c__pyext
[1.976s] [100%] Built target my_behavior_tree_msgs__rosidl_typesupport_introspection_c__pyext
[1.989s] [100%] Built target my_behavior_tree_msgs__rosidl_typesupport_c__pyext
[1.997s] Invoked command in '/home/etri/bt_tutorials/build/my_behavior_tree_msgs' returned '0': CMAKE_PREFIX_PATH=/home/etri/bt_tutorials/install/py_trees_ros_viewer:/home/etri/bt_tutorials/install/my_behavior_tree:/opt/ros/humble /usr/bin/cmake --build /home/etri/bt_tutorials/build/my_behavior_tree_msgs -- -j12 -l12
[2.005s] Invoking command in '/home/etri/bt_tutorials/build/my_behavior_tree_msgs': CMAKE_PREFIX_PATH=/home/etri/bt_tutorials/install/py_trees_ros_viewer:/home/etri/bt_tutorials/install/my_behavior_tree:/opt/ros/humble /usr/bin/cmake --install /home/etri/bt_tutorials/build/my_behavior_tree_msgs
[2.011s] -- Install configuration: ""
[2.011s] -- Execute custom install script
[2.011s] -- Symlinking: /home/etri/bt_tutorials/install/my_behavior_tree_msgs/share/ament_index/resource_index/rosidl_interfaces/my_behavior_tree_msgs
[2.017s] -- Symlinking: /home/etri/bt_tutorials/install/my_behavior_tree_msgs/include/my_behavior_tree_msgs/my_behavior_tree_msgs/msg/detail/pos_error__functions.h
[2.023s] -- Symlinking: /home/etri/bt_tutorials/install/my_behavior_tree_msgs/include/my_behavior_tree_msgs/my_behavior_tree_msgs/msg/detail/pos_error__struct.h
[2.029s] -- Symlinking: /home/etri/bt_tutorials/install/my_behavior_tree_msgs/include/my_behavior_tree_msgs/my_behavior_tree_msgs/msg/detail/pos_error__type_support.h
[2.035s] -- Symlinking: /home/etri/bt_tutorials/install/my_behavior_tree_msgs/include/my_behavior_tree_msgs/my_behavior_tree_msgs/msg/pos_error.h
[2.043s] -- Symlinking: /home/etri/bt_tutorials/install/my_behavior_tree_msgs/include/my_behavior_tree_msgs/my_behavior_tree_msgs/msg/rosidl_generator_c__visibility_control.h
[2.050s] -- Symlinking: /home/etri/bt_tutorials/install/my_behavior_tree_msgs/share/my_behavior_tree_msgs/environment/library_path.sh
[2.057s] -- Symlinking: /home/etri/bt_tutorials/install/my_behavior_tree_msgs/share/my_behavior_tree_msgs/environment/library_path.dsv
[2.065s] -- Symlinking: /home/etri/bt_tutorials/install/my_behavior_tree_msgs/include/my_behavior_tree_msgs/my_behavior_tree_msgs/msg/detail/pos_error__rosidl_typesupport_fastrtps_c.h
[2.072s] -- Symlinking: /home/etri/bt_tutorials/install/my_behavior_tree_msgs/include/my_behavior_tree_msgs/my_behavior_tree_msgs/msg/rosidl_typesupport_fastrtps_c__visibility_control.h
[2.079s] -- Symlinking: /home/etri/bt_tutorials/install/my_behavior_tree_msgs/include/my_behavior_tree_msgs/my_behavior_tree_msgs/msg/detail/pos_error__rosidl_typesupport_introspection_c.h
[2.085s] -- Symlinking: /home/etri/bt_tutorials/install/my_behavior_tree_msgs/include/my_behavior_tree_msgs/my_behavior_tree_msgs/msg/rosidl_typesupport_introspection_c__visibility_control.h
[2.092s] -- Symlinking: /home/etri/bt_tutorials/install/my_behavior_tree_msgs/include/my_behavior_tree_msgs/my_behavior_tree_msgs/msg/detail/pos_error__builder.hpp
[2.098s] -- Symlinking: /home/etri/bt_tutorials/install/my_behavior_tree_msgs/include/my_behavior_tree_msgs/my_behavior_tree_msgs/msg/detail/pos_error__struct.hpp
[2.105s] -- Symlinking: /home/etri/bt_tutorials/install/my_behavior_tree_msgs/include/my_behavior_tree_msgs/my_behavior_tree_msgs/msg/detail/pos_error__traits.hpp
[2.112s] -- Symlinking: /home/etri/bt_tutorials/install/my_behavior_tree_msgs/include/my_behavior_tree_msgs/my_behavior_tree_msgs/msg/detail/pos_error__type_support.hpp
[2.118s] -- Symlinking: /home/etri/bt_tutorials/install/my_behavior_tree_msgs/include/my_behavior_tree_msgs/my_behavior_tree_msgs/msg/pos_error.hpp
[2.126s] -- Symlinking: /home/etri/bt_tutorials/install/my_behavior_tree_msgs/include/my_behavior_tree_msgs/my_behavior_tree_msgs/msg/rosidl_generator_cpp__visibility_control.hpp
[2.133s] -- Symlinking: /home/etri/bt_tutorials/install/my_behavior_tree_msgs/include/my_behavior_tree_msgs/my_behavior_tree_msgs/msg/detail/pos_error__rosidl_typesupport_fastrtps_cpp.hpp
[2.141s] -- Symlinking: /home/etri/bt_tutorials/install/my_behavior_tree_msgs/include/my_behavior_tree_msgs/my_behavior_tree_msgs/msg/rosidl_typesupport_fastrtps_cpp__visibility_control.h
[2.147s] -- Symlinking: /home/etri/bt_tutorials/install/my_behavior_tree_msgs/include/my_behavior_tree_msgs/my_behavior_tree_msgs/msg/detail/pos_error__rosidl_typesupport_introspection_cpp.hpp
[2.154s] -- Symlinking: /home/etri/bt_tutorials/install/my_behavior_tree_msgs/share/my_behavior_tree_msgs/environment/pythonpath.sh
[2.162s] -- Symlinking: /home/etri/bt_tutorials/install/my_behavior_tree_msgs/share/my_behavior_tree_msgs/environment/pythonpath.dsv
[2.168s] -- Symlinking: /home/etri/bt_tutorials/install/my_behavior_tree_msgs/local/lib/python3.10/dist-packages/my_behavior_tree_msgs-0.0.0-py3.10.egg-info/PKG-INFO
[2.176s] -- Symlinking: /home/etri/bt_tutorials/install/my_behavior_tree_msgs/local/lib/python3.10/dist-packages/my_behavior_tree_msgs-0.0.0-py3.10.egg-info/SOURCES.txt
[2.184s] -- Symlinking: /home/etri/bt_tutorials/install/my_behavior_tree_msgs/local/lib/python3.10/dist-packages/my_behavior_tree_msgs-0.0.0-py3.10.egg-info/dependency_links.txt
[2.190s] -- Symlinking: /home/etri/bt_tutorials/install/my_behavior_tree_msgs/local/lib/python3.10/dist-packages/my_behavior_tree_msgs-0.0.0-py3.10.egg-info/top_level.txt
[2.196s] -- Symlinking: /home/etri/bt_tutorials/install/my_behavior_tree_msgs/local/lib/python3.10/dist-packages/my_behavior_tree_msgs/__init__.py
[2.203s] -- Symlinking: /home/etri/bt_tutorials/install/my_behavior_tree_msgs/local/lib/python3.10/dist-packages/my_behavior_tree_msgs/_my_behavior_tree_msgs_s.ep.rosidl_typesupport_c.c
[2.208s] -- Symlinking: /home/etri/bt_tutorials/install/my_behavior_tree_msgs/local/lib/python3.10/dist-packages/my_behavior_tree_msgs/_my_behavior_tree_msgs_s.ep.rosidl_typesupport_fastrtps_c.c
[2.216s] -- Symlinking: /home/etri/bt_tutorials/install/my_behavior_tree_msgs/local/lib/python3.10/dist-packages/my_behavior_tree_msgs/_my_behavior_tree_msgs_s.ep.rosidl_typesupport_introspection_c.c
[2.222s] -- Symlinking: /home/etri/bt_tutorials/install/my_behavior_tree_msgs/local/lib/python3.10/dist-packages/my_behavior_tree_msgs/libmy_behavior_tree_msgs__rosidl_generator_py.so
[2.228s] -- Symlinking: /home/etri/bt_tutorials/install/my_behavior_tree_msgs/local/lib/python3.10/dist-packages/my_behavior_tree_msgs/msg/__init__.py
[2.234s] -- Symlinking: /home/etri/bt_tutorials/install/my_behavior_tree_msgs/local/lib/python3.10/dist-packages/my_behavior_tree_msgs/msg/_pos_error.py
[2.242s] -- Symlinking: /home/etri/bt_tutorials/install/my_behavior_tree_msgs/local/lib/python3.10/dist-packages/my_behavior_tree_msgs/msg/_pos_error_s.c
[2.250s] -- Symlinking: /home/etri/bt_tutorials/install/my_behavior_tree_msgs/local/lib/python3.10/dist-packages/my_behavior_tree_msgs/my_behavior_tree_msgs_s__rosidl_typesupport_c.cpython-310-x86_64-linux-gnu.so
[2.256s] -- Symlinking: /home/etri/bt_tutorials/install/my_behavior_tree_msgs/local/lib/python3.10/dist-packages/my_behavior_tree_msgs/my_behavior_tree_msgs_s__rosidl_typesupport_fastrtps_c.cpython-310-x86_64-linux-gnu.so
[2.264s] -- Symlinking: /home/etri/bt_tutorials/install/my_behavior_tree_msgs/local/lib/python3.10/dist-packages/my_behavior_tree_msgs/my_behavior_tree_msgs_s__rosidl_typesupport_introspection_c.cpython-310-x86_64-linux-gnu.so
[2.272s] -- Up-to-date symlink: /home/etri/bt_tutorials/install/my_behavior_tree_msgs/local/lib/python3.10/dist-packages/my_behavior_tree_msgs/my_behavior_tree_msgs_s__rosidl_typesupport_fastrtps_c.cpython-310-x86_64-linux-gnu.so
[2.273s] -- Up-to-date symlink: /home/etri/bt_tutorials/install/my_behavior_tree_msgs/local/lib/python3.10/dist-packages/my_behavior_tree_msgs/my_behavior_tree_msgs_s__rosidl_typesupport_introspection_c.cpython-310-x86_64-linux-gnu.so
[2.273s] -- Up-to-date symlink: /home/etri/bt_tutorials/install/my_behavior_tree_msgs/local/lib/python3.10/dist-packages/my_behavior_tree_msgs/my_behavior_tree_msgs_s__rosidl_typesupport_c.cpython-310-x86_64-linux-gnu.so
[2.273s] -- Symlinking: /home/etri/bt_tutorials/install/my_behavior_tree_msgs/share/my_behavior_tree_msgs/msg/PosError.idl
[2.281s] -- Symlinking: /home/etri/bt_tutorials/install/my_behavior_tree_msgs/share/my_behavior_tree_msgs/msg/PosError.msg
[2.288s] -- Symlinking: /home/etri/bt_tutorials/install/my_behavior_tree_msgs/share/ament_index/resource_index/package_run_dependencies/my_behavior_tree_msgs
[2.296s] -- Symlinking: /home/etri/bt_tutorials/install/my_behavior_tree_msgs/share/ament_index/resource_index/parent_prefix_path/my_behavior_tree_msgs
[2.302s] -- Symlinking: /home/etri/bt_tutorials/install/my_behavior_tree_msgs/share/my_behavior_tree_msgs/environment/ament_prefix_path.sh
[2.310s] -- Symlinking: /home/etri/bt_tutorials/install/my_behavior_tree_msgs/share/my_behavior_tree_msgs/environment/ament_prefix_path.dsv
[2.316s] -- Symlinking: /home/etri/bt_tutorials/install/my_behavior_tree_msgs/share/my_behavior_tree_msgs/environment/path.sh
[2.324s] -- Symlinking: /home/etri/bt_tutorials/install/my_behavior_tree_msgs/share/my_behavior_tree_msgs/environment/path.dsv
[2.330s] -- Symlinking: /home/etri/bt_tutorials/install/my_behavior_tree_msgs/share/my_behavior_tree_msgs/local_setup.bash
[2.336s] -- Symlinking: /home/etri/bt_tutorials/install/my_behavior_tree_msgs/share/my_behavior_tree_msgs/local_setup.sh
[2.344s] -- Symlinking: /home/etri/bt_tutorials/install/my_behavior_tree_msgs/share/my_behavior_tree_msgs/local_setup.zsh
[2.352s] -- Symlinking: /home/etri/bt_tutorials/install/my_behavior_tree_msgs/share/my_behavior_tree_msgs/local_setup.dsv
[2.359s] -- Symlinking: /home/etri/bt_tutorials/install/my_behavior_tree_msgs/share/my_behavior_tree_msgs/package.dsv
[2.366s] -- Symlinking: /home/etri/bt_tutorials/install/my_behavior_tree_msgs/share/ament_index/resource_index/packages/my_behavior_tree_msgs
[2.373s] -- Symlinking: /home/etri/bt_tutorials/install/my_behavior_tree_msgs/share/my_behavior_tree_msgs/cmake/rosidl_cmake-extras.cmake
[2.381s] -- Symlinking: /home/etri/bt_tutorials/install/my_behavior_tree_msgs/share/my_behavior_tree_msgs/cmake/ament_cmake_export_include_directories-extras.cmake
[2.388s] -- Symlinking: /home/etri/bt_tutorials/install/my_behavior_tree_msgs/share/my_behavior_tree_msgs/cmake/ament_cmake_export_libraries-extras.cmake
[2.395s] -- Symlinking: /home/etri/bt_tutorials/install/my_behavior_tree_msgs/share/my_behavior_tree_msgs/cmake/ament_cmake_export_targets-extras.cmake
[2.401s] -- Symlinking: /home/etri/bt_tutorials/install/my_behavior_tree_msgs/share/my_behavior_tree_msgs/cmake/rosidl_cmake_export_typesupport_targets-extras.cmake
[2.409s] -- Symlinking: /home/etri/bt_tutorials/install/my_behavior_tree_msgs/share/my_behavior_tree_msgs/cmake/ament_cmake_export_dependencies-extras.cmake
[2.416s] -- Symlinking: /home/etri/bt_tutorials/install/my_behavior_tree_msgs/share/my_behavior_tree_msgs/cmake/rosidl_cmake_export_typesupport_libraries-extras.cmake
[2.422s] -- Symlinking: /home/etri/bt_tutorials/install/my_behavior_tree_msgs/share/my_behavior_tree_msgs/cmake/my_behavior_tree_msgsConfig.cmake
[2.430s] -- Symlinking: /home/etri/bt_tutorials/install/my_behavior_tree_msgs/share/my_behavior_tree_msgs/cmake/my_behavior_tree_msgsConfig-version.cmake
[2.436s] -- Symlinking: /home/etri/bt_tutorials/install/my_behavior_tree_msgs/share/my_behavior_tree_msgs/package.xml
[2.442s] -- Installing: /home/etri/bt_tutorials/install/my_behavior_tree_msgs/lib/libmy_behavior_tree_msgs__rosidl_generator_c.so
[2.442s] -- Set runtime path of "/home/etri/bt_tutorials/install/my_behavior_tree_msgs/lib/libmy_behavior_tree_msgs__rosidl_generator_c.so" to ""
[2.443s] -- Installing: /home/etri/bt_tutorials/install/my_behavior_tree_msgs/lib/libmy_behavior_tree_msgs__rosidl_typesupport_fastrtps_c.so
[2.443s] -- Set runtime path of "/home/etri/bt_tutorials/install/my_behavior_tree_msgs/lib/libmy_behavior_tree_msgs__rosidl_typesupport_fastrtps_c.so" to ""
[2.443s] -- Installing: /home/etri/bt_tutorials/install/my_behavior_tree_msgs/lib/libmy_behavior_tree_msgs__rosidl_typesupport_introspection_c.so
[2.443s] -- Set runtime path of "/home/etri/bt_tutorials/install/my_behavior_tree_msgs/lib/libmy_behavior_tree_msgs__rosidl_typesupport_introspection_c.so" to ""
[2.443s] -- Installing: /home/etri/bt_tutorials/install/my_behavior_tree_msgs/lib/libmy_behavior_tree_msgs__rosidl_typesupport_c.so
[2.443s] -- Set runtime path of "/home/etri/bt_tutorials/install/my_behavior_tree_msgs/lib/libmy_behavior_tree_msgs__rosidl_typesupport_c.so" to ""
[2.443s] -- Installing: /home/etri/bt_tutorials/install/my_behavior_tree_msgs/lib/libmy_behavior_tree_msgs__rosidl_typesupport_fastrtps_cpp.so
[2.444s] -- Set runtime path of "/home/etri/bt_tutorials/install/my_behavior_tree_msgs/lib/libmy_behavior_tree_msgs__rosidl_typesupport_fastrtps_cpp.so" to ""
[2.444s] -- Installing: /home/etri/bt_tutorials/install/my_behavior_tree_msgs/lib/libmy_behavior_tree_msgs__rosidl_typesupport_introspection_cpp.so
[2.444s] -- Set runtime path of "/home/etri/bt_tutorials/install/my_behavior_tree_msgs/lib/libmy_behavior_tree_msgs__rosidl_typesupport_introspection_cpp.so" to ""
[2.444s] -- Installing: /home/etri/bt_tutorials/install/my_behavior_tree_msgs/lib/libmy_behavior_tree_msgs__rosidl_typesupport_cpp.so
[2.444s] -- Set runtime path of "/home/etri/bt_tutorials/install/my_behavior_tree_msgs/lib/libmy_behavior_tree_msgs__rosidl_typesupport_cpp.so" to ""
[2.476s] Listing '/home/etri/bt_tutorials/install/my_behavior_tree_msgs/local/lib/python3.10/dist-packages/my_behavior_tree_msgs'...
[2.476s] Compiling '/home/etri/bt_tutorials/install/my_behavior_tree_msgs/local/lib/python3.10/dist-packages/my_behavior_tree_msgs/__init__.py'...
[2.476s] Listing '/home/etri/bt_tutorials/install/my_behavior_tree_msgs/local/lib/python3.10/dist-packages/my_behavior_tree_msgs/msg'...
[2.476s] Compiling '/home/etri/bt_tutorials/install/my_behavior_tree_msgs/local/lib/python3.10/dist-packages/my_behavior_tree_msgs/msg/__init__.py'...
[2.476s] Compiling '/home/etri/bt_tutorials/install/my_behavior_tree_msgs/local/lib/python3.10/dist-packages/my_behavior_tree_msgs/msg/_pos_error.py'...
[2.478s] -- Installing: /home/etri/bt_tutorials/install/my_behavior_tree_msgs/lib/libmy_behavior_tree_msgs__rosidl_generator_py.so
[2.479s] -- Set runtime path of "/home/etri/bt_tutorials/install/my_behavior_tree_msgs/lib/libmy_behavior_tree_msgs__rosidl_generator_py.so" to ""
[2.479s] -- Installing: /home/etri/bt_tutorials/install/my_behavior_tree_msgs/share/my_behavior_tree_msgs/cmake/export_my_behavior_tree_msgs__rosidl_generator_cExport.cmake
[2.479s] -- Installing: /home/etri/bt_tutorials/install/my_behavior_tree_msgs/share/my_behavior_tree_msgs/cmake/export_my_behavior_tree_msgs__rosidl_generator_cExport-noconfig.cmake
[2.479s] -- Installing: /home/etri/bt_tutorials/install/my_behavior_tree_msgs/share/my_behavior_tree_msgs/cmake/export_my_behavior_tree_msgs__rosidl_typesupport_fastrtps_cExport.cmake
[2.479s] -- Installing: /home/etri/bt_tutorials/install/my_behavior_tree_msgs/share/my_behavior_tree_msgs/cmake/export_my_behavior_tree_msgs__rosidl_typesupport_fastrtps_cExport-noconfig.cmake
[2.479s] -- Installing: /home/etri/bt_tutorials/install/my_behavior_tree_msgs/share/my_behavior_tree_msgs/cmake/my_behavior_tree_msgs__rosidl_typesupport_introspection_cExport.cmake
[2.480s] -- Installing: /home/etri/bt_tutorials/install/my_behavior_tree_msgs/share/my_behavior_tree_msgs/cmake/my_behavior_tree_msgs__rosidl_typesupport_introspection_cExport-noconfig.cmake
[2.480s] -- Installing: /home/etri/bt_tutorials/install/my_behavior_tree_msgs/share/my_behavior_tree_msgs/cmake/my_behavior_tree_msgs__rosidl_typesupport_cExport.cmake
[2.480s] -- Installing: /home/etri/bt_tutorials/install/my_behavior_tree_msgs/share/my_behavior_tree_msgs/cmake/my_behavior_tree_msgs__rosidl_typesupport_cExport-noconfig.cmake
[2.480s] -- Installing: /home/etri/bt_tutorials/install/my_behavior_tree_msgs/share/my_behavior_tree_msgs/cmake/export_my_behavior_tree_msgs__rosidl_generator_cppExport.cmake
[2.480s] -- Installing: /home/etri/bt_tutorials/install/my_behavior_tree_msgs/share/my_behavior_tree_msgs/cmake/export_my_behavior_tree_msgs__rosidl_typesupport_fastrtps_cppExport.cmake
[2.480s] -- Installing: /home/etri/bt_tutorials/install/my_behavior_tree_msgs/share/my_behavior_tree_msgs/cmake/export_my_behavior_tree_msgs__rosidl_typesupport_fastrtps_cppExport-noconfig.cmake
[2.481s] -- Installing: /home/etri/bt_tutorials/install/my_behavior_tree_msgs/share/my_behavior_tree_msgs/cmake/my_behavior_tree_msgs__rosidl_typesupport_introspection_cppExport.cmake
[2.481s] -- Installing: /home/etri/bt_tutorials/install/my_behavior_tree_msgs/share/my_behavior_tree_msgs/cmake/my_behavior_tree_msgs__rosidl_typesupport_introspection_cppExport-noconfig.cmake
[2.481s] -- Installing: /home/etri/bt_tutorials/install/my_behavior_tree_msgs/share/my_behavior_tree_msgs/cmake/my_behavior_tree_msgs__rosidl_typesupport_cppExport.cmake
[2.481s] -- Installing: /home/etri/bt_tutorials/install/my_behavior_tree_msgs/share/my_behavior_tree_msgs/cmake/my_behavior_tree_msgs__rosidl_typesupport_cppExport-noconfig.cmake
[2.481s] -- Installing: /home/etri/bt_tutorials/install/my_behavior_tree_msgs/share/my_behavior_tree_msgs/cmake/export_my_behavior_tree_msgs__rosidl_generator_pyExport.cmake
[2.481s] -- Installing: /home/etri/bt_tutorials/install/my_behavior_tree_msgs/share/my_behavior_tree_msgs/cmake/export_my_behavior_tree_msgs__rosidl_generator_pyExport-noconfig.cmake
[2.484s] Invoked command in '/home/etri/bt_tutorials/build/my_behavior_tree_msgs' returned '0': CMAKE_PREFIX_PATH=/home/etri/bt_tutorials/install/py_trees_ros_viewer:/home/etri/bt_tutorials/install/my_behavior_tree:/opt/ros/humble /usr/bin/cmake --install /home/etri/bt_tutorials/build/my_behavior_tree_msgs
